A!FILM_NAME!CLASS!SUBCLASS!ROTATION!OFFSET_X!OFFSET_Y!UNDEFINED_LINE_WIDTH!SHAPE_BOUNDING_BOX!PLOT_MODE!FILM_MIRRORED!FULL_CONTACT_THERMAL_RELIEFS!SUPPRESS_UNCONNECTED_PADS!DRAW_MISSING_PAD_APERTURES!USE_APERTURE_ROTATION!SUPPRESS_SHAPE_FILL!VECTOR_BASED_PAD_BEHAVIOR!
J!Z:/cad/designs/uob-hep-pc069/hardware/Cadence/worklib/pc069b_toplevel/physical/pc069b_toplevel_16.brd!Aug 22 16:52:50 2023!426.2018!-315.1182!384.9302!-288.1258!4!millimeters!!!6!out of date!
S!PASTEMASK_TOP!VIA CLASS!PASTEMASK_TOP!0!0.0000!0.0000!0.2540!1.0000!positive!no!no!no!no!no!no!yes!
S!PASTEMASK_TOP!PIN!PASTEMASK_TOP!0!0.0000!0.0000!0.2540!1.0000!positive!no!no!no!no!no!no!yes!
S!PASTEMASK_TOP!PACKAGE GEOMETRY!PASTEMASK_TOP!0!0.0000!0.0000!0.2540!1.0000!positive!no!no!no!no!no!no!yes!
S!PASTEMASK_TOP!BOARD GEOMETRY!TEXT_ETP!0!0.0000!0.0000!0.2540!1.0000!positive!no!no!no!no!no!no!yes!
S!SILK_TOP!REF DES!SILKSCREEN_TOP!0!0.0000!0.0000!0.2540!1.0000!positive!no!no!no!no!no!no!yes!
S!SILK_TOP!PACKAGE GEOMETRY!SILKSCREEN_TOP!0!0.0000!0.0000!0.2540!1.0000!positive!no!no!no!no!no!no!yes!
S!SILK_TOP!BOARD GEOMETRY!SILKSCREEN_TOP!0!0.0000!0.0000!0.2540!1.0000!positive!no!no!no!no!no!no!yes!
S!SOLDERMASK_TOP!VIA CLASS!SOLDERMASK_TOP!0!0.0000!0.0000!0.2540!1.0000!positive!no!no!no!no!no!no!yes!
S!SOLDERMASK_TOP!PIN!SOLDERMASK_TOP!0!0.0000!0.0000!0.2540!1.0000!positive!no!no!no!no!no!no!yes!
S!SOLDERMASK_TOP!PACKAGE GEOMETRY!SOLDERMASK_TOP!0!0.0000!0.0000!0.2540!1.0000!positive!no!no!no!no!no!no!yes!
S!SOLDERMASK_TOP!BOARD GEOMETRY!SOLDERMASK_TOP!0!0.0000!0.0000!0.2540!1.0000!positive!no!no!no!no!no!no!yes!
S!SOLDERMASK_TOP!BOARD GEOMETRY!CART_TOP!0!0.0000!0.0000!0.2540!1.0000!positive!no!no!no!no!no!no!yes!
S!SOLDERMASK_TOP!BOARD GEOMETRY!OUTLINE50!0!0.0000!0.0000!0.2540!1.0000!positive!no!no!no!no!no!no!yes!
S!L1_TOP!VIA CLASS!TOP!0!0.0000!0.0000!0.2540!1.0000!positive!no!no!no!no!no!no!yes!
S!L1_TOP!PIN!TOP!0!0.0000!0.0000!0.2540!1.0000!positive!no!no!no!no!no!no!yes!
S!L1_TOP!ETCH!TOP!0!0.0000!0.0000!0.2540!1.0000!positive!no!no!no!no!no!no!yes!
S!L5_PWR!VIA CLASS!L5_PWR!0!0.0000!0.0000!0.2540!1.0000!positive!no!no!no!no!no!no!yes!
S!L5_PWR!PIN!L5_PWR!0!0.0000!0.0000!0.2540!1.0000!positive!no!no!no!no!no!no!yes!
S!L5_PWR!ETCH!L5_PWR!0!0.0000!0.0000!0.2540!1.0000!positive!no!no!no!no!no!no!yes!
S!L6_BOT!VIA CLASS!BOTTOM!0!0.0000!0.0000!0.2540!1.0000!positive!no!no!no!no!no!no!yes!
S!L6_BOT!PIN!BOTTOM!0!0.0000!0.0000!0.2540!1.0000!positive!no!no!no!no!no!no!yes!
S!L6_BOT!ETCH!BOTTOM!0!0.0000!0.0000!0.2540!1.0000!positive!no!no!no!no!no!no!yes!
S!SOLDERMASK_BOTTOM!VIA CLASS!SOLDERMASK_BOTTOM!0!0.0000!0.0000!0.2540!1.0000!positive!no!no!no!no!no!no!yes!
S!SOLDERMASK_BOTTOM!PIN!SOLDERMASK_BOTTOM!0!0.0000!0.0000!0.2540!1.0000!positive!no!no!no!no!no!no!yes!
S!SOLDERMASK_BOTTOM!PACKAGE GEOMETRY!SOLDERMASK_BOTTOM!0!0.0000!0.0000!0.2540!1.0000!positive!no!no!no!no!no!no!yes!
S!SOLDERMASK_BOTTOM!BOARD GEOMETRY!SOLDERMASK_BOTTOM!0!0.0000!0.0000!0.2540!1.0000!positive!no!no!no!no!no!no!yes!
S!SILK_BOT!REF DES!SILKSCREEN_BOTTOM!0!0.0000!0.0000!0.2540!1.0000!positive!no!no!no!no!no!no!yes!
S!SILK_BOT!PACKAGE GEOMETRY!SILKSCREEN_BOTTOM!0!0.0000!0.0000!0.2540!1.0000!positive!no!no!no!no!no!no!yes!
S!SILK_BOT!BOARD GEOMETRY!SILKSCREEN_BOTTOM!0!0.0000!0.0000!0.2540!1.0000!positive!no!no!no!no!no!no!yes!
S!PASTEMASK_BOTTOM!VIA CLASS!PASTEMASK_BOTTOM!0!0.0000!0.0000!0.2540!1.0000!positive!no!no!no!no!no!no!yes!
S!PASTEMASK_BOTTOM!PIN!PASTEMASK_BOTTOM!0!0.0000!0.0000!0.2540!1.0000!positive!no!no!no!no!no!no!yes!
S!PASTEMASK_BOTTOM!BOARD GEOMETRY!TEXT_EBP!0!0.0000!0.0000!0.2540!1.0000!positive!no!no!no!no!no!no!yes!
S!OUTLINE!BOARD GEOMETRY!DESIGN_OUTLINE!0!0.0000!0.0000!0.2540!1.0000!positive!no!no!no!no!no!no!yes!
S!DRILL-1-6!MANUFACTURING!NCLEGEND-1-6!0!0.0000!0.0000!0.2540!1.0000!positive!no!no!no!no!no!no!yes!
S!DRILL-1-6!DRAWING FORMAT!OUTLINE!0!0.0000!0.0000!0.2540!1.0000!positive!no!no!no!no!no!no!yes!
S!DRILL-1-6!DRAWING FORMAT!TITLE_BLOCK!0!0.0000!0.0000!0.2540!1.0000!positive!no!no!no!no!no!no!yes!
S!DRILL-1-6!DRAWING FORMAT!TITLE_DATA!0!0.0000!0.0000!0.2540!1.0000!positive!no!no!no!no!no!no!yes!
S!DRILL-1-6!DRAWING FORMAT!REVISION_BLOCK!0!0.0000!0.0000!0.2540!1.0000!positive!no!no!no!no!no!no!yes!
S!DRILL-1-6!DRAWING FORMAT!REVISION_DATA!0!0.0000!0.0000!0.2540!1.0000!positive!no!no!no!no!no!no!yes!
S!DRILL-1-6!BOARD GEOMETRY!DIMENSION!0!0.0000!0.0000!0.2540!1.0000!positive!no!no!no!no!no!no!yes!
S!DRILL-1-6!BOARD GEOMETRY!DESIGN_OUTLINE!0!0.0000!0.0000!0.2540!1.0000!positive!no!no!no!no!no!no!yes!
S!DRILL-1-6!BOARD GEOMETRY!CART_TOP!0!0.0000!0.0000!0.2540!1.0000!positive!no!no!no!no!no!no!yes!
S!L4_SIGN!ETCH!L4_SIGN!0!0.0000!0.0000!0.2540!2.5400!positive!no!no!no!no!no!no!yes!
S!L4_SIGN!PIN!L4_SIGN!0!0.0000!0.0000!0.2540!2.5400!positive!no!no!no!no!no!no!yes!
S!L4_SIGN!VIA CLASS!L4_SIGN!0!0.0000!0.0000!0.2540!2.5400!positive!no!no!no!no!no!no!yes!
S!L2_GND!VIA CLASS!L2_GND!0!0.0000!0.0000!0.0000!2.5400!positive!no!no!no!no!no!no!yes!
S!L2_GND!PIN!L2_GND!0!0.0000!0.0000!0.0000!2.5400!positive!no!no!no!no!no!no!yes!
S!L2_GND!ETCH!L2_GND!0!0.0000!0.0000!0.0000!2.5400!positive!no!no!no!no!no!no!yes!
S!L3_SIGN!VIA CLASS!L3_SIGN!0!0.0000!0.0000!0.0000!2.5400!positive!no!no!no!no!no!no!yes!
S!L3_SIGN!PIN!L3_SIGN!0!0.0000!0.0000!0.0000!2.5400!positive!no!no!no!no!no!no!yes!
S!L3_SIGN!ETCH!L3_SIGN!0!0.0000!0.0000!0.0000!2.5400!positive!no!no!no!no!no!no!yes!
