(---------------------------------------------------------------------)
(                                                                     )
(    Allegro Netrev Import Logic                                      )
(                                                                     )
(    Drawing          : pc069b_toplevel_18.brd                        )
(    Software Version : 23.1P001                                      )
(    Date/Time        : Tue Dec  3 15:35:25 2024                      )
(                                                                     )
(---------------------------------------------------------------------)


------ Directives ------------

Ripup etch:                  Yes
Ripup delete first segment:  No
Ripup retain bondwire:       No
Ripup symbols:               Always
Missing symbol has error:    No
DRC update:                  Yes
Schematic directory:         'C:\Users\phdgc\Downloads\uob-hep-pc069\hardware\Cadence\worklib\pc069c_toplevel\packaged'
Design Directory:            'C:/Users/phdgc/Downloads/uob-hep-pc069/hardware/Cadence/worklib/pc069c_toplevel/physical'
Old design name:             'C:/Users/phdgc/Downloads/uob-hep-pc069/hardware/Cadence/worklib/pc069c_toplevel/physical/pc069b_toplevel_18.brd'
New design name:             'C:/Users/phdgc/Downloads/uob-hep-pc069/hardware/Cadence/worklib/pc069c_toplevel/physical/pc069c_toplevel_19.brd'

CmdLine: netrev -proj C:\Users\phdgc\Downloads\uob-hep-pc069\hardware\Cadence\pc069c_toplevel.cpm -y 1 -x -z -O C:\Users\phdgc\Downloads\uob-hep-pc069\hardware\Cadence\worklib\pc069c_toplevel\physical\pc069b_toplevel_18.brd C:\Users\phdgc\Downloads\uob-hep-pc069\hardware\Cadence\worklib\pc069c_toplevel\physical\pc069c_toplevel_19.brd -q C:\Users\phdgc\Downloads\uob-hep-pc069\hardware\Cadence\temp\constraints_difference_report.xml -$

------ Preparing to read pst files ------

Starting to read C:/Users/phdgc/Downloads/uob-hep-pc069/hardware/Cadence/worklib/pc069c_toplevel/packaged/pstchip.dat 
   Finished reading C:/Users/phdgc/Downloads/uob-hep-pc069/hardware/Cadence/worklib/pc069c_toplevel/packaged/pstchip.dat (00:00:00.33)
Starting to read C:/Users/phdgc/Downloads/uob-hep-pc069/hardware/Cadence/worklib/pc069c_toplevel/packaged/pstxprt.dat 
   Finished reading C:/Users/phdgc/Downloads/uob-hep-pc069/hardware/Cadence/worklib/pc069c_toplevel/packaged/pstxprt.dat (00:00:00.00)
Starting to read C:/Users/phdgc/Downloads/uob-hep-pc069/hardware/Cadence/worklib/pc069c_toplevel/packaged/pstxnet.dat 
   Finished reading C:/Users/phdgc/Downloads/uob-hep-pc069/hardware/Cadence/worklib/pc069c_toplevel/packaged/pstxnet.dat (00:00:00.00)

------ Oversights/Warnings/Errors ------




===========================================================
Start Constraint Diff3 Import
	Constraint File:    C:/Users/phdgc/Downloads/uob-hep-pc069/hardware/Cadence/worklib/pc069c_toplevel/packaged/pstcmdb.dat
	Allegro Baseline:   C:/Users/phdgc/AppData/Local/Temp/#Taaaaaj17268.tmp
	Start time: Tue Dec  3 15:35:25 2024
===========================================================


The constraint difference report file can be viewed using the following command:
cdnFlowOOSMsg.exe -file file:///C:/Users/phdgc/Downloads/uob-hep-pc069/hardware/Cadence/temp/constraints_difference_report.xml

===========================================================
Finished Constraint Update	Time: Tue Dec  3 15:35:25 2024
===========================================================

------ Library Paths ------
MODULEPATH =  . 
           c:/cadence/spb_23.1/share/local/pcb/modules 

PSMPATH =  . 
           F:/cad/bris_cdslib/lib_psd14.x/symbols 
           F:/cad/cern_cdslib/lib_psd17.x/pe_allegro_lib/symbols/qfp 
           F:/cad/cern_cdslib/lib_psd17.x/pe_allegro_lib/symbols/connector 
           /projects/HEP_Instrumentation/cad/bris_cdslib/lib_psd14.x/symbols 
           /projects/HEP_Instrumentation/cad/bris_cdslib/lib_psd14.x/formats 
           /projects/HEP_Instrumentation/cad/cern_cdslib/lib_psd17.x/pe_allegro_lib/symbols/connector 
           /projects/HEP_Instrumentation/cad/cern_cdslib/lib_psd17.x/pe_allegro_lib/symbols/soic 
           /projects/HEP_Instrumentation/cad/cern_cdslib/lib_psd17.x/pe_allegro_lib/symbols/discrete 
           /projects/HEP_Instrumentation/cad/cern_cdslib/lib_psd17.x/pe_allegro_lib/symbols/dip 
           /projects/HEP_Instrumentation/cad/cern_cdslib/lib_psd17.x/pe_allegro_lib/symbols/so 
           /projects/HEP_Instrumentation/cad/cern_cdslib/lib_psd17.x/pe_allegro_lib/symbols/bga 
           /projects/HEP_Instrumentation/cad/cern_cdslib/lib_psd17.x/pe_allegro_lib/symbols/qfp 
           /projects/HEP_Instrumentation/cad/cern_cdslib/lib_psd17.x/pe_allegro_lib/symbols/passif 
           /projects/HEP_Instrumentation/cad/cern_cdslib/lib_psd17.x/pe_allegro_lib/symbols/cap 
           /projects/HEP_Instrumentation/cad/cern_cdslib/lib_psd17.x/pe_allegro_lib/symbols/led 
           /projects/HEP_Instrumentation/cad/cern_cdslib/lib_psd17.x/pe_allegro_lib/symbols/rel 
           /projects/HEP_Instrumentation/cad/ral_cdslib/lib_psd15.x/symbols 
           /projects/HEP_Instrumentation/cad/cern_cdslib/lib_psd17.x/pe_allegro_lib/symbols/sw 
           /projects/HEP_Instrumentation/cad/cern_cdslib/lib_psd17.x/pe_allegro_lib/symbols/mec 
           /projects/HEP_Instrumentation/cad/cern_cdslib/lib_psd17.x/pe_allegro_lib/symbols/pwr 
           /projects/HEP_Instrumentation/cad/cern_cdslib/lib_psd17.x/pe_allegro_lib/symbols/res 
           /projects/HEP_Instrumentation/cad/cern_cdslib/lib_psd17.x/pe_allegro_lib/padstacks/mechanical 
           Z:/cad/bris_cdslib/lib_psd14.x/symbols 
           Z:/cad/bris_cdslib/lib_psd14.x/formats 
           Z:/cad/cern_cdslib/lib_psd17.x/pe_allegro_lib/symbols/connector 
           Z:/cad/cern_cdslib/lib_psd17.x/pe_allegro_lib/symbols/soic 
           Z:/cad/cern_cdslib/lib_psd17.x/pe_allegro_lib/symbols/discrete 
           Z:/cad/cern_cdslib/lib_psd17.x/pe_allegro_lib/symbols/dip 
           Z:/cad/cern_cdslib/lib_psd17.x/pe_allegro_lib/symbols/so 
           Z:/cad/cern_cdslib/lib_psd17.x/pe_allegro_lib/symbols/bga 
           Z:/cad/cern_cdslib/lib_psd17.x/pe_allegro_lib/symbols/cap 
           Z:/cad/cern_cdslib/lib_psd17.x/pe_allegro_lib/symbols/led 
           Z:/cad/cern_cdslib/lib_psd17.x/pe_allegro_lib/symbols/qfp 
           Z:/cad/cern_cdslib/lib_psd17.x/pe_allegro_lib/symbols/mec 
           C:/SPB_Data/cis_hep_partslib/Allegro_Library/symbols 
           C:/Users/phdgc/AppData/Roaming/SPB_Data/downloaded_parts/allegropcb 

PADPATH =  . 
           symbols 
           .. 
           ../symbols 
           /software/CAD/Cadence/SPB17.40.034/share/local/pcb/padstacks 
           /software/CAD/Cadence/SPB17.40.034/share/pcb/pcb_lib/symbols 
           /software/CAD/Cadence/SPB17.40.034/share/pcb/allegrolib/symbols 
           /projects/HEP_Instrumentation/cad/bris_cdslib/lib_psd14.x/pads 
           /projects/HEP_Instrumentation/cad/cern_cdslib/lib_psd17.x/pe_allegro_lib/padstacks/padstack_smd 
           /projects/HEP_Instrumentation/cad/cern_cdslib/lib_psd17.x/pe_allegro_lib/padstacks/padstack3 
           /projects/HEP_Instrumentation/cad/cern_cdslib/lib_psd17.x/pe_allegro_lib/padstacks/padstackm 
           /projects/HEP_Instrumentation/cad/ral_cdslib/lib_psd15.x/pads 
           ./symbols 
           /projects/HEP_Instrumentation/cad/cern_cdslib/lib_psd17.x/pe_allegro_lib/padstacks/mechanical 
           ../../../../cis_hep_partslib/cis_hep_partslib/Allegro_Library/pads/ 
           F:/cad/bris_cdslib/lib_psd14.x/pads 
           F:/cad/cern_cdslib/lib_psd17.x/pe_allegro_lib/padstacks/padstack_smd 
           F:/cad/cern_cdslib/lib_psd17.x/pe_allegro_lib/padstacks/padstack3 
           F:/cad/cern_cdslib/lib_psd17.x/pe_allegro_lib/padstacks/padstackm 
           F:/cad/cern_cdslib/lib_psd17.x/pe_allegro_lib/padstacks/mechanical 
           Z:/cad/cern_cdslib/lib_psd17.x/pe_allegro_lib/padstacks/padstack_smd 
           Z:/cad/cern_cdslib/lib_psd17.x/pe_allegro_lib/padstacks/padstack3 
           Z:/cad/cern_cdslib/lib_psd17.x/pe_allegro_lib/padstacks/padstackm 
           Z:/cad/cern_cdslib/lib_psd17.x/pe_allegro_lib/padstacks/mechanical 
           Z:/cad/bris_cdslib/lib_psd14.x/pads 
           C:/SPB_Data/cis_hep_partslib/Allegro_Library/pads 
           C:/Users/phdgc/AppData/Roaming/SPB_Data/downloaded_parts/allegropcb 
           Z:/cad/cern_cdslib/lib_psd17.x/pe_allegro_lib/padstacks/mechanical 


------ Summary Statistics ------


netrev run on Dec 3 15:35:24 2024
   DESIGN NAME : 'PC069C_TOPLEVEL'
   PACKAGING ON 03-Dec-2024 AT 15:35:00

   COMPILE 'logic'
   CHECK_PIN_NAMES OFF
   CROSS_REFERENCE OFF
   DIRECTORIES  <none>
   FEEDBACK OFF
   INCREMENTAL OFF
   INTERFACE_TYPE PHYSICAL
   LIBRARIES  'uob_hep_pc069_lib' 'cnstandard' 'cnpower' 'cnconnector'
              'cndiscrete' 'cninterface' 'cnlinear' 'cnmemory' 'cnspecial'
              'cnmech' 'cncmos' 'standard' 'bris_cds_standard' 'bris_cds_logic'
              'cnpassive' 'bris_cds_analogue' 'bris_cds_discrete'
              'bris_cds_connectors'
   MASTER_LIBRARIES  <none>
   MAX_ERRORS 500
   MERGE_MINIMUM 5
   NET_NAME_CHARS '#%&()*+-./:=>?@[]^_`|'
   NET_NAME_LENGTH 31
   OVERSIGHTS ON
   REPLACE_CHECK OFF
   SINGLE_NODE_NETS ON
   SPLIT_MINIMUM 0
   SUPPRESS   20
   WARNINGS ON

 No error detected
 No oversight detected
 No warning detected

cpu time      0:03:29
elapsed time  0:00:01

