A!NET_NAME_SORT!NET_NAME!NET_PHYSICAL_TYPE!NET_SPACING_TYPE!ELECTRICAL_CONSTRAINT_SET!NET_DIFFERENTIAL_PAIR!NET_STUB_LENGTH!NET_MAX_VIA_COUNT!NET_MIN_LINE_WIDTH!NET_MAX_PARALLEL!NET_IMPEDANCE_AVERAGE!NO_TEST!NET_IMPEDANCE_MINIMUM!NET_IMPEDANCE_MAXIMUM!
J!Z:/cad/designs/uob-hep-pc069/hardware/Cadence/worklib/pc069b_toplevel/physical/pc069b_toplevel_16.brd!Tue Aug 22 16:52:56 2023!-315.1182!-288.1258!426.2018!384.9302!0.0001!millimeters!PC069B_TOPLEVEL!63.444094 mil!6!UP TO DATE!
S!AVDD!AVDD!!!!!!!!!5.12 ohms!!3.43 ohms!70.29 ohms!
S!UNNAMED_2_RSMD0402_I314_A!UNNAMED_2_RSMD0402_I314_A!!!!!!!!!88.87 ohms!!88.87 ohms!88.87 ohms!
S!CLK0_M2C_P!CLK0_M2C_P!!!!CLK0_M2C!!!!!57.46 ohms!!56.58 ohms!83.65 ohms!
S!GPIO_IO3_P!GPIO_IO3_P!!!!GPIO_IO3!!!!!50.53 ohms!!33.24 ohms!66.68 ohms!
S!GPIO_IO3_N!GPIO_IO3_N!!!!GPIO_IO3!!!!!53.09 ohms!!52.72 ohms!66.68 ohms!
S!CLK1_M2C_P!CLK1_M2C_P!!!!FMC_REC_CLK!!!!!57.23 ohms!!56.58 ohms!66.68 ohms!
S!UNNAMED_11_RSMD0402_I313_A!UNNAMED_11_RSMD0402_I313_A!!!!!!!!!58.31 ohms!!45.58 ohms!66.68 ohms!
S!UNNAMED_11_RSMD0402_I312_A!UNNAMED_11_RSMD0402_I312_A!!!!!!!!!55.69 ohms!!41.30 ohms!66.68 ohms!
S!UNNAMED_11_CAPCERSMDCL2_I338_B!UNNAMED_11_CAPCERSMDCL2_I338_B!!!!!!!!!57.43 ohms!!41.30 ohms!66.68 ohms!
S!GPIO_IO2_P!GPIO_IO2_P!!!!PAR_DI!!!!!50.34 ohms!!29.08 ohms!66.68 ohms!
S!GPIO_IO2_N!GPIO_IO2_N!!!!PAR_DI!!!!!50.36 ohms!!29.08 ohms!66.68 ohms!
S!UNNAMED_11_LED1_I225_B!UNNAMED_11_LED1_I225_B!!!!!!!!!43.27 ohms!!32.49 ohms!66.68 ohms!
S!T_DIFF_UFL_CLK_P!T_DIFF_UFL_CLK_P!!!!PAR_CLKO!!!!!62.69 ohms!!61.46 ohms!74.40 ohms!
S!T_DIFF_UFL_CLK_N!T_DIFF_UFL_CLK_N!!!!PAR_CLKO!!!!!55.89 ohms!!29.25 ohms!74.40 ohms!
S!CLK_RSTB!CLK_RSTB!!!!!!!!!63.96 ohms!!41.30 ohms!66.68 ohms!
S!PLL_LOL*!PLL_LOL*!!!!!!!!!64.67 ohms!!61.17 ohms!66.68 ohms!
S!PLL_INTR*!PLL_INTR*!!!!!!!!!66.41 ohms!!61.46 ohms!66.68 ohms!
S!UNNAMED_3_CAPCERSMDCL2_I349_B!UNNAMED_3_CAPCERSMDCL2_I349_B!!!!!!!!!41.16 ohms!!29.48 ohms!66.68 ohms!
S!UNNAMED_3_CAPCERSMDCL2_I346_B!UNNAMED_3_CAPCERSMDCL2_I346_B!!!!!!!!!41.84 ohms!!29.48 ohms!66.68 ohms!
S!UNNAMED_3_CAPCERSMDCL2_I337_B!UNNAMED_3_CAPCERSMDCL2_I337_B!!!!!!!!!40.87 ohms!!29.48 ohms!66.68 ohms!
S!UNNAMED_3_CAPCERSMDCL2_I332_A!UNNAMED_3_CAPCERSMDCL2_I332_A!!!!!!!!!54.92 ohms!!41.30 ohms!66.68 ohms!
S!UNNAMED_3_CAPCERSMDCL2_I331_A!UNNAMED_3_CAPCERSMDCL2_I331_A!!!!!!!!!48.28 ohms!!39.81 ohms!66.68 ohms!
S!UNNAMED_3_CAPCERSMDCL2_I325_B!UNNAMED_3_CAPCERSMDCL2_I325_B!!!!!!!!!41.65 ohms!!29.48 ohms!66.68 ohms!
S!SFP2PLL_DATA_P!SFP2PLL_DATA_P!!!!SFP2PLL_DATA!!!!!58.02 ohms!!41.30 ohms!66.68 ohms!
S!SFP2PLL_DATA_N!SFP2PLL_DATA_N!!!!SFP2PLL_DATA!!!!!58.18 ohms!!41.30 ohms!66.68 ohms!
S!PLL_ZDM_CLK_P!PLL_ZDM_CLK_P!!!!PLL_ZDM_CLK!!!!!64.08 ohms!!41.30 ohms!83.65 ohms!
S!PLL_ZDM_CLK_N!PLL_ZDM_CLK_N!!!!PLL_ZDM_CLK!!!!!65.03 ohms!!41.30 ohms!83.65 ohms!
S!CLK0_M2C_N!CLK0_M2C_N!!!!CLK0_M2C!!!!!57.43 ohms!!56.58 ohms!83.65 ohms!
S!CLK0_C2M_P!CLK0_C2M_P!!!!F_FMC_CLK!!!!!49.64 ohms!!41.30 ohms!52.72 ohms!
S!CLK0_C2M_N!CLK0_C2M_N!!!!F_FMC_CLK!!!!!49.67 ohms!!41.30 ohms!52.72 ohms!
S!UNNAMED_5_PCOAX_I321_A!UNNAMED_5_PCOAX_I321_A!!!!!!!!!39.15 ohms!!29.48 ohms!66.68 ohms!
S!UNNAMED_5_PCOAX_I315_A!UNNAMED_5_PCOAX_I315_A!!!!!!!!!39.23 ohms!!29.48 ohms!66.68 ohms!
S!UNNAMED_5_PCOAX_I312_A!UNNAMED_5_PCOAX_I312_A!!!!!!!!!39.48 ohms!!29.48 ohms!66.68 ohms!
S!UNNAMED_5_ADCMP604_I294_!UNNAMED_5_ADCMP604_I294_!!!!!!!!!50.13 ohms!!41.30 ohms!66.68 ohms!
S!UNNAMED_5_ADCMP604_I285_!UNNAMED_5_ADCMP604_I285_!!!!!!!!!50.13 ohms!!41.30 ohms!66.68 ohms!
S!UNNAMED_5_74LCX04_I323_Y!UNNAMED_5_74LCX04_I323_Y!!!!!!!!!62.08 ohms!!54.16 ohms!66.68 ohms!
S!UNNAMED_5_74LCX04_I323_A!UNNAMED_5_74LCX04_I323_A!!!!!!!!!60.57 ohms!!39.81 ohms!66.68 ohms!
S!UNNAMED_5_74LCX04_I317_Y!UNNAMED_5_74LCX04_I317_Y!!!!!!!!!54.88 ohms!!29.48 ohms!66.68 ohms!
S!UNNAMED_5_74LCX04_I317_A!UNNAMED_5_74LCX04_I317_A!!!!!!!!!59.89 ohms!!39.81 ohms!66.68 ohms!
S!UNNAMED_5_74LCX04_I304_Y!UNNAMED_5_74LCX04_I304_Y!!!!!!!!!49.36 ohms!!29.48 ohms!66.68 ohms!
S!UNNAMED_4_RSMD0402_I123_A!UNNAMED_4_RSMD0402_I123_A!!!!!!!!!59.04 ohms!!41.98 ohms!66.68 ohms!
S!UNNAMED_11_RSMD0402_I233_B!UNNAMED_11_RSMD0402_I233_B!!!!!!!!!50.67 ohms!!41.30 ohms!66.68 ohms!
S!UNNAMED_11_RSMD0402_I232_B!UNNAMED_11_RSMD0402_I232_B!!!!!!!!!50.67 ohms!!41.30 ohms!66.68 ohms!
S!T_SFP_P!T_SFP_P!!!!SFP_DO!!!!!51.02 ohms!!41.30 ohms!52.72 ohms!
S!T_SFP_N!T_SFP_N!!!!SFP_DO!!!!!50.95 ohms!!41.30 ohms!52.72 ohms!
S!T_MCX_CLK 00000000!T_MCX_CLK0!!!!!!!!!50.99 ohms!!41.30 ohms!66.68 ohms!
S!CLK1_M2C_N!CLK1_M2C_N!!!!FMC_REC_CLK!!!!!57.15 ohms!!56.58 ohms!66.68 ohms!
S!M2C_SFP_DATA_P!M2C_SFP_DATA_P!!!!T_FMC!!!!!58.89 ohms!!41.30 ohms!66.68 ohms!
S!M2C_SFP_DATA_N!M2C_SFP_DATA_N!!!!T_FMC!!!!!59.64 ohms!!56.58 ohms!66.68 ohms!
S!C2M_SFP_DATA_P!C2M_SFP_DATA_P!!!!FFD_DI!!!!!56.66 ohms!!41.30 ohms!66.68 ohms!
S!C2M_SFP_DATA_N!C2M_SFP_DATA_N!!!!FFD_DI!!!!!57.37 ohms!!56.58 ohms!66.68 ohms!
S!T_FFD_CLK_P!T_FFD_CLK_P!!!!FFD_CLK!!!!!50.98 ohms!!41.30 ohms!66.68 ohms!
S!T_FFD_CLK_N!T_FFD_CLK_N!!!!FFD_CLK!!!!!51.12 ohms!!41.30 ohms!66.68 ohms!
S!S_GPIO_IN 00000001!S_GPIO_IN1!!!!!!!!!46.17 ohms!!33.24 ohms!67.18 ohms!
S!S_GPIO_IN 00000000!S_GPIO_IN0!!!!!!!!!46.19 ohms!!33.32 ohms!67.18 ohms!
S!S_CLK_IN!S_CLK_IN!!!!!!!!!46.75 ohms!!29.93 ohms!67.18 ohms!
S!GPIO_IN1_P!GPIO_IN1_P!!!!GPIO_IN1!!!!!64.66 ohms!!40.73 ohms!67.14 ohms!
S!GPIO_IN1_N!GPIO_IN1_N!!!!GPIO_IN1!!!!!63.43 ohms!!36.25 ohms!67.14 ohms!
S!GPIO_IN0_P!GPIO_IN0_P!!!!GPIO_IN0!!!!!64.90 ohms!!40.73 ohms!67.14 ohms!
S!GPIO_IN0_N!GPIO_IN0_N!!!!GPIO_IN0!!!!!63.76 ohms!!36.25 ohms!67.14 ohms!
S!F_SFP_P!F_SFP_P!!!!SFP_DI!!!!!55.09 ohms!!41.30 ohms!66.68 ohms!
S!F_SFP_N!F_SFP_N!!!!SFP_DI!!!!!52.21 ohms!!41.30 ohms!66.68 ohms!
S!F_GPIO_OUT1_P!F_GPIO_OUT1_P!!!!F_GPIO_OUT1!!!!!65.72 ohms!!41.30 ohms!66.68 ohms!
S!F_GPIO_OUT1_N!F_GPIO_OUT1_N!!!!F_GPIO_OUT1!!!!!65.79 ohms!!41.30 ohms!66.68 ohms!
S!F_GPIO_OUT0_P!F_GPIO_OUT0_P!!!!F_GPIO_OUT0!!!!!65.11 ohms!!41.30 ohms!67.14 ohms!
S!F_GPIO_OUT0_N!F_GPIO_OUT0_N!!!!F_GPIO_OUT0!!!!!65.27 ohms!!41.30 ohms!67.14 ohms!
S!FPGA_CLK_RST!FPGA_CLK_RST!!!!!!!!!64.56 ohms!!54.16 ohms!66.68 ohms!
S!SFP_LOS!SFP_LOS!!!!!!!!!60.69 ohms!!41.30 ohms!66.68 ohms!
S!FPGA_SFP_LOS!FPGA_SFP_LOS!!!!!!!!!62.37 ohms!!54.16 ohms!66.68 ohms!
S!UNNAMED_4_CAPCERSMDCL2_I120_A!UNNAMED_4_CAPCERSMDCL2_I120_A!!!!DP_OSC!!!!!53.03 ohms!!33.64 ohms!61.46 ohms!
S!UNNAMED_4_CAPCERSMDCL2_I119_A!UNNAMED_4_CAPCERSMDCL2_I119_A!!!!DP_OSC!!!!!48.78 ohms!!29.51 ohms!61.46 ohms!
S!CLK_IN2_N!CLK_IN2_N!!!!CLK_IN2!!!!!53.04 ohms!!41.30 ohms!83.65 ohms!
S!CLK_IN2_P!CLK_IN2_P!!!!CLK_IN2!!!!!52.39 ohms!!41.30 ohms!83.65 ohms!
S!CLK_IN1_N!CLK_IN1_N!!!!CLK_IN1!!!!!61.54 ohms!!41.30 ohms!83.65 ohms!
S!CLK_IN1_P!CLK_IN1_P!!!!CLK_IN1!!!!!61.30 ohms!!41.30 ohms!83.65 ohms!
S!CLK_IN0_N!CLK_IN0_N!!!!CLK_IN0!!!!!65.31 ohms!!61.46 ohms!66.68 ohms!
S!CLK_IN0_P!CLK_IN0_P!!!!CLK_IN0!!!!!66.68 ohms!!66.68 ohms!66.68 ohms!
S!UNNAMED_2_PCA9306_I276_EN!UNNAMED_2_PCA9306_I276_EN!!!!!!!!!49.82 ohms!!41.01 ohms!66.68 ohms!
S!FPGA_CLK_SCL!FPGA_CLK_SCL!!!!!!!!!62.12 ohms!!42.09 ohms!66.68 ohms!
S!FPGA_CLK_SDA!FPGA_CLK_SDA!!!!!!!!!62.01 ohms!!41.30 ohms!66.68 ohms!
S!CLK_SDA!CLK_SDA!!!!!!!!!61.06 ohms!!45.58 ohms!66.68 ohms!
S!CLK_SCL!CLK_SCL!!!!!!!!!62.74 ohms!!41.30 ohms!66.68 ohms!
S!UNNAMED_11_LED1_I227_A!UNNAMED_11_LED1_I227_A!!!!!!!!!43.27 ohms!!32.49 ohms!66.68 ohms!
S!UNNAMED_11_LED1_I226_A!UNNAMED_11_LED1_I226_A!!!!!!!!!43.27 ohms!!32.49 ohms!66.68 ohms!
S!UNNAMED_4_RSMD0402_I50_A!UNNAMED_4_RSMD0402_I50_A!!!!!!!!!51.44 ohms!!41.30 ohms!61.46 ohms!
S!UNNAMED_4_RSMD0402_I49_A!UNNAMED_4_RSMD0402_I49_A!!!!!!!!!54.19 ohms!!41.30 ohms!61.46 ohms!
S!CLK_I2C_SEL!CLK_I2C_SEL!!!!!!!!!60.33 ohms!!41.30 ohms!66.68 ohms!
S!CLK_OE*!CLK_OE*!!!!!!!!!61.66 ohms!!41.30 ohms!66.68 ohms!
S!SFP_TX_FAULT!SFP_TX_FAULT!!!!!!!!!59.50 ohms!!41.30 ohms!66.68 ohms!
S!SFP_TX_DISABLE!SFP_TX_DISABLE!!!!!!!!!61.14 ohms!!41.30 ohms!66.68 ohms!
S!SFP_SDA!SFP_SDA!!!!!!!!!61.30 ohms!!41.30 ohms!66.68 ohms!
S!SFP_SCL!SFP_SCL!!!!!!!!!61.49 ohms!!41.30 ohms!66.68 ohms!
S!OSC_CLK_P!OSC_CLK_P!!!!OSC_CLK!!!!!53.37 ohms!!41.30 ohms!61.46 ohms!
S!OSC_CLK_N!OSC_CLK_N!!!!OSC_CLK!!!!!53.52 ohms!!41.30 ohms!61.46 ohms!
S!IN_SEL 00000001!IN_SEL1!!!!!!!!!66.16 ohms!!61.46 ohms!66.68 ohms!
S!IN_SEL 00000000!IN_SEL0!!!!!!!!!66.16 ohms!!61.46 ohms!66.68 ohms!
S!FPGA_SFP_TX_FLT!FPGA_SFP_TX_FLT!!!!!!!!!64.18 ohms!!54.16 ohms!66.68 ohms!
S!FPGA_SFP_TX_DIS!FPGA_SFP_TX_DIS!!!!!!!!!63.02 ohms!!54.16 ohms!66.68 ohms!
S!P1V 00000008!P1V8!!!!!!!0.3 MM!!3.30 ohms!!1.65 ohms!61.46 ohms!
S!FPGA_SFP_SCL!FPGA_SFP_SCL!!!!!!!!!60.30 ohms!!41.30 ohms!66.68 ohms!
S!FPGA_SFP_SDA!FPGA_SFP_SDA!!!!!!!!!63.49 ohms!!41.30 ohms!66.68 ohms!
S!UNNAMED_2_PCA9517_I162_EN!UNNAMED_2_PCA9517_I162_EN!!!!!!!!!45.52 ohms!!34.30 ohms!66.68 ohms!
S!UNNAMED_11_CON20PSFP_I175_VEER!UNNAMED_11_CON20PSFP_I175_VEER!!!!!!!!!54.49 ohms!!41.30 ohms!66.68 ohms!
S!UNNAMED_11_CON20PSFP_I175_VCCT!UNNAMED_11_CON20PSFP_I175_VCCT!!!!!!!!!58.76 ohms!!41.30 ohms!66.68 ohms!
S!UNNAMED_11_CON20PSFP_I175_VCCR!UNNAMED_11_CON20PSFP_I175_VCCR!!!!!!!!!58.91 ohms!!41.30 ohms!66.68 ohms!
S!UNNAMED_11_CON20PSFP_I175_RATES!UNNAMED_11_CON20PSFP_I175_RATES!!!!!!!!!53.36 ohms!!41.30 ohms!66.68 ohms!
S!UNNAMED_11_CON20PSFP_I175_MODDE!UNNAMED_11_CON20PSFP_I175_MODDE!!!!!!!!!53.52 ohms!!41.30 ohms!66.68 ohms!
S!CVCC!CVCC!!!!!!!0.254 MM!!1.08 ohms!!0.76 ohms!66.68 ohms!
S!UNNAMED_2_CON400P40ABCDEFGHJK_I!UNNAMED_2_CON400P40ABCDEFGHJK_I!!!!!!!!!66.68 ohms!!66.68 ohms!66.68 ohms!
S!FMC_SDA!FMC_SDA!!!!!!!!!61.00 ohms!!41.30 ohms!66.68 ohms!
S!FMC_SCL!FMC_SCL!!!!!!!!!63.72 ohms!!41.30 ohms!66.68 ohms!
S!FMC_GA 00000001!FMC_GA1!!!!!!!!!63.44 ohms!!41.30 ohms!66.68 ohms!
S!FMC_GA 00000000!FMC_GA0!!!!!!!!!62.44 ohms!!41.30 ohms!66.68 ohms!
S!CTRLVCC!CTRLVCC!!!!!!!0.3 MM!!61.46 ohms!!61.46 ohms!61.46 ohms!
S!GND!GND!!!!!!!0.254 MM!!5.29 ohms!!2.74 ohms!96.89 ohms!
S!P12V!P12V!!!!!!!0.3 MM!!58.36 ohms!!56.58 ohms!61.46 ohms!
S!P3V 00000003!P3V3!!!!!!!0.3 MM!!3.05 ohms!!2.49 ohms!94.15 ohms!
