NAME!usage!drillToolSize!holeCounterType!holeCounterDiameter!holeCounterDepth!holeCounterTolerance!holeCounterAngle!drillNonStandard
S60X200!Smd!!nil!0.0!0.0!0.0 0.0!0!nil!
S60X160!Smd!!nil!0.0!0.0!0.0 0.0!0!nil!
RX28Y9D0T!Smd!!nil!0.0!0.0!0.0 0.0!0!nil!
R85_25!Smd!!nil!0.0!0.0!0.0 0.0!0!nil!
S160!Smd!!nil!0.0!0.0!0.0 0.0!0!nil!
RT_65X105!Smd!!nil!0.0!0.0!0.0 0.0!0!nil!
C120H50!Through!!nil!0.0!0.0!0.0 0.0!0!nil!
RT_135X70!Smd!!nil!0.0!0.0!0.0 0.0!0!nil!
RT_35X65!Smd!!nil!0.0!0.0!0.0 0.0!0!nil!
R165_155!Smd!!nil!0.0!0.0!0.0 0.0!0!nil!
R80_30!Smd!!nil!0.0!0.0!0.0 0.0!0!nil!
S530!Smd!!nil!0.0!0.0!0.0 0.0!0!nil!
RT_10X25!Smd!!nil!0.0!0.0!0.0 0.0!0!nil!
R100_40!Smd!!nil!0.0!0.0!0.0 0.0!0!nil!
R85_30!Smd!!nil!0.0!0.0!0.0 0.0!0!nil!
RT_15X70!Smd!!nil!0.0!0.0!0.0 0.0!0!nil!
R105_100!Smd!!nil!0.0!0.0!0.0 0.0!0!nil!
R220_105!Smd!!nil!0.0!0.0!0.0 0.0!0!nil!
RT_25X75!Smd!!nil!0.0!0.0!0.0 0.0!0!nil!
R95_70!Smd!!nil!0.0!0.0!0.0 0.0!0!nil!
C170H100!Through!!nil!0.0!0.0!0.0 0.0!0!nil!
C64!Smd!!nil!0.0!0.0!0.0 0.0!0!nil!
C100HN130!Through!!nil!0.0!0.0!0.0 0.0!0!nil!
RTM_10X09!Smd!!nil!0.0!0.0!0.0 0.0!0!nil!
SQM_06!Smd!!nil!0.0!0.0!0.0 0.0!0!nil!
C175H105_PF!Through!!nil!0.0!0.0!0.0 0.0!0!nil!
P95_PF!Through!!nil!0.0!0.0!0.0 0.0!0!nil!
P85!Through!!nil!0.0!0.0!0.0 0.0!0!nil!
NULL!Through!!nil!0.0!0.0!0.0 0.0!0!nil!
P80!Through!!nil!0.0!0.0!0.0 0.0!0!nil!
R270_155!Smd!!nil!0.0!0.0!0.0 0.0!0!nil!
R200_50!Smd!!nil!0.0!0.0!0.0 0.0!0!nil!
C100HN140!Through!!nil!0.0!0.0!0.0 0.0!0!nil!
R160_60!Smd!!nil!0.0!0.0!0.0 0.0!0!nil!
R150_45!Smd!!nil!0.0!0.0!0.0 0.0!0!nil!
RTM_14X12!Smd!!nil!0.0!0.0!0.0 0.0!0!nil!
M270!Through!!nil!0.0!0.0!0.0 0.0!0!nil!
VIA60-30-85!Through!!nil!0.0!0.0!0.0 0.0!0!nil!
