A!CLASS!REFDES!START_LAYER_NAME!END_LAYER_NAME!SYM_MIRROR!EMBEDDED_STATUS!
J!Z:/cad/designs/uob-hep-pc069/hardware/Cadence/worklib/pc069b_toplevel/physical/pc069b_toplevel_16.brd!Tue Aug 22 16:52:57 2023!-315.1182!-288.1258!426.2018!384.9302!0.0001!millimeters!PC069B_TOPLEVEL!63.444094 mil!6!UP TO DATE!
S!PIN!U1!BOTTOM!BOTTOM!YES!!
S!PIN!U1!BOTTOM!BOTTOM!YES!!
S!PIN!U1!BOTTOM!BOTTOM!YES!!
S!PIN!U1!BOTTOM!BOTTOM!YES!!
S!PIN!U1!BOTTOM!BOTTOM!YES!!
S!PIN!U1!BOTTOM!BOTTOM!YES!!
S!PIN!U1!BOTTOM!BOTTOM!YES!!
S!PIN!U1!BOTTOM!BOTTOM!YES!!
S!PIN!IC11!BOTTOM!BOTTOM!YES!!
S!PIN!IC11!BOTTOM!BOTTOM!YES!!
S!PIN!IC11!BOTTOM!BOTTOM!YES!!
S!PIN!IC11!BOTTOM!BOTTOM!YES!!
S!PIN!IC11!BOTTOM!BOTTOM!YES!!
S!PIN!IC11!BOTTOM!BOTTOM!YES!!
S!PIN!IC4!BOTTOM!BOTTOM!YES!!
S!PIN!IC4!BOTTOM!BOTTOM!YES!!
S!PIN!IC4!BOTTOM!BOTTOM!YES!!
S!PIN!IC4!BOTTOM!BOTTOM!YES!!
S!PIN!IC4!BOTTOM!BOTTOM!YES!!
S!PIN!IC4!BOTTOM!BOTTOM!YES!!
S!PIN!IC4!BOTTOM!BOTTOM!YES!!
S!PIN!IC4!BOTTOM!BOTTOM!YES!!
S!PIN!IC4!BOTTOM!BOTTOM!YES!!
S!PIN!IC4!BOTTOM!BOTTOM!YES!!
S!PIN!IC4!BOTTOM!BOTTOM!YES!!
S!PIN!IC4!BOTTOM!BOTTOM!YES!!
S!PIN!IC4!BOTTOM!BOTTOM!YES!!
S!PIN!IC4!BOTTOM!BOTTOM!YES!!
S!PIN!IC4!BOTTOM!BOTTOM!YES!!
S!PIN!IC4!BOTTOM!BOTTOM!YES!!
S!PIN!IC4!BOTTOM!BOTTOM!YES!!
S!PIN!C12!TOP!TOP!NO!!
S!PIN!C12!TOP!TOP!NO!!
S!PIN!TP6!TOP!BOTTOM!NO!!
S!PIN!TP5!TOP!BOTTOM!NO!!
S!PIN!TP4!TOP!BOTTOM!NO!!
S!PIN!TP3!TOP!BOTTOM!NO!!
S!PIN!TP2!TOP!BOTTOM!NO!!
S!PIN!TP1!TOP!BOTTOM!NO!!
S!PIN!REG1!TOP!TOP!NO!!
S!PIN!REG1!TOP!TOP!NO!!
S!PIN!REG1!TOP!TOP!NO!!
S!PIN!REG1!TOP!TOP!NO!!
S!PIN!QZ1!BOTTOM!BOTTOM!YES!!
S!PIN!QZ1!BOTTOM!BOTTOM!YES!!
S!PIN!QZ1!BOTTOM!BOTTOM!YES!!
S!PIN!QZ1!BOTTOM!BOTTOM!YES!!
S!PIN!QZ1!BOTTOM!BOTTOM!YES!!
S!PIN!QZ1!BOTTOM!BOTTOM!YES!!
S!PIN!IC3!BOTTOM!BOTTOM!YES!!
S!PIN!IC3!BOTTOM!BOTTOM!YES!!
S!PIN!IC3!BOTTOM!BOTTOM!YES!!
S!PIN!IC3!BOTTOM!BOTTOM!YES!!
S!PIN!IC3!BOTTOM!BOTTOM!YES!!
S!PIN!IC3!BOTTOM!BOTTOM!YES!!
S!PIN!IC3!BOTTOM!BOTTOM!YES!!
S!PIN!IC3!BOTTOM!BOTTOM!YES!!
S!PIN!IC3!BOTTOM!BOTTOM!YES!!
S!PIN!IC3!BOTTOM!BOTTOM!YES!!
S!PIN!IC3!BOTTOM!BOTTOM!YES!!
S!PIN!IC3!BOTTOM!BOTTOM!YES!!
S!PIN!IC3!BOTTOM!BOTTOM!YES!!
S!PIN!IC3!BOTTOM!BOTTOM!YES!!
S!PIN!IC3!BOTTOM!BOTTOM!YES!!
S!PIN!IC3!BOTTOM!BOTTOM!YES!!
S!PIN!IC3!BOTTOM!BOTTOM!YES!!
S!PIN!IC3!BOTTOM!BOTTOM!YES!!
S!PIN!IC3!BOTTOM!BOTTOM!YES!!
S!PIN!IC3!BOTTOM!BOTTOM!YES!!
S!PIN!IC3!BOTTOM!BOTTOM!YES!!
S!PIN!IC3!BOTTOM!BOTTOM!YES!!
S!PIN!IC3!BOTTOM!BOTTOM!YES!!
S!PIN!IC3!BOTTOM!BOTTOM!YES!!
S!PIN!IC3!BOTTOM!BOTTOM!YES!!
S!PIN!IC3!BOTTOM!BOTTOM!YES!!
S!PIN!IC3!BOTTOM!BOTTOM!YES!!
S!PIN!IC3!BOTTOM!BOTTOM!YES!!
S!PIN!IC3!BOTTOM!BOTTOM!YES!!
S!PIN!IC3!BOTTOM!BOTTOM!YES!!
S!PIN!IC3!BOTTOM!BOTTOM!YES!!
S!PIN!IC3!BOTTOM!BOTTOM!YES!!
S!PIN!IC3!BOTTOM!BOTTOM!YES!!
S!PIN!IC3!BOTTOM!BOTTOM!YES!!
S!PIN!IC3!BOTTOM!BOTTOM!YES!!
S!PIN!IC3!BOTTOM!BOTTOM!YES!!
S!PIN!IC3!BOTTOM!BOTTOM!YES!!
S!PIN!IC3!BOTTOM!BOTTOM!YES!!
S!PIN!IC3!BOTTOM!BOTTOM!YES!!
S!PIN!IC3!BOTTOM!BOTTOM!YES!!
S!PIN!IC3!BOTTOM!BOTTOM!YES!!
S!PIN!IC3!BOTTOM!BOTTOM!YES!!
S!PIN!IC3!BOTTOM!BOTTOM!YES!!
S!PIN!IC3!BOTTOM!BOTTOM!YES!!
S!PIN!IC3!BOTTOM!BOTTOM!YES!!
S!PIN!IC3!BOTTOM!BOTTOM!YES!!
S!PIN!IC3!BOTTOM!BOTTOM!YES!!
S!PIN!IC3!BOTTOM!BOTTOM!YES!!
S!PIN!IC3!BOTTOM!BOTTOM!YES!!
S!PIN!IC3!BOTTOM!BOTTOM!YES!!
S!PIN!IC3!BOTTOM!BOTTOM!YES!!
S!PIN!IC3!BOTTOM!BOTTOM!YES!!
S!PIN!IC3!BOTTOM!BOTTOM!YES!!
S!PIN!IC3!BOTTOM!BOTTOM!YES!!
S!PIN!IC3!BOTTOM!BOTTOM!YES!!
S!PIN!IC3!BOTTOM!BOTTOM!YES!!
S!PIN!IC3!BOTTOM!BOTTOM!YES!!
S!PIN!IC3!BOTTOM!BOTTOM!YES!!
S!PIN!IC3!BOTTOM!BOTTOM!YES!!
S!PIN!IC3!BOTTOM!BOTTOM!YES!!
S!PIN!IC3!BOTTOM!BOTTOM!YES!!
S!PIN!IC3!BOTTOM!BOTTOM!YES!!
S!PIN!IC3!BOTTOM!BOTTOM!YES!!
S!PIN!IC3!BOTTOM!BOTTOM!YES!!
S!PIN!IC3!BOTTOM!BOTTOM!YES!!
S!PIN!J11!TOP!BOTTOM!NO!!
S!PIN!J11!TOP!BOTTOM!NO!!
S!PIN!J11!TOP!BOTTOM!NO!!
S!PIN!J11!TOP!BOTTOM!NO!!
S!PIN!IC18!BOTTOM!BOTTOM!YES!!
S!PIN!IC18!BOTTOM!BOTTOM!YES!!
S!PIN!IC18!BOTTOM!BOTTOM!YES!!
S!PIN!IC18!BOTTOM!BOTTOM!YES!!
S!PIN!IC18!BOTTOM!BOTTOM!YES!!
S!PIN!IC18!BOTTOM!BOTTOM!YES!!
S!PIN!IC7!BOTTOM!BOTTOM!YES!!
S!PIN!IC7!BOTTOM!BOTTOM!YES!!
S!PIN!IC7!BOTTOM!BOTTOM!YES!!
S!PIN!IC7!BOTTOM!BOTTOM!YES!!
S!PIN!IC7!BOTTOM!BOTTOM!YES!!
S!PIN!IC7!BOTTOM!BOTTOM!YES!!
S!PIN!IC6!BOTTOM!BOTTOM!YES!!
S!PIN!IC6!BOTTOM!BOTTOM!YES!!
S!PIN!IC6!BOTTOM!BOTTOM!YES!!
S!PIN!IC6!BOTTOM!BOTTOM!YES!!
S!PIN!IC6!BOTTOM!BOTTOM!YES!!
S!PIN!IC6!BOTTOM!BOTTOM!YES!!
S!PIN!IC1!TOP!TOP!NO!!
S!PIN!IC1!TOP!TOP!NO!!
S!PIN!IC1!TOP!TOP!NO!!
S!PIN!IC1!TOP!TOP!NO!!
S!PIN!IC1!TOP!TOP!NO!!
S!PIN!IC1!TOP!TOP!NO!!
S!PIN!IC1!TOP!TOP!NO!!
S!PIN!IC1!TOP!TOP!NO!!
S!PIN!IC9!BOTTOM!BOTTOM!YES!!
S!PIN!IC9!BOTTOM!BOTTOM!YES!!
S!PIN!IC9!BOTTOM!BOTTOM!YES!!
S!PIN!IC9!BOTTOM!BOTTOM!YES!!
S!PIN!IC9!BOTTOM!BOTTOM!YES!!
S!PIN!IC9!BOTTOM!BOTTOM!YES!!
S!PIN!IC9!BOTTOM!BOTTOM!YES!!
S!PIN!IC9!BOTTOM!BOTTOM!YES!!
S!PIN!IC9!BOTTOM!BOTTOM!YES!!
S!PIN!IC9!BOTTOM!BOTTOM!YES!!
S!PIN!IC9!BOTTOM!BOTTOM!YES!!
S!PIN!IC9!BOTTOM!BOTTOM!YES!!
S!PIN!IC9!BOTTOM!BOTTOM!YES!!
S!PIN!IC9!BOTTOM!BOTTOM!YES!!
S!PIN!IC10!BOTTOM!BOTTOM!YES!!
S!PIN!IC10!BOTTOM!BOTTOM!YES!!
S!PIN!IC10!BOTTOM!BOTTOM!YES!!
S!PIN!IC10!BOTTOM!BOTTOM!YES!!
S!PIN!IC10!BOTTOM!BOTTOM!YES!!
S!PIN!IC10!BOTTOM!BOTTOM!YES!!
S!PIN!IC10!BOTTOM!BOTTOM!YES!!
S!PIN!IC10!BOTTOM!BOTTOM!YES!!
S!PIN!IC10!BOTTOM!BOTTOM!YES!!
S!PIN!IC10!BOTTOM!BOTTOM!YES!!
S!PIN!IC10!BOTTOM!BOTTOM!YES!!
S!PIN!IC10!BOTTOM!BOTTOM!YES!!
S!PIN!IC10!BOTTOM!BOTTOM!YES!!
S!PIN!IC10!BOTTOM!BOTTOM!YES!!
S!PIN!IC10!BOTTOM!BOTTOM!YES!!
S!PIN!IC10!BOTTOM!BOTTOM!YES!!
S!PIN!J15!TOP!TOP!NO!!
S!PIN!J15!TOP!TOP!NO!!
S!PIN!J15!TOP!TOP!NO!!
S!PIN!J14!TOP!TOP!NO!!
S!PIN!J14!TOP!TOP!NO!!
S!PIN!J14!TOP!TOP!NO!!
S!PIN!J13!TOP!TOP!NO!!
S!PIN!J13!TOP!TOP!NO!!
S!PIN!J13!TOP!TOP!NO!!
S!PIN!J12!TOP!TOP!NO!!
S!PIN!J12!TOP!TOP!NO!!
S!PIN!J12!TOP!TOP!NO!!
S!PIN!J7!TOP!TOP!NO!!
S!PIN!J7!TOP!TOP!NO!!
S!PIN!J7!TOP!TOP!NO!!
S!PIN!J2!TOP!TOP!NO!!
S!PIN!J2!TOP!TOP!NO!!
S!PIN!J2!TOP!TOP!NO!!
S!PIN!PX2!TOP!TOP!NO!!
S!PIN!PX2!TOP!TOP!NO!!
S!PIN!PX2!TOP!TOP!NO!!
S!PIN!PX6!TOP!TOP!NO!!
S!PIN!PX6!TOP!TOP!NO!!
S!PIN!PX6!TOP!TOP!NO!!
S!PIN!PX3!TOP!TOP!NO!!
S!PIN!PX3!TOP!TOP!NO!!
S!PIN!PX3!TOP!TOP!NO!!
S!PIN!PX5!TOP!TOP!NO!!
S!PIN!PX5!TOP!TOP!NO!!
S!PIN!PX5!TOP!TOP!NO!!
S!PIN!PX4!TOP!TOP!NO!!
S!PIN!PX4!TOP!TOP!NO!!
S!PIN!PX4!TOP!TOP!NO!!
S!PIN!PX1!TOP!TOP!NO!!
S!PIN!PX1!TOP!TOP!NO!!
S!PIN!PX1!TOP!TOP!NO!!
S!PIN!IC8!BOTTOM!BOTTOM!YES!!
S!PIN!IC8!BOTTOM!BOTTOM!YES!!
S!PIN!IC8!BOTTOM!BOTTOM!YES!!
S!PIN!IC8!BOTTOM!BOTTOM!YES!!
S!PIN!IC8!BOTTOM!BOTTOM!YES!!
S!PIN!IC8!BOTTOM!BOTTOM!YES!!
S!PIN!IC8!BOTTOM!BOTTOM!YES!!
S!PIN!IC8!BOTTOM!BOTTOM!YES!!
S!PIN!LD3!TOP!TOP!NO!!
S!PIN!LD3!TOP!TOP!NO!!
S!PIN!LD2!TOP!TOP!NO!!
S!PIN!LD2!TOP!TOP!NO!!
S!PIN!LD1!TOP!TOP!NO!!
S!PIN!LD1!TOP!TOP!NO!!
S!PIN!J10!TOP!BOTTOM!NO!!
S!PIN!J10!TOP!BOTTOM!NO!!
S!PIN!J10!TOP!BOTTOM!NO!!
S!PIN!J3!TOP!BOTTOM!NO!!
S!PIN!J3!TOP!BOTTOM!NO!!
S!PIN!J3!TOP!BOTTOM!NO!!
S!PIN!J6!TOP!BOTTOM!NO!!
S!PIN!J6!TOP!BOTTOM!NO!!
S!PIN!J6!TOP!BOTTOM!NO!!
S!PIN!J5!TOP!BOTTOM!NO!!
S!PIN!J5!TOP!BOTTOM!NO!!
S!PIN!J5!TOP!BOTTOM!NO!!
S!PIN!J8!TOP!BOTTOM!NO!!
S!PIN!J8!TOP!BOTTOM!NO!!
S!PIN!J8!TOP!BOTTOM!NO!!
S!PIN!P1!BOTTOM!BOTTOM!YES!!
S!PIN!P1!BOTTOM!BOTTOM!YES!!
S!PIN!P1!BOTTOM!BOTTOM!YES!!
S!PIN!P1!BOTTOM!BOTTOM!YES!!
S!PIN!P1!BOTTOM!BOTTOM!YES!!
S!PIN!P1!BOTTOM!BOTTOM!YES!!
S!PIN!P1!BOTTOM!BOTTOM!YES!!
S!PIN!P1!BOTTOM!BOTTOM!YES!!
S!PIN!P1!BOTTOM!BOTTOM!YES!!
S!PIN!P1!BOTTOM!BOTTOM!YES!!
S!PIN!P1!BOTTOM!BOTTOM!YES!!
S!PIN!P1!BOTTOM!BOTTOM!YES!!
S!PIN!P1!BOTTOM!BOTTOM!YES!!
S!PIN!P1!BOTTOM!BOTTOM!YES!!
S!PIN!P1!BOTTOM!BOTTOM!YES!!
S!PIN!P1!BOTTOM!BOTTOM!YES!!
S!PIN!P1!BOTTOM!BOTTOM!YES!!
S!PIN!P1!BOTTOM!BOTTOM!YES!!
S!PIN!P1!BOTTOM!BOTTOM!YES!!
S!PIN!P1!BOTTOM!BOTTOM!YES!!
S!PIN!P1!BOTTOM!BOTTOM!YES!!
S!PIN!P1!BOTTOM!BOTTOM!YES!!
S!PIN!P1!BOTTOM!BOTTOM!YES!!
S!PIN!P1!BOTTOM!BOTTOM!YES!!
S!PIN!P1!BOTTOM!BOTTOM!YES!!
S!PIN!P1!BOTTOM!BOTTOM!YES!!
S!PIN!P1!BOTTOM!BOTTOM!YES!!
S!PIN!P1!BOTTOM!BOTTOM!YES!!
S!PIN!P1!BOTTOM!BOTTOM!YES!!
S!PIN!P1!BOTTOM!BOTTOM!YES!!
S!PIN!P1!BOTTOM!BOTTOM!YES!!
S!PIN!P1!BOTTOM!BOTTOM!YES!!
S!PIN!P1!BOTTOM!BOTTOM!YES!!
S!PIN!P1!BOTTOM!BOTTOM!YES!!
S!PIN!P1!BOTTOM!BOTTOM!YES!!
S!PIN!P1!BOTTOM!BOTTOM!YES!!
S!PIN!P1!BOTTOM!BOTTOM!YES!!
S!PIN!P1!BOTTOM!BOTTOM!YES!!
S!PIN!P1!BOTTOM!BOTTOM!YES!!
S!PIN!P1!BOTTOM!BOTTOM!YES!!
S!PIN!P1!BOTTOM!BOTTOM!YES!!
S!PIN!P1!BOTTOM!BOTTOM!YES!!
S!PIN!P1!BOTTOM!BOTTOM!YES!!
S!PIN!P1!BOTTOM!BOTTOM!YES!!
S!PIN!P1!BOTTOM!BOTTOM!YES!!
S!PIN!P1!BOTTOM!BOTTOM!YES!!
S!PIN!P1!BOTTOM!BOTTOM!YES!!
S!PIN!P1!BOTTOM!BOTTOM!YES!!
S!PIN!P1!BOTTOM!BOTTOM!YES!!
S!PIN!P1!BOTTOM!BOTTOM!YES!!
S!PIN!P1!BOTTOM!BOTTOM!YES!!
S!PIN!P1!BOTTOM!BOTTOM!YES!!
S!PIN!P1!BOTTOM!BOTTOM!YES!!
S!PIN!P1!BOTTOM!BOTTOM!YES!!
S!PIN!P1!BOTTOM!BOTTOM!YES!!
S!PIN!P1!BOTTOM!BOTTOM!YES!!
S!PIN!P1!BOTTOM!BOTTOM!YES!!
S!PIN!P1!BOTTOM!BOTTOM!YES!!
S!PIN!P1!BOTTOM!BOTTOM!YES!!
S!PIN!P1!BOTTOM!BOTTOM!YES!!
S!PIN!P1!BOTTOM!BOTTOM!YES!!
S!PIN!P1!BOTTOM!BOTTOM!YES!!
S!PIN!P1!BOTTOM!BOTTOM!YES!!
S!PIN!P1!BOTTOM!BOTTOM!YES!!
S!PIN!P1!BOTTOM!BOTTOM!YES!!
S!PIN!P1!BOTTOM!BOTTOM!YES!!
S!PIN!P1!BOTTOM!BOTTOM!YES!!
S!PIN!P1!BOTTOM!BOTTOM!YES!!
S!PIN!P1!BOTTOM!BOTTOM!YES!!
S!PIN!P1!BOTTOM!BOTTOM!YES!!
S!PIN!P1!BOTTOM!BOTTOM!YES!!
S!PIN!P1!BOTTOM!BOTTOM!YES!!
S!PIN!P1!BOTTOM!BOTTOM!YES!!
S!PIN!P1!BOTTOM!BOTTOM!YES!!
S!PIN!P1!BOTTOM!BOTTOM!YES!!
S!PIN!P1!BOTTOM!BOTTOM!YES!!
S!PIN!P1!BOTTOM!BOTTOM!YES!!
S!PIN!P1!BOTTOM!BOTTOM!YES!!
S!PIN!P1!BOTTOM!BOTTOM!YES!!
S!PIN!P1!BOTTOM!BOTTOM!YES!!
S!PIN!P1!BOTTOM!BOTTOM!YES!!
S!PIN!P1!BOTTOM!BOTTOM!YES!!
S!PIN!P1!BOTTOM!BOTTOM!YES!!
S!PIN!P1!BOTTOM!BOTTOM!YES!!
S!PIN!P1!BOTTOM!BOTTOM!YES!!
S!PIN!P1!BOTTOM!BOTTOM!YES!!
S!PIN!P1!BOTTOM!BOTTOM!YES!!
S!PIN!P1!BOTTOM!BOTTOM!YES!!
S!PIN!P1!BOTTOM!BOTTOM!YES!!
S!PIN!P1!BOTTOM!BOTTOM!YES!!
S!PIN!P1!BOTTOM!BOTTOM!YES!!
S!PIN!P1!BOTTOM!BOTTOM!YES!!
S!PIN!P1!BOTTOM!BOTTOM!YES!!
S!PIN!P1!BOTTOM!BOTTOM!YES!!
S!PIN!P1!BOTTOM!BOTTOM!YES!!
S!PIN!P1!BOTTOM!BOTTOM!YES!!
S!PIN!P1!BOTTOM!BOTTOM!YES!!
S!PIN!P1!BOTTOM!BOTTOM!YES!!
S!PIN!P1!BOTTOM!BOTTOM!YES!!
S!PIN!P1!BOTTOM!BOTTOM!YES!!
S!PIN!P1!BOTTOM!BOTTOM!YES!!
S!PIN!P1!BOTTOM!BOTTOM!YES!!
S!PIN!P1!BOTTOM!BOTTOM!YES!!
S!PIN!P1!BOTTOM!BOTTOM!YES!!
S!PIN!P1!BOTTOM!BOTTOM!YES!!
S!PIN!P1!BOTTOM!BOTTOM!YES!!
S!PIN!P1!BOTTOM!BOTTOM!YES!!
S!PIN!P1!BOTTOM!BOTTOM!YES!!
S!PIN!P1!BOTTOM!BOTTOM!YES!!
S!PIN!P1!BOTTOM!BOTTOM!YES!!
S!PIN!P1!BOTTOM!BOTTOM!YES!!
S!PIN!P1!BOTTOM!BOTTOM!YES!!
S!PIN!P1!BOTTOM!BOTTOM!YES!!
S!PIN!P1!BOTTOM!BOTTOM!YES!!
S!PIN!P1!BOTTOM!BOTTOM!YES!!
S!PIN!P1!BOTTOM!BOTTOM!YES!!
S!PIN!P1!BOTTOM!BOTTOM!YES!!
S!PIN!P1!BOTTOM!BOTTOM!YES!!
S!PIN!P1!BOTTOM!BOTTOM!YES!!
S!PIN!P1!BOTTOM!BOTTOM!YES!!
S!PIN!P1!BOTTOM!BOTTOM!YES!!
S!PIN!P1!BOTTOM!BOTTOM!YES!!
S!PIN!P1!BOTTOM!BOTTOM!YES!!
S!PIN!P1!BOTTOM!BOTTOM!YES!!
S!PIN!P1!BOTTOM!BOTTOM!YES!!
S!PIN!P1!BOTTOM!BOTTOM!YES!!
S!PIN!P1!BOTTOM!BOTTOM!YES!!
S!PIN!P1!BOTTOM!BOTTOM!YES!!
S!PIN!P1!BOTTOM!BOTTOM!YES!!
S!PIN!P1!BOTTOM!BOTTOM!YES!!
S!PIN!P1!BOTTOM!BOTTOM!YES!!
S!PIN!P1!BOTTOM!BOTTOM!YES!!
S!PIN!P1!BOTTOM!BOTTOM!YES!!
S!PIN!P1!BOTTOM!BOTTOM!YES!!
S!PIN!P1!BOTTOM!BOTTOM!YES!!
S!PIN!P1!BOTTOM!BOTTOM!YES!!
S!PIN!P1!BOTTOM!BOTTOM!YES!!
S!PIN!P1!BOTTOM!BOTTOM!YES!!
S!PIN!P1!BOTTOM!BOTTOM!YES!!
S!PIN!P1!BOTTOM!BOTTOM!YES!!
S!PIN!P1!BOTTOM!BOTTOM!YES!!
S!PIN!P1!BOTTOM!BOTTOM!YES!!
S!PIN!P1!BOTTOM!BOTTOM!YES!!
S!PIN!P1!BOTTOM!BOTTOM!YES!!
S!PIN!P1!BOTTOM!BOTTOM!YES!!
S!PIN!P1!BOTTOM!BOTTOM!YES!!
S!PIN!P1!BOTTOM!BOTTOM!YES!!
S!PIN!P1!BOTTOM!BOTTOM!YES!!
S!PIN!P1!BOTTOM!BOTTOM!YES!!
S!PIN!P1!BOTTOM!BOTTOM!YES!!
S!PIN!P1!BOTTOM!BOTTOM!YES!!
S!PIN!P1!BOTTOM!BOTTOM!YES!!
S!PIN!P1!BOTTOM!BOTTOM!YES!!
S!PIN!P1!BOTTOM!BOTTOM!YES!!
S!PIN!P1!BOTTOM!BOTTOM!YES!!
S!PIN!P1!BOTTOM!BOTTOM!YES!!
S!PIN!P1!BOTTOM!BOTTOM!YES!!
S!PIN!P1!BOTTOM!BOTTOM!YES!!
S!PIN!P1!BOTTOM!BOTTOM!YES!!
S!PIN!P1!BOTTOM!BOTTOM!YES!!
S!PIN!P1!BOTTOM!BOTTOM!YES!!
S!PIN!P1!BOTTOM!BOTTOM!YES!!
S!PIN!P1!BOTTOM!BOTTOM!YES!!
S!PIN!P1!BOTTOM!BOTTOM!YES!!
S!PIN!P1!BOTTOM!BOTTOM!YES!!
S!PIN!P1!BOTTOM!BOTTOM!YES!!
S!PIN!P1!BOTTOM!BOTTOM!YES!!
S!PIN!P1!BOTTOM!BOTTOM!YES!!
S!PIN!P1!BOTTOM!BOTTOM!YES!!
S!PIN!P1!BOTTOM!BOTTOM!YES!!
S!PIN!P1!BOTTOM!BOTTOM!YES!!
S!PIN!P1!BOTTOM!BOTTOM!YES!!
S!PIN!P1!BOTTOM!BOTTOM!YES!!
S!PIN!P1!BOTTOM!BOTTOM!YES!!
S!PIN!P1!BOTTOM!BOTTOM!YES!!
S!PIN!P1!BOTTOM!BOTTOM!YES!!
S!PIN!P1!BOTTOM!BOTTOM!YES!!
S!PIN!P1!BOTTOM!BOTTOM!YES!!
S!PIN!P1!BOTTOM!BOTTOM!YES!!
S!PIN!P1!BOTTOM!BOTTOM!YES!!
S!PIN!P1!BOTTOM!BOTTOM!YES!!
S!PIN!P1!BOTTOM!BOTTOM!YES!!
S!PIN!P1!BOTTOM!BOTTOM!YES!!
S!PIN!P1!BOTTOM!BOTTOM!YES!!
S!PIN!P1!BOTTOM!BOTTOM!YES!!
S!PIN!P1!BOTTOM!BOTTOM!YES!!
S!PIN!P1!BOTTOM!BOTTOM!YES!!
S!PIN!P1!BOTTOM!BOTTOM!YES!!
S!PIN!P1!BOTTOM!BOTTOM!YES!!
S!PIN!P1!BOTTOM!BOTTOM!YES!!
S!PIN!P1!BOTTOM!BOTTOM!YES!!
S!PIN!P1!BOTTOM!BOTTOM!YES!!
S!PIN!P1!BOTTOM!BOTTOM!YES!!
S!PIN!P1!BOTTOM!BOTTOM!YES!!
S!PIN!P1!BOTTOM!BOTTOM!YES!!
S!PIN!P1!BOTTOM!BOTTOM!YES!!
S!PIN!P1!BOTTOM!BOTTOM!YES!!
S!PIN!P1!BOTTOM!BOTTOM!YES!!
S!PIN!P1!BOTTOM!BOTTOM!YES!!
S!PIN!P1!BOTTOM!BOTTOM!YES!!
S!PIN!P1!BOTTOM!BOTTOM!YES!!
S!PIN!P1!BOTTOM!BOTTOM!YES!!
S!PIN!P1!BOTTOM!BOTTOM!YES!!
S!PIN!P1!BOTTOM!BOTTOM!YES!!
S!PIN!P1!BOTTOM!BOTTOM!YES!!
S!PIN!P1!BOTTOM!BOTTOM!YES!!
S!PIN!P1!BOTTOM!BOTTOM!YES!!
S!PIN!P1!BOTTOM!BOTTOM!YES!!
S!PIN!P1!BOTTOM!BOTTOM!YES!!
S!PIN!P1!BOTTOM!BOTTOM!YES!!
S!PIN!P1!BOTTOM!BOTTOM!YES!!
S!PIN!P1!BOTTOM!BOTTOM!YES!!
S!PIN!P1!BOTTOM!BOTTOM!YES!!
S!PIN!P1!BOTTOM!BOTTOM!YES!!
S!PIN!P1!BOTTOM!BOTTOM!YES!!
S!PIN!P1!BOTTOM!BOTTOM!YES!!
S!PIN!P1!BOTTOM!BOTTOM!YES!!
S!PIN!P1!BOTTOM!BOTTOM!YES!!
S!PIN!P1!BOTTOM!BOTTOM!YES!!
S!PIN!P1!BOTTOM!BOTTOM!YES!!
S!PIN!P1!BOTTOM!BOTTOM!YES!!
S!PIN!P1!BOTTOM!BOTTOM!YES!!
S!PIN!P1!BOTTOM!BOTTOM!YES!!
S!PIN!P1!BOTTOM!BOTTOM!YES!!
S!PIN!P1!BOTTOM!BOTTOM!YES!!
S!PIN!P1!BOTTOM!BOTTOM!YES!!
S!PIN!P1!BOTTOM!BOTTOM!YES!!
S!PIN!P1!BOTTOM!BOTTOM!YES!!
S!PIN!P1!BOTTOM!BOTTOM!YES!!
S!PIN!P1!BOTTOM!BOTTOM!YES!!
S!PIN!P1!BOTTOM!BOTTOM!YES!!
S!PIN!P1!BOTTOM!BOTTOM!YES!!
S!PIN!P1!BOTTOM!BOTTOM!YES!!
S!PIN!P1!BOTTOM!BOTTOM!YES!!
S!PIN!P1!BOTTOM!BOTTOM!YES!!
S!PIN!P1!BOTTOM!BOTTOM!YES!!
S!PIN!P1!BOTTOM!BOTTOM!YES!!
S!PIN!P1!BOTTOM!BOTTOM!YES!!
S!PIN!P1!BOTTOM!BOTTOM!YES!!
S!PIN!P1!BOTTOM!BOTTOM!YES!!
S!PIN!P1!BOTTOM!BOTTOM!YES!!
S!PIN!P1!BOTTOM!BOTTOM!YES!!
S!PIN!P1!BOTTOM!BOTTOM!YES!!
S!PIN!P1!BOTTOM!BOTTOM!YES!!
S!PIN!P1!BOTTOM!BOTTOM!YES!!
S!PIN!P1!BOTTOM!BOTTOM!YES!!
S!PIN!P1!BOTTOM!BOTTOM!YES!!
S!PIN!P1!BOTTOM!BOTTOM!YES!!
S!PIN!P1!BOTTOM!BOTTOM!YES!!
S!PIN!P1!BOTTOM!BOTTOM!YES!!
S!PIN!P1!BOTTOM!BOTTOM!YES!!
S!PIN!P1!BOTTOM!BOTTOM!YES!!
S!PIN!P1!BOTTOM!BOTTOM!YES!!
S!PIN!P1!BOTTOM!BOTTOM!YES!!
S!PIN!P1!BOTTOM!BOTTOM!YES!!
S!PIN!P1!BOTTOM!BOTTOM!YES!!
S!PIN!P1!BOTTOM!BOTTOM!YES!!
S!PIN!P1!BOTTOM!BOTTOM!YES!!
S!PIN!P1!BOTTOM!BOTTOM!YES!!
S!PIN!P1!BOTTOM!BOTTOM!YES!!
S!PIN!P1!BOTTOM!BOTTOM!YES!!
S!PIN!P1!BOTTOM!BOTTOM!YES!!
S!PIN!P1!BOTTOM!BOTTOM!YES!!
S!PIN!P1!BOTTOM!BOTTOM!YES!!
S!PIN!P1!BOTTOM!BOTTOM!YES!!
S!PIN!P1!BOTTOM!BOTTOM!YES!!
S!PIN!P1!BOTTOM!BOTTOM!YES!!
S!PIN!P1!BOTTOM!BOTTOM!YES!!
S!PIN!P1!BOTTOM!BOTTOM!YES!!
S!PIN!P1!BOTTOM!BOTTOM!YES!!
S!PIN!P1!BOTTOM!BOTTOM!YES!!
S!PIN!P1!BOTTOM!BOTTOM!YES!!
S!PIN!P1!BOTTOM!BOTTOM!YES!!
S!PIN!P1!BOTTOM!BOTTOM!YES!!
S!PIN!P1!BOTTOM!BOTTOM!YES!!
S!PIN!P1!BOTTOM!BOTTOM!YES!!
S!PIN!P1!BOTTOM!BOTTOM!YES!!
S!PIN!P1!BOTTOM!BOTTOM!YES!!
S!PIN!P1!BOTTOM!BOTTOM!YES!!
S!PIN!P1!BOTTOM!BOTTOM!YES!!
S!PIN!P1!BOTTOM!BOTTOM!YES!!
S!PIN!P1!BOTTOM!BOTTOM!YES!!
S!PIN!P1!BOTTOM!BOTTOM!YES!!
S!PIN!P1!BOTTOM!BOTTOM!YES!!
S!PIN!P1!BOTTOM!BOTTOM!YES!!
S!PIN!P1!BOTTOM!BOTTOM!YES!!
S!PIN!P1!BOTTOM!BOTTOM!YES!!
S!PIN!P1!BOTTOM!BOTTOM!YES!!
S!PIN!P1!BOTTOM!BOTTOM!YES!!
S!PIN!P1!BOTTOM!BOTTOM!YES!!
S!PIN!P1!BOTTOM!BOTTOM!YES!!
S!PIN!P1!BOTTOM!BOTTOM!YES!!
S!PIN!P1!BOTTOM!BOTTOM!YES!!
S!PIN!P1!BOTTOM!BOTTOM!YES!!
S!PIN!P1!BOTTOM!BOTTOM!YES!!
S!PIN!P1!BOTTOM!BOTTOM!YES!!
S!PIN!P1!BOTTOM!BOTTOM!YES!!
S!PIN!P1!BOTTOM!BOTTOM!YES!!
S!PIN!P1!BOTTOM!BOTTOM!YES!!
S!PIN!P1!BOTTOM!BOTTOM!YES!!
S!PIN!P1!BOTTOM!BOTTOM!YES!!
S!PIN!P1!BOTTOM!BOTTOM!YES!!
S!PIN!P1!BOTTOM!BOTTOM!YES!!
S!PIN!P1!BOTTOM!BOTTOM!YES!!
S!PIN!P1!BOTTOM!BOTTOM!YES!!
S!PIN!P1!BOTTOM!BOTTOM!YES!!
S!PIN!P1!BOTTOM!BOTTOM!YES!!
S!PIN!P1!BOTTOM!BOTTOM!YES!!
S!PIN!P1!BOTTOM!BOTTOM!YES!!
S!PIN!P1!BOTTOM!BOTTOM!YES!!
S!PIN!P1!BOTTOM!BOTTOM!YES!!
S!PIN!P1!BOTTOM!BOTTOM!YES!!
S!PIN!P1!BOTTOM!BOTTOM!YES!!
S!PIN!P1!BOTTOM!BOTTOM!YES!!
S!PIN!P1!BOTTOM!BOTTOM!YES!!
S!PIN!P1!BOTTOM!BOTTOM!YES!!
S!PIN!P1!BOTTOM!BOTTOM!YES!!
S!PIN!P1!BOTTOM!BOTTOM!YES!!
S!PIN!P1!BOTTOM!BOTTOM!YES!!
S!PIN!P1!BOTTOM!BOTTOM!YES!!
S!PIN!P1!BOTTOM!BOTTOM!YES!!
S!PIN!P1!BOTTOM!BOTTOM!YES!!
S!PIN!P1!BOTTOM!BOTTOM!YES!!
S!PIN!P1!BOTTOM!BOTTOM!YES!!
S!PIN!P1!BOTTOM!BOTTOM!YES!!
S!PIN!P1!BOTTOM!BOTTOM!YES!!
S!PIN!P1!BOTTOM!BOTTOM!YES!!
S!PIN!P1!BOTTOM!BOTTOM!YES!!
S!PIN!P1!BOTTOM!BOTTOM!YES!!
S!PIN!P1!BOTTOM!BOTTOM!YES!!
S!PIN!P1!BOTTOM!BOTTOM!YES!!
S!PIN!P1!BOTTOM!BOTTOM!YES!!
S!PIN!P1!BOTTOM!BOTTOM!YES!!
S!PIN!P1!BOTTOM!BOTTOM!YES!!
S!PIN!P1!BOTTOM!BOTTOM!YES!!
S!PIN!P1!BOTTOM!BOTTOM!YES!!
S!PIN!P1!BOTTOM!BOTTOM!YES!!
S!PIN!P1!BOTTOM!BOTTOM!YES!!
S!PIN!P1!BOTTOM!BOTTOM!YES!!
S!PIN!P1!BOTTOM!BOTTOM!YES!!
S!PIN!P1!BOTTOM!BOTTOM!YES!!
S!PIN!P1!BOTTOM!BOTTOM!YES!!
S!PIN!P1!BOTTOM!BOTTOM!YES!!
S!PIN!P1!BOTTOM!BOTTOM!YES!!
S!PIN!P1!BOTTOM!BOTTOM!YES!!
S!PIN!P1!BOTTOM!BOTTOM!YES!!
S!PIN!P1!BOTTOM!BOTTOM!YES!!
S!PIN!P1!BOTTOM!BOTTOM!YES!!
S!PIN!P1!BOTTOM!BOTTOM!YES!!
S!PIN!P1!BOTTOM!BOTTOM!YES!!
S!PIN!P1!BOTTOM!BOTTOM!YES!!
S!PIN!P1!BOTTOM!BOTTOM!YES!!
S!PIN!P1!BOTTOM!BOTTOM!YES!!
S!PIN!P1!BOTTOM!BOTTOM!YES!!
S!PIN!P1!BOTTOM!BOTTOM!YES!!
S!PIN!P1!BOTTOM!BOTTOM!YES!!
S!PIN!P1!BOTTOM!BOTTOM!YES!!
S!PIN!P1!BOTTOM!BOTTOM!YES!!
S!PIN!P1!BOTTOM!BOTTOM!YES!!
S!PIN!P1!BOTTOM!BOTTOM!YES!!
S!PIN!P1!BOTTOM!BOTTOM!YES!!
S!PIN!P1!BOTTOM!BOTTOM!YES!!
S!PIN!P1!BOTTOM!BOTTOM!YES!!
S!PIN!P1!!!YES!!
S!PIN!P1!BOTTOM!BOTTOM!YES!!
S!PIN!P1!BOTTOM!BOTTOM!YES!!
S!PIN!P1!BOTTOM!BOTTOM!YES!!
S!PIN!P1!BOTTOM!BOTTOM!YES!!
S!PIN!P1!BOTTOM!BOTTOM!YES!!
S!PIN!P1!BOTTOM!BOTTOM!YES!!
S!PIN!P1!BOTTOM!BOTTOM!YES!!
S!PIN!P1!BOTTOM!BOTTOM!YES!!
S!PIN!P1!BOTTOM!BOTTOM!YES!!
S!PIN!P1!BOTTOM!BOTTOM!YES!!
S!PIN!P1!BOTTOM!BOTTOM!YES!!
S!PIN!P1!BOTTOM!BOTTOM!YES!!
S!PIN!P1!BOTTOM!BOTTOM!YES!!
S!PIN!P1!BOTTOM!BOTTOM!YES!!
S!PIN!P1!BOTTOM!BOTTOM!YES!!
S!PIN!P1!BOTTOM!BOTTOM!YES!!
S!PIN!P1!BOTTOM!BOTTOM!YES!!
S!PIN!P1!BOTTOM!BOTTOM!YES!!
S!PIN!P1!BOTTOM!BOTTOM!YES!!
S!PIN!P1!BOTTOM!BOTTOM!YES!!
S!PIN!P1!BOTTOM!BOTTOM!YES!!
S!PIN!P1!BOTTOM!BOTTOM!YES!!
S!PIN!P1!BOTTOM!BOTTOM!YES!!
S!PIN!P1!BOTTOM!BOTTOM!YES!!
S!PIN!P1!BOTTOM!BOTTOM!YES!!
S!PIN!P1!BOTTOM!BOTTOM!YES!!
S!PIN!P1!BOTTOM!BOTTOM!YES!!
S!PIN!P1!BOTTOM!BOTTOM!YES!!
S!PIN!P1!BOTTOM!BOTTOM!YES!!
S!PIN!P1!BOTTOM!BOTTOM!YES!!
S!PIN!P1!BOTTOM!BOTTOM!YES!!
S!PIN!P1!BOTTOM!BOTTOM!YES!!
S!PIN!P1!BOTTOM!BOTTOM!YES!!
S!PIN!P1!BOTTOM!BOTTOM!YES!!
S!PIN!P1!BOTTOM!BOTTOM!YES!!
S!PIN!P1!BOTTOM!BOTTOM!YES!!
S!PIN!P1!TOP!BOTTOM!YES!!
S!PIN!P1!TOP!BOTTOM!YES!!
S!PIN!R27!TOP!TOP!NO!!
S!PIN!R27!TOP!TOP!NO!!
S!PIN!R30!TOP!TOP!NO!!
S!PIN!R30!TOP!TOP!NO!!
S!PIN!R31!TOP!TOP!NO!!
S!PIN!R31!TOP!TOP!NO!!
S!PIN!L3!BOTTOM!BOTTOM!YES!!
S!PIN!L3!BOTTOM!BOTTOM!YES!!
S!PIN!C42!BOTTOM!BOTTOM!YES!!
S!PIN!C42!BOTTOM!BOTTOM!YES!!
S!PIN!R57!TOP!TOP!NO!!
S!PIN!R57!TOP!TOP!NO!!
S!PIN!R4!TOP!TOP!NO!!
S!PIN!R4!TOP!TOP!NO!!
S!PIN!R3!BOTTOM!BOTTOM!YES!!
S!PIN!R3!BOTTOM!BOTTOM!YES!!
S!PIN!R2!BOTTOM!BOTTOM!YES!!
S!PIN!R2!BOTTOM!BOTTOM!YES!!
S!PIN!R55!TOP!TOP!NO!!
S!PIN!R55!TOP!TOP!NO!!
S!PIN!R53!TOP!TOP!NO!!
S!PIN!R53!TOP!TOP!NO!!
S!PIN!R54!TOP!TOP!NO!!
S!PIN!R54!TOP!TOP!NO!!
S!PIN!R52!TOP!TOP!NO!!
S!PIN!R52!TOP!TOP!NO!!
S!PIN!C64!TOP!TOP!NO!!
S!PIN!C64!TOP!TOP!NO!!
S!PIN!R47!BOTTOM!BOTTOM!YES!!
S!PIN!R47!BOTTOM!BOTTOM!YES!!
S!PIN!R48!BOTTOM!BOTTOM!YES!!
S!PIN!R48!BOTTOM!BOTTOM!YES!!
S!PIN!R49!BOTTOM!BOTTOM!YES!!
S!PIN!R49!BOTTOM!BOTTOM!YES!!
S!PIN!R34!TOP!TOP!NO!!
S!PIN!R34!TOP!TOP!NO!!
S!PIN!R12!TOP!TOP!NO!!
S!PIN!R12!TOP!TOP!NO!!
S!PIN!C49!BOTTOM!BOTTOM!YES!!
S!PIN!C49!BOTTOM!BOTTOM!YES!!
S!PIN!C48!BOTTOM!BOTTOM!YES!!
S!PIN!C48!BOTTOM!BOTTOM!YES!!
S!PIN!C47!BOTTOM!BOTTOM!YES!!
S!PIN!C47!BOTTOM!BOTTOM!YES!!
S!PIN!C46!BOTTOM!BOTTOM!YES!!
S!PIN!C46!BOTTOM!BOTTOM!YES!!
S!PIN!C45!BOTTOM!BOTTOM!YES!!
S!PIN!C45!BOTTOM!BOTTOM!YES!!
S!PIN!C32!BOTTOM!BOTTOM!YES!!
S!PIN!C32!BOTTOM!BOTTOM!YES!!
S!PIN!C31!BOTTOM!BOTTOM!YES!!
S!PIN!C31!BOTTOM!BOTTOM!YES!!
S!PIN!C10!BOTTOM!BOTTOM!YES!!
S!PIN!C10!BOTTOM!BOTTOM!YES!!
S!PIN!C6!TOP!TOP!NO!!
S!PIN!C6!TOP!TOP!NO!!
S!PIN!C3!BOTTOM!BOTTOM!YES!!
S!PIN!C3!BOTTOM!BOTTOM!YES!!
S!PIN!R41!TOP!TOP!NO!!
S!PIN!R41!TOP!TOP!NO!!
S!PIN!R40!TOP!TOP!NO!!
S!PIN!R40!TOP!TOP!NO!!
S!PIN!R26!BOTTOM!BOTTOM!YES!!
S!PIN!R26!BOTTOM!BOTTOM!YES!!
S!PIN!R21!BOTTOM!BOTTOM!YES!!
S!PIN!R21!BOTTOM!BOTTOM!YES!!
S!PIN!R20!BOTTOM!BOTTOM!YES!!
S!PIN!R20!BOTTOM!BOTTOM!YES!!
S!PIN!R16!BOTTOM!BOTTOM!YES!!
S!PIN!R16!BOTTOM!BOTTOM!YES!!
S!PIN!R13!BOTTOM!BOTTOM!YES!!
S!PIN!R13!BOTTOM!BOTTOM!YES!!
S!PIN!R10!BOTTOM!BOTTOM!YES!!
S!PIN!R10!BOTTOM!BOTTOM!YES!!
S!PIN!R19!BOTTOM!BOTTOM!YES!!
S!PIN!R19!BOTTOM!BOTTOM!YES!!
S!PIN!R17!BOTTOM!BOTTOM!YES!!
S!PIN!R17!BOTTOM!BOTTOM!YES!!
S!PIN!R11!BOTTOM!BOTTOM!YES!!
S!PIN!R11!BOTTOM!BOTTOM!YES!!
S!PIN!R8!BOTTOM!BOTTOM!YES!!
S!PIN!R8!BOTTOM!BOTTOM!YES!!
S!PIN!R18!BOTTOM!BOTTOM!YES!!
S!PIN!R18!BOTTOM!BOTTOM!YES!!
S!PIN!C28!BOTTOM!BOTTOM!YES!!
S!PIN!C28!BOTTOM!BOTTOM!YES!!
S!PIN!C22!BOTTOM!BOTTOM!YES!!
S!PIN!C22!BOTTOM!BOTTOM!YES!!
S!PIN!C27!BOTTOM!BOTTOM!YES!!
S!PIN!C27!BOTTOM!BOTTOM!YES!!
S!PIN!C24!BOTTOM!BOTTOM!YES!!
S!PIN!C24!BOTTOM!BOTTOM!YES!!
S!PIN!R7!BOTTOM!BOTTOM!YES!!
S!PIN!R7!BOTTOM!BOTTOM!YES!!
S!PIN!C25!BOTTOM!BOTTOM!YES!!
S!PIN!C25!BOTTOM!BOTTOM!YES!!
S!PIN!C21!BOTTOM!BOTTOM!YES!!
S!PIN!C21!BOTTOM!BOTTOM!YES!!
S!PIN!C7!BOTTOM!BOTTOM!YES!!
S!PIN!C7!BOTTOM!BOTTOM!YES!!
S!PIN!R59!BOTTOM!BOTTOM!YES!!
S!PIN!R59!BOTTOM!BOTTOM!YES!!
S!PIN!R58!BOTTOM!BOTTOM!YES!!
S!PIN!R58!BOTTOM!BOTTOM!YES!!
S!PIN!C11!TOP!TOP!NO!!
S!PIN!C11!TOP!TOP!NO!!
S!PIN!R61!BOTTOM!BOTTOM!YES!!
S!PIN!R61!BOTTOM!BOTTOM!YES!!
S!PIN!C39!BOTTOM!BOTTOM!YES!!
S!PIN!C39!BOTTOM!BOTTOM!YES!!
S!PIN!R60!BOTTOM!BOTTOM!YES!!
S!PIN!R60!BOTTOM!BOTTOM!YES!!
S!PIN!C2!BOTTOM!BOTTOM!YES!!
S!PIN!C2!BOTTOM!BOTTOM!YES!!
S!PIN!C1!BOTTOM!BOTTOM!YES!!
S!PIN!C1!BOTTOM!BOTTOM!YES!!
S!PIN!C72!TOP!TOP!NO!!
S!PIN!C72!TOP!TOP!NO!!
S!PIN!C71!BOTTOM!BOTTOM!YES!!
S!PIN!C71!BOTTOM!BOTTOM!YES!!
S!PIN!C17!TOP!TOP!NO!!
S!PIN!C17!TOP!TOP!NO!!
S!PIN!C8!BOTTOM!BOTTOM!YES!!
S!PIN!C8!BOTTOM!BOTTOM!YES!!
S!PIN!C117!TOP!TOP!NO!!
S!PIN!C117!TOP!TOP!NO!!
S!PIN!C9!TOP!TOP!NO!!
S!PIN!C9!TOP!TOP!NO!!
S!PIN!C20!BOTTOM!BOTTOM!YES!!
S!PIN!C20!BOTTOM!BOTTOM!YES!!
S!PIN!R1328!TOP!TOP!NO!!
S!PIN!R1328!TOP!TOP!NO!!
S!PIN!R242!BOTTOM!BOTTOM!YES!!
S!PIN!R242!BOTTOM!BOTTOM!YES!!
S!PIN!R138!TOP!TOP!NO!!
S!PIN!R138!TOP!TOP!NO!!
S!PIN!R43!BOTTOM!BOTTOM!YES!!
S!PIN!R43!BOTTOM!BOTTOM!YES!!
S!PIN!R42!BOTTOM!BOTTOM!YES!!
S!PIN!R42!BOTTOM!BOTTOM!YES!!
S!PIN!C69!TOP!TOP!NO!!
S!PIN!C69!TOP!TOP!NO!!
S!PIN!R38!BOTTOM!BOTTOM!YES!!
S!PIN!R38!BOTTOM!BOTTOM!YES!!
S!PIN!R36!BOTTOM!BOTTOM!YES!!
S!PIN!R36!BOTTOM!BOTTOM!YES!!
S!PIN!C26!BOTTOM!BOTTOM!YES!!
S!PIN!C26!BOTTOM!BOTTOM!YES!!
S!PIN!C23!BOTTOM!BOTTOM!YES!!
S!PIN!C23!BOTTOM!BOTTOM!YES!!
S!PIN!R35!BOTTOM!BOTTOM!YES!!
S!PIN!R35!BOTTOM!BOTTOM!YES!!
S!PIN!C60!TOP!TOP!NO!!
S!PIN!C60!TOP!TOP!NO!!
S!PIN!C59!TOP!TOP!NO!!
S!PIN!C59!TOP!TOP!NO!!
S!PIN!C58!TOP!TOP!NO!!
S!PIN!C58!TOP!TOP!NO!!
S!PIN!C57!TOP!TOP!NO!!
S!PIN!C57!TOP!TOP!NO!!
S!PIN!C56!TOP!TOP!NO!!
S!PIN!C56!TOP!TOP!NO!!
S!PIN!C55!TOP!TOP!NO!!
S!PIN!C55!TOP!TOP!NO!!
S!PIN!C53!BOTTOM!BOTTOM!YES!!
S!PIN!C53!BOTTOM!BOTTOM!YES!!
S!PIN!R37!BOTTOM!BOTTOM!YES!!
S!PIN!R37!BOTTOM!BOTTOM!YES!!
S!PIN!R51!BOTTOM!BOTTOM!YES!!
S!PIN!R51!BOTTOM!BOTTOM!YES!!
S!PIN!R50!BOTTOM!BOTTOM!YES!!
S!PIN!R50!BOTTOM!BOTTOM!YES!!
S!PIN!R45!TOP!TOP!NO!!
S!PIN!R45!TOP!TOP!NO!!
S!PIN!R46!TOP!TOP!NO!!
S!PIN!R46!TOP!TOP!NO!!
S!PIN!C63!TOP!TOP!NO!!
S!PIN!C63!TOP!TOP!NO!!
S!PIN!C62!TOP!TOP!NO!!
S!PIN!C62!TOP!TOP!NO!!
S!PIN!R1!TOP!TOP!NO!!
S!PIN!R1!TOP!TOP!NO!!
S!PIN!R5!BOTTOM!BOTTOM!YES!!
S!PIN!R5!BOTTOM!BOTTOM!YES!!
S!PIN!R56!BOTTOM!BOTTOM!YES!!
S!PIN!R56!BOTTOM!BOTTOM!YES!!
S!PIN!C61!TOP!TOP!NO!!
S!PIN!C61!TOP!TOP!NO!!
S!PIN!C52!BOTTOM!BOTTOM!YES!!
S!PIN!C52!BOTTOM!BOTTOM!YES!!
S!PIN!C70!TOP!TOP!NO!!
S!PIN!C70!TOP!TOP!NO!!
S!PIN!R103!TOP!TOP!NO!!
S!PIN!R103!TOP!TOP!NO!!
S!PIN!R39!TOP!TOP!NO!!
S!PIN!R39!TOP!TOP!NO!!
S!PIN!R140!BOTTOM!BOTTOM!YES!!
S!PIN!R140!BOTTOM!BOTTOM!YES!!
S!PIN!R411!BOTTOM!BOTTOM!YES!!
S!PIN!R411!BOTTOM!BOTTOM!YES!!
S!PIN!R142!BOTTOM!BOTTOM!YES!!
S!PIN!R142!BOTTOM!BOTTOM!YES!!
S!PIN!R143!BOTTOM!BOTTOM!YES!!
S!PIN!R143!BOTTOM!BOTTOM!YES!!
S!PIN!R6!BOTTOM!BOTTOM!YES!!
S!PIN!R6!BOTTOM!BOTTOM!YES!!
S!PIN!C38!BOTTOM!BOTTOM!YES!!
S!PIN!C38!BOTTOM!BOTTOM!YES!!
S!PIN!C107!TOP!TOP!NO!!
S!PIN!C107!TOP!TOP!NO!!
S!PIN!C13!BOTTOM!BOTTOM!YES!!
S!PIN!C13!BOTTOM!BOTTOM!YES!!
S!PIN!C14!TOP!TOP!NO!!
S!PIN!C14!TOP!TOP!NO!!
S!PIN!C16!TOP!TOP!NO!!
S!PIN!C16!TOP!TOP!NO!!
S!PIN!C18!TOP!TOP!NO!!
S!PIN!C18!TOP!TOP!NO!!
S!PIN!C15!TOP!TOP!NO!!
S!PIN!C15!TOP!TOP!NO!!
S!PIN!C33!BOTTOM!BOTTOM!YES!!
S!PIN!C33!BOTTOM!BOTTOM!YES!!
S!PIN!C34!BOTTOM!BOTTOM!YES!!
S!PIN!C34!BOTTOM!BOTTOM!YES!!
S!PIN!C36!BOTTOM!BOTTOM!YES!!
S!PIN!C36!BOTTOM!BOTTOM!YES!!
S!PIN!C37!TOP!TOP!NO!!
S!PIN!C37!TOP!TOP!NO!!
S!PIN!C40!BOTTOM!BOTTOM!YES!!
S!PIN!C40!BOTTOM!BOTTOM!YES!!
S!PIN!C41!BOTTOM!BOTTOM!YES!!
S!PIN!C41!BOTTOM!BOTTOM!YES!!
S!PIN!C29!TOP!TOP!NO!!
S!PIN!C29!TOP!TOP!NO!!
S!PIN!C30!TOP!TOP!NO!!
S!PIN!C30!TOP!TOP!NO!!
S!PIN!R24!TOP!TOP!NO!!
S!PIN!R24!TOP!TOP!NO!!
S!PIN!R25!TOP!TOP!NO!!
S!PIN!R25!TOP!TOP!NO!!
S!PIN!R22!TOP!TOP!NO!!
S!PIN!R22!TOP!TOP!NO!!
S!PIN!R23!TOP!TOP!NO!!
S!PIN!R23!TOP!TOP!NO!!
S!PIN!R29!TOP!TOP!NO!!
S!PIN!R29!TOP!TOP!NO!!
S!PIN!R28!TOP!TOP!NO!!
S!PIN!R28!TOP!TOP!NO!!
S!PIN!C19!BOTTOM!BOTTOM!YES!!
S!PIN!C19!BOTTOM!BOTTOM!YES!!
S!PIN!C4!BOTTOM!BOTTOM!YES!!
S!PIN!C4!BOTTOM!BOTTOM!YES!!
S!PIN!C5!TOP!TOP!NO!!
S!PIN!C5!TOP!TOP!NO!!
S!PIN!SFP1!TOP!BOTTOM!YES!!
S!PIN!SFP1!TOP!BOTTOM!YES!!
S!PIN!SFP1!TOP!BOTTOM!YES!!
S!PIN!SFP1!TOP!BOTTOM!YES!!
S!PIN!SFP1!TOP!BOTTOM!YES!!
S!PIN!SFP1!TOP!BOTTOM!YES!!
S!PIN!SFP1!TOP!BOTTOM!YES!!
S!PIN!SFP1!TOP!BOTTOM!YES!!
S!PIN!SFP1!TOP!BOTTOM!YES!!
S!PIN!SFP1!TOP!BOTTOM!YES!!
S!PIN!SFP1!TOP!BOTTOM!YES!!
S!PIN!SFP1!TOP!BOTTOM!YES!!
S!PIN!SFP1!TOP!BOTTOM!YES!!
S!PIN!SFP1!TOP!BOTTOM!YES!!
S!PIN!SFP1!TOP!BOTTOM!YES!!
S!PIN!SFP1!TOP!BOTTOM!YES!!
S!PIN!SFP1!TOP!BOTTOM!YES!!
S!PIN!SFP1!TOP!BOTTOM!YES!!
S!PIN!SFP1!TOP!BOTTOM!YES!!
S!PIN!SFP1!TOP!BOTTOM!YES!!
S!PIN!SFP1!!!YES!!
S!PIN!TP9!TOP!BOTTOM!YES!!
S!PIN!TP10!TOP!BOTTOM!YES!!
S!PIN!L1!TOP!TOP!NO!!
S!PIN!L1!TOP!TOP!NO!!
S!PIN!L2!TOP!TOP!NO!!
S!PIN!L2!TOP!TOP!NO!!
S!PIN!J4!BOTTOM!BOTTOM!YES!!
S!PIN!J4!BOTTOM!BOTTOM!YES!!
S!PIN!J4!BOTTOM!BOTTOM!YES!!
S!PIN!J4!BOTTOM!BOTTOM!YES!!
S!PIN!J4!BOTTOM!BOTTOM!YES!!
S!PIN!J4!BOTTOM!BOTTOM!YES!!
S!PIN!J4!BOTTOM!BOTTOM!YES!!
S!PIN!J4!BOTTOM!BOTTOM!YES!!
S!PIN!J4!BOTTOM!BOTTOM!YES!!
S!PIN!J4!BOTTOM!BOTTOM!YES!!
S!PIN!J4!BOTTOM!BOTTOM!YES!!
S!PIN!J4!BOTTOM!BOTTOM!YES!!
S!PIN!J4!BOTTOM!BOTTOM!YES!!
S!PIN!J4!BOTTOM!BOTTOM!YES!!
S!PIN!J4!BOTTOM!BOTTOM!YES!!
S!PIN!J4!BOTTOM!BOTTOM!YES!!
S!PIN!J4!BOTTOM!BOTTOM!YES!!
S!PIN!J4!BOTTOM!BOTTOM!YES!!
S!PIN!J4!BOTTOM!BOTTOM!YES!!
S!PIN!J4!BOTTOM!BOTTOM!YES!!
S!PIN!J4!TOP!BOTTOM!YES!!
S!PIN!J4!TOP!BOTTOM!YES!!
S!PIN!IC2!BOTTOM!BOTTOM!YES!!
S!PIN!IC2!BOTTOM!BOTTOM!YES!!
S!PIN!IC2!BOTTOM!BOTTOM!YES!!
S!PIN!IC2!BOTTOM!BOTTOM!YES!!
S!PIN!IC2!BOTTOM!BOTTOM!YES!!
S!PIN!IC2!BOTTOM!BOTTOM!YES!!
S!PIN!IC2!BOTTOM!BOTTOM!YES!!
S!PIN!IC2!BOTTOM!BOTTOM!YES!!
S!PIN!IC15!BOTTOM!BOTTOM!YES!!
S!PIN!IC15!BOTTOM!BOTTOM!YES!!
S!PIN!IC15!BOTTOM!BOTTOM!YES!!
S!PIN!IC15!BOTTOM!BOTTOM!YES!!
S!PIN!IC15!BOTTOM!BOTTOM!YES!!
S!PIN!IC15!BOTTOM!BOTTOM!YES!!
S!PIN!IC15!BOTTOM!BOTTOM!YES!!
S!PIN!IC15!BOTTOM!BOTTOM!YES!!
S!PIN!C35!BOTTOM!BOTTOM!YES!!
S!PIN!C35!BOTTOM!BOTTOM!YES!!
S!PIN!!TOP!BOTTOM!NO!!
S!PIN!!TOP!BOTTOM!NO!!
S!PIN!!TOP!BOTTOM!NO!!
S!PIN!!TOP!BOTTOM!NO!!
S!VIA CLASS!!TOP!BOTTOM!!!
S!VIA CLASS!!TOP!BOTTOM!!!
S!VIA CLASS!!TOP!BOTTOM!!!
S!VIA CLASS!!TOP!BOTTOM!!!
S!VIA CLASS!!TOP!BOTTOM!!!
S!VIA CLASS!!TOP!BOTTOM!!!
S!VIA CLASS!!TOP!BOTTOM!!!
S!VIA CLASS!!TOP!BOTTOM!!!
S!VIA CLASS!!TOP!BOTTOM!!!
S!VIA CLASS!!TOP!BOTTOM!!!
S!VIA CLASS!!TOP!BOTTOM!!!
S!VIA CLASS!!TOP!BOTTOM!!!
S!VIA CLASS!!TOP!BOTTOM!!!
S!VIA CLASS!!TOP!BOTTOM!!!
S!VIA CLASS!!TOP!BOTTOM!!!
S!VIA CLASS!!TOP!BOTTOM!!!
S!VIA CLASS!!TOP!BOTTOM!!!
S!VIA CLASS!!TOP!BOTTOM!!!
S!VIA CLASS!!TOP!BOTTOM!!!
S!VIA CLASS!!TOP!BOTTOM!!!
S!VIA CLASS!!TOP!BOTTOM!!!
S!VIA CLASS!!TOP!BOTTOM!!!
S!VIA CLASS!!TOP!BOTTOM!!!
S!VIA CLASS!!TOP!BOTTOM!!!
S!VIA CLASS!!TOP!BOTTOM!!!
S!VIA CLASS!!TOP!BOTTOM!!!
S!VIA CLASS!!TOP!BOTTOM!!!
S!VIA CLASS!!TOP!BOTTOM!!!
S!VIA CLASS!!TOP!BOTTOM!!!
S!VIA CLASS!!TOP!BOTTOM!!!
S!VIA CLASS!!TOP!BOTTOM!!!
S!VIA CLASS!!TOP!BOTTOM!!!
S!VIA CLASS!!TOP!BOTTOM!!!
S!VIA CLASS!!TOP!BOTTOM!!!
S!VIA CLASS!!TOP!BOTTOM!!!
S!VIA CLASS!PX4!TOP!BOTTOM!NO!!
S!VIA CLASS!!TOP!BOTTOM!!!
S!VIA CLASS!!TOP!BOTTOM!!!
S!VIA CLASS!!TOP!BOTTOM!!!
S!VIA CLASS!!TOP!BOTTOM!!!
S!VIA CLASS!!TOP!BOTTOM!!!
S!VIA CLASS!!TOP!BOTTOM!!!
S!VIA CLASS!!TOP!BOTTOM!!!
S!VIA CLASS!!TOP!BOTTOM!!!
S!VIA CLASS!!TOP!BOTTOM!!!
S!VIA CLASS!!TOP!BOTTOM!!!
S!VIA CLASS!!TOP!BOTTOM!!!
S!VIA CLASS!!TOP!BOTTOM!!!
S!VIA CLASS!!TOP!BOTTOM!!!
S!VIA CLASS!!TOP!BOTTOM!!!
S!VIA CLASS!!TOP!BOTTOM!!!
S!VIA CLASS!!TOP!BOTTOM!!!
S!VIA CLASS!!TOP!BOTTOM!!!
S!VIA CLASS!!TOP!BOTTOM!!!
S!VIA CLASS!!TOP!BOTTOM!!!
S!VIA CLASS!!TOP!BOTTOM!!!
S!VIA CLASS!!TOP!BOTTOM!!!
S!VIA CLASS!!TOP!BOTTOM!!!
S!VIA CLASS!!TOP!BOTTOM!!!
S!VIA CLASS!!TOP!BOTTOM!!!
S!VIA CLASS!!TOP!BOTTOM!!!
S!VIA CLASS!!TOP!BOTTOM!!!
S!VIA CLASS!!TOP!BOTTOM!!!
S!VIA CLASS!!TOP!BOTTOM!!!
S!VIA CLASS!!TOP!BOTTOM!!!
S!VIA CLASS!!TOP!BOTTOM!!!
S!VIA CLASS!!TOP!BOTTOM!!!
S!VIA CLASS!!TOP!BOTTOM!!!
S!VIA CLASS!!TOP!BOTTOM!!!
S!VIA CLASS!!TOP!BOTTOM!!!
S!VIA CLASS!!TOP!BOTTOM!!!
S!VIA CLASS!!TOP!BOTTOM!!!
S!VIA CLASS!!TOP!BOTTOM!!!
S!VIA CLASS!!TOP!BOTTOM!!!
S!VIA CLASS!!TOP!BOTTOM!!!
S!VIA CLASS!!TOP!BOTTOM!!!
S!VIA CLASS!!TOP!BOTTOM!!!
S!VIA CLASS!!TOP!BOTTOM!!!
S!VIA CLASS!!TOP!BOTTOM!!!
S!VIA CLASS!!TOP!BOTTOM!!!
S!VIA CLASS!!TOP!BOTTOM!!!
S!VIA CLASS!!TOP!BOTTOM!!!
S!VIA CLASS!!TOP!BOTTOM!!!
S!VIA CLASS!!TOP!BOTTOM!!!
S!VIA CLASS!!TOP!BOTTOM!!!
S!VIA CLASS!!TOP!BOTTOM!!!
S!VIA CLASS!!TOP!BOTTOM!!!
S!VIA CLASS!!TOP!BOTTOM!!!
S!VIA CLASS!!TOP!BOTTOM!!!
S!VIA CLASS!!TOP!BOTTOM!!!
S!VIA CLASS!!TOP!BOTTOM!!!
S!VIA CLASS!!TOP!BOTTOM!!!
S!VIA CLASS!!TOP!BOTTOM!!!
S!VIA CLASS!!TOP!BOTTOM!!!
S!VIA CLASS!!TOP!BOTTOM!!!
S!VIA CLASS!!TOP!BOTTOM!!!
S!VIA CLASS!!TOP!BOTTOM!!!
S!VIA CLASS!!TOP!BOTTOM!!!
S!VIA CLASS!!TOP!BOTTOM!!!
S!VIA CLASS!!TOP!BOTTOM!!!
S!VIA CLASS!!TOP!BOTTOM!!!
S!VIA CLASS!!TOP!BOTTOM!!!
S!VIA CLASS!!TOP!BOTTOM!!!
S!VIA CLASS!!TOP!BOTTOM!!!
S!VIA CLASS!!TOP!BOTTOM!!!
S!VIA CLASS!!TOP!BOTTOM!!!
S!VIA CLASS!!TOP!BOTTOM!!!
S!VIA CLASS!!TOP!BOTTOM!!!
S!VIA CLASS!!TOP!BOTTOM!!!
S!VIA CLASS!!TOP!BOTTOM!!!
S!VIA CLASS!!TOP!BOTTOM!!!
S!VIA CLASS!!TOP!BOTTOM!!!
S!VIA CLASS!!TOP!BOTTOM!!!
S!VIA CLASS!!TOP!BOTTOM!!!
S!VIA CLASS!!TOP!BOTTOM!!!
S!VIA CLASS!!TOP!BOTTOM!!!
S!VIA CLASS!!TOP!BOTTOM!!!
S!VIA CLASS!!TOP!BOTTOM!!!
S!VIA CLASS!!TOP!BOTTOM!!!
S!VIA CLASS!!TOP!BOTTOM!!!
S!VIA CLASS!!TOP!BOTTOM!!!
S!VIA CLASS!!TOP!BOTTOM!!!
S!VIA CLASS!!TOP!BOTTOM!!!
S!VIA CLASS!!TOP!BOTTOM!!!
S!VIA CLASS!!TOP!BOTTOM!!!
S!VIA CLASS!!TOP!BOTTOM!!!
S!VIA CLASS!!TOP!BOTTOM!!!
S!VIA CLASS!!TOP!BOTTOM!!!
S!VIA CLASS!!TOP!BOTTOM!!!
S!VIA CLASS!!TOP!BOTTOM!!!
S!VIA CLASS!!TOP!BOTTOM!!!
S!VIA CLASS!R43!TOP!BOTTOM!YES!!
S!VIA CLASS!R242!TOP!BOTTOM!YES!!
S!VIA CLASS!!TOP!BOTTOM!!!
S!VIA CLASS!!TOP!BOTTOM!!!
S!VIA CLASS!!TOP!BOTTOM!!!
S!VIA CLASS!!TOP!BOTTOM!!!
S!VIA CLASS!!TOP!BOTTOM!!!
S!VIA CLASS!!TOP!BOTTOM!!!
S!VIA CLASS!!TOP!BOTTOM!!!
S!VIA CLASS!!TOP!BOTTOM!!!
S!VIA CLASS!!TOP!BOTTOM!!!
S!VIA CLASS!!TOP!BOTTOM!!!
S!VIA CLASS!!TOP!BOTTOM!!!
S!VIA CLASS!R1!TOP!BOTTOM!NO!!
S!VIA CLASS!C17!TOP!BOTTOM!NO!!
S!VIA CLASS!!TOP!BOTTOM!!!
S!VIA CLASS!!TOP!BOTTOM!!!
S!VIA CLASS!!TOP!BOTTOM!!!
S!VIA CLASS!!TOP!BOTTOM!!!
S!VIA CLASS!!TOP!BOTTOM!!!
S!VIA CLASS!!TOP!BOTTOM!!!
S!VIA CLASS!!TOP!BOTTOM!!!
S!VIA CLASS!!TOP!BOTTOM!!!
S!VIA CLASS!!TOP!BOTTOM!!!
S!VIA CLASS!!TOP!BOTTOM!!!
S!VIA CLASS!!TOP!BOTTOM!!!
S!VIA CLASS!!TOP!BOTTOM!!!
S!VIA CLASS!!TOP!BOTTOM!!!
S!VIA CLASS!!TOP!BOTTOM!!!
S!VIA CLASS!!TOP!BOTTOM!!!
S!VIA CLASS!!TOP!BOTTOM!!!
S!VIA CLASS!!TOP!BOTTOM!!!
S!VIA CLASS!!TOP!BOTTOM!!!
S!VIA CLASS!!TOP!BOTTOM!!!
S!VIA CLASS!!TOP!BOTTOM!!!
S!VIA CLASS!!TOP!BOTTOM!!!
S!VIA CLASS!!TOP!BOTTOM!!!
S!VIA CLASS!!TOP!BOTTOM!!!
S!VIA CLASS!!TOP!BOTTOM!!!
S!VIA CLASS!!TOP!BOTTOM!!!
S!VIA CLASS!!TOP!BOTTOM!!!
S!VIA CLASS!!TOP!BOTTOM!!!
S!VIA CLASS!!TOP!BOTTOM!!!
S!VIA CLASS!!TOP!BOTTOM!!!
S!VIA CLASS!!TOP!BOTTOM!!!
S!VIA CLASS!!TOP!BOTTOM!!!
S!VIA CLASS!!TOP!BOTTOM!!!
S!VIA CLASS!!TOP!BOTTOM!!!
S!VIA CLASS!!TOP!BOTTOM!!!
S!VIA CLASS!!TOP!BOTTOM!!!
S!VIA CLASS!!TOP!BOTTOM!!!
S!VIA CLASS!!TOP!BOTTOM!!!
S!VIA CLASS!C4!TOP!BOTTOM!YES!!
S!VIA CLASS!!TOP!BOTTOM!!!
S!VIA CLASS!!TOP!BOTTOM!!!
S!VIA CLASS!!TOP!BOTTOM!!!
S!VIA CLASS!!TOP!BOTTOM!!!
S!VIA CLASS!!TOP!BOTTOM!!!
S!VIA CLASS!!TOP!BOTTOM!!!
S!VIA CLASS!!TOP!BOTTOM!!!
S!VIA CLASS!!TOP!BOTTOM!!!
S!VIA CLASS!!TOP!BOTTOM!!!
S!VIA CLASS!!TOP!BOTTOM!!!
S!VIA CLASS!!TOP!BOTTOM!!!
S!VIA CLASS!!TOP!BOTTOM!!!
S!VIA CLASS!!TOP!BOTTOM!!!
S!VIA CLASS!!TOP!BOTTOM!!!
S!VIA CLASS!!TOP!BOTTOM!!!
S!VIA CLASS!!TOP!BOTTOM!!!
S!VIA CLASS!!TOP!BOTTOM!!!
S!VIA CLASS!!TOP!BOTTOM!!!
S!VIA CLASS!!TOP!BOTTOM!!!
S!VIA CLASS!!TOP!BOTTOM!!!
S!VIA CLASS!!TOP!BOTTOM!!!
S!VIA CLASS!!TOP!BOTTOM!!!
S!VIA CLASS!!TOP!BOTTOM!!!
S!VIA CLASS!!TOP!BOTTOM!!!
S!VIA CLASS!!TOP!BOTTOM!!!
S!VIA CLASS!!TOP!BOTTOM!!!
S!VIA CLASS!!TOP!BOTTOM!!!
S!VIA CLASS!!TOP!BOTTOM!!!
S!VIA CLASS!!TOP!BOTTOM!!!
S!VIA CLASS!!TOP!BOTTOM!!!
S!VIA CLASS!!TOP!BOTTOM!!!
S!VIA CLASS!!TOP!BOTTOM!!!
S!VIA CLASS!!TOP!BOTTOM!!!
S!VIA CLASS!!TOP!BOTTOM!!!
S!VIA CLASS!!TOP!BOTTOM!!!
S!VIA CLASS!!TOP!BOTTOM!!!
S!VIA CLASS!!TOP!BOTTOM!!!
S!VIA CLASS!!TOP!BOTTOM!!!
S!VIA CLASS!!TOP!BOTTOM!!!
S!VIA CLASS!!TOP!BOTTOM!!!
S!VIA CLASS!!TOP!BOTTOM!!!
S!VIA CLASS!!TOP!BOTTOM!!!
S!VIA CLASS!!TOP!BOTTOM!!!
S!VIA CLASS!!TOP!BOTTOM!!!
S!VIA CLASS!!TOP!BOTTOM!!!
S!VIA CLASS!!TOP!BOTTOM!!!
S!VIA CLASS!!TOP!BOTTOM!!!
S!VIA CLASS!!TOP!BOTTOM!!!
S!VIA CLASS!!TOP!BOTTOM!!!
S!VIA CLASS!!TOP!BOTTOM!!!
S!VIA CLASS!!TOP!BOTTOM!!!
S!VIA CLASS!!TOP!BOTTOM!!!
S!VIA CLASS!!TOP!BOTTOM!!!
S!VIA CLASS!!TOP!BOTTOM!!!
S!VIA CLASS!!TOP!BOTTOM!!!
S!VIA CLASS!!TOP!BOTTOM!!!
S!VIA CLASS!!TOP!BOTTOM!!!
S!VIA CLASS!!TOP!BOTTOM!!!
S!VIA CLASS!!TOP!BOTTOM!!!
S!VIA CLASS!!TOP!BOTTOM!!!
S!VIA CLASS!!TOP!BOTTOM!!!
S!VIA CLASS!!TOP!BOTTOM!!!
S!VIA CLASS!!TOP!BOTTOM!!!
S!VIA CLASS!!TOP!BOTTOM!!!
S!VIA CLASS!!TOP!BOTTOM!!!
S!VIA CLASS!!TOP!BOTTOM!!!
S!VIA CLASS!!TOP!BOTTOM!!!
S!VIA CLASS!!TOP!BOTTOM!!!
S!VIA CLASS!!TOP!BOTTOM!!!
S!VIA CLASS!!TOP!BOTTOM!!!
S!VIA CLASS!!TOP!BOTTOM!!!
S!VIA CLASS!!TOP!BOTTOM!!!
S!VIA CLASS!!TOP!BOTTOM!!!
S!VIA CLASS!C17!TOP!BOTTOM!NO!!
S!VIA CLASS!C70!TOP!BOTTOM!NO!!
S!VIA CLASS!!TOP!BOTTOM!!!
S!VIA CLASS!!TOP!BOTTOM!!!
S!VIA CLASS!!TOP!BOTTOM!!!
S!VIA CLASS!!TOP!BOTTOM!!!
S!VIA CLASS!!TOP!BOTTOM!!!
S!VIA CLASS!!TOP!BOTTOM!!!
S!VIA CLASS!!TOP!BOTTOM!!!
S!VIA CLASS!!TOP!BOTTOM!!!
S!VIA CLASS!!TOP!BOTTOM!!!
S!VIA CLASS!!TOP!BOTTOM!!!
S!VIA CLASS!!TOP!BOTTOM!!!
S!VIA CLASS!!TOP!BOTTOM!!!
S!VIA CLASS!!TOP!BOTTOM!!!
S!VIA CLASS!C18!TOP!BOTTOM!NO!!
S!VIA CLASS!!TOP!BOTTOM!!!
S!VIA CLASS!!TOP!BOTTOM!!!
S!VIA CLASS!!TOP!BOTTOM!!!
S!VIA CLASS!!TOP!BOTTOM!!!
S!VIA CLASS!!TOP!BOTTOM!!!
S!VIA CLASS!C56!TOP!BOTTOM!NO!!
S!VIA CLASS!C55!TOP!BOTTOM!NO!!
S!VIA CLASS!!TOP!BOTTOM!!!
S!VIA CLASS!!TOP!BOTTOM!!!
S!VIA CLASS!!TOP!BOTTOM!!!
S!VIA CLASS!R38!TOP!BOTTOM!YES!!
S!VIA CLASS!C53!TOP!BOTTOM!YES!!
S!VIA CLASS!R36!TOP!BOTTOM!YES!!
S!VIA CLASS!C52!TOP!BOTTOM!YES!!
S!VIA CLASS!!TOP!BOTTOM!!!
S!VIA CLASS!!TOP!BOTTOM!!!
S!VIA CLASS!!TOP!BOTTOM!!!
S!VIA CLASS!IC8!TOP!BOTTOM!YES!!
S!VIA CLASS!PX4!TOP!BOTTOM!NO!!
S!VIA CLASS!PX4!TOP!BOTTOM!NO!!
S!VIA CLASS!!TOP!BOTTOM!!!
S!VIA CLASS!!TOP!BOTTOM!!!
S!VIA CLASS!!TOP!BOTTOM!!!
S!VIA CLASS!!TOP!BOTTOM!!!
S!VIA CLASS!!TOP!BOTTOM!!!
S!VIA CLASS!!TOP!BOTTOM!!!
S!VIA CLASS!!TOP!BOTTOM!!!
S!VIA CLASS!!TOP!BOTTOM!!!
S!VIA CLASS!!TOP!BOTTOM!!!
S!VIA CLASS!!TOP!BOTTOM!!!
S!VIA CLASS!!TOP!BOTTOM!!!
S!VIA CLASS!!TOP!BOTTOM!!!
S!VIA CLASS!!TOP!BOTTOM!!!
S!VIA CLASS!!TOP!BOTTOM!!!
S!VIA CLASS!!TOP!BOTTOM!!!
S!VIA CLASS!!TOP!BOTTOM!!!
S!VIA CLASS!!TOP!BOTTOM!!!
S!VIA CLASS!!TOP!BOTTOM!!!
S!VIA CLASS!!TOP!BOTTOM!!!
S!VIA CLASS!!TOP!BOTTOM!!!
S!VIA CLASS!!TOP!BOTTOM!!!
S!VIA CLASS!!TOP!BOTTOM!!!
S!VIA CLASS!!TOP!BOTTOM!!!
S!VIA CLASS!!TOP!BOTTOM!!!
S!VIA CLASS!!TOP!BOTTOM!!!
S!VIA CLASS!!TOP!BOTTOM!!!
S!VIA CLASS!!TOP!BOTTOM!!!
S!VIA CLASS!!TOP!BOTTOM!!!
S!VIA CLASS!!TOP!BOTTOM!!!
S!VIA CLASS!!TOP!BOTTOM!!!
S!VIA CLASS!!TOP!BOTTOM!!!
S!VIA CLASS!!TOP!BOTTOM!!!
S!VIA CLASS!!TOP!BOTTOM!!!
S!VIA CLASS!!TOP!BOTTOM!!!
S!VIA CLASS!!TOP!BOTTOM!!!
S!VIA CLASS!!TOP!BOTTOM!!!
S!VIA CLASS!!TOP!BOTTOM!!!
S!VIA CLASS!!TOP!BOTTOM!!!
S!VIA CLASS!!TOP!BOTTOM!!!
S!VIA CLASS!!TOP!BOTTOM!!!
S!VIA CLASS!!TOP!BOTTOM!!!
S!VIA CLASS!!TOP!BOTTOM!!!
S!VIA CLASS!!TOP!BOTTOM!!!
S!VIA CLASS!!TOP!BOTTOM!!!
S!VIA CLASS!!TOP!BOTTOM!!!
S!VIA CLASS!!TOP!BOTTOM!!!
S!VIA CLASS!!TOP!BOTTOM!!!
S!VIA CLASS!!TOP!BOTTOM!!!
S!VIA CLASS!!TOP!BOTTOM!!!
S!VIA CLASS!!TOP!BOTTOM!!!
S!VIA CLASS!!TOP!BOTTOM!!!
S!VIA CLASS!!TOP!BOTTOM!!!
S!VIA CLASS!!TOP!BOTTOM!!!
S!VIA CLASS!!TOP!BOTTOM!!!
S!VIA CLASS!!TOP!BOTTOM!!!
S!VIA CLASS!!TOP!BOTTOM!!!
S!VIA CLASS!!TOP!BOTTOM!!!
S!VIA CLASS!!TOP!BOTTOM!!!
S!VIA CLASS!!TOP!BOTTOM!!!
S!VIA CLASS!!TOP!BOTTOM!!!
S!VIA CLASS!!TOP!BOTTOM!!!
S!VIA CLASS!!TOP!BOTTOM!!!
S!VIA CLASS!!TOP!BOTTOM!!!
S!VIA CLASS!!TOP!BOTTOM!!!
S!VIA CLASS!!TOP!BOTTOM!!!
S!VIA CLASS!!TOP!BOTTOM!!!
S!VIA CLASS!!TOP!BOTTOM!!!
S!VIA CLASS!!TOP!BOTTOM!!!
S!VIA CLASS!!TOP!BOTTOM!!!
S!VIA CLASS!!TOP!BOTTOM!!!
S!VIA CLASS!!TOP!BOTTOM!!!
S!VIA CLASS!!TOP!BOTTOM!!!
S!VIA CLASS!!TOP!BOTTOM!!!
S!VIA CLASS!!TOP!BOTTOM!!!
S!VIA CLASS!!TOP!BOTTOM!!!
S!VIA CLASS!!TOP!BOTTOM!!!
S!VIA CLASS!!TOP!BOTTOM!!!
S!VIA CLASS!!TOP!BOTTOM!!!
S!VIA CLASS!!TOP!BOTTOM!!!
S!VIA CLASS!!TOP!BOTTOM!!!
S!VIA CLASS!!TOP!BOTTOM!!!
S!VIA CLASS!!TOP!BOTTOM!!!
S!VIA CLASS!!TOP!BOTTOM!!!
S!VIA CLASS!!TOP!BOTTOM!!!
S!VIA CLASS!!TOP!BOTTOM!!!
S!VIA CLASS!!TOP!BOTTOM!!!
S!VIA CLASS!!TOP!BOTTOM!!!
S!VIA CLASS!!TOP!BOTTOM!!!
S!VIA CLASS!!TOP!BOTTOM!!!
S!VIA CLASS!!TOP!BOTTOM!!!
S!VIA CLASS!!TOP!BOTTOM!!!
S!VIA CLASS!!TOP!BOTTOM!!!
S!VIA CLASS!!TOP!BOTTOM!!!
S!VIA CLASS!!TOP!BOTTOM!!!
S!VIA CLASS!!TOP!BOTTOM!!!
S!VIA CLASS!!TOP!BOTTOM!!!
S!VIA CLASS!!TOP!BOTTOM!!!
S!VIA CLASS!!TOP!BOTTOM!!!
S!VIA CLASS!!TOP!BOTTOM!!!
S!VIA CLASS!!TOP!BOTTOM!!!
S!VIA CLASS!!TOP!BOTTOM!!!
S!VIA CLASS!!TOP!BOTTOM!!!
S!VIA CLASS!!TOP!BOTTOM!!!
S!VIA CLASS!!TOP!BOTTOM!!!
S!VIA CLASS!!TOP!BOTTOM!!!
S!VIA CLASS!!TOP!BOTTOM!!!
S!VIA CLASS!!TOP!BOTTOM!!!
S!VIA CLASS!!TOP!BOTTOM!!!
S!VIA CLASS!!TOP!BOTTOM!!!
S!VIA CLASS!!TOP!BOTTOM!!!
S!VIA CLASS!!TOP!BOTTOM!!!
S!VIA CLASS!!TOP!BOTTOM!!!
S!VIA CLASS!!TOP!BOTTOM!!!
S!VIA CLASS!!TOP!BOTTOM!!!
S!VIA CLASS!!TOP!BOTTOM!!!
S!VIA CLASS!!TOP!BOTTOM!!!
S!VIA CLASS!!TOP!BOTTOM!!!
S!VIA CLASS!!TOP!BOTTOM!!!
S!VIA CLASS!!TOP!BOTTOM!!!
S!VIA CLASS!!TOP!BOTTOM!!!
S!VIA CLASS!!TOP!BOTTOM!!!
S!VIA CLASS!!TOP!BOTTOM!!!
S!VIA CLASS!!TOP!BOTTOM!!!
S!VIA CLASS!!TOP!BOTTOM!!!
S!VIA CLASS!!TOP!BOTTOM!!!
S!VIA CLASS!!TOP!BOTTOM!!!
S!VIA CLASS!!TOP!BOTTOM!!!
S!VIA CLASS!!TOP!BOTTOM!!!
S!VIA CLASS!!TOP!BOTTOM!!!
S!VIA CLASS!!TOP!BOTTOM!!!
S!VIA CLASS!!TOP!BOTTOM!!!
S!VIA CLASS!!TOP!BOTTOM!!!
S!VIA CLASS!!TOP!BOTTOM!!!
S!VIA CLASS!!TOP!BOTTOM!!!
S!VIA CLASS!!TOP!BOTTOM!!!
S!VIA CLASS!!TOP!BOTTOM!!!
S!VIA CLASS!!TOP!BOTTOM!!!
S!VIA CLASS!!TOP!BOTTOM!!!
S!VIA CLASS!!TOP!BOTTOM!!!
S!VIA CLASS!!TOP!BOTTOM!!!
S!VIA CLASS!!TOP!BOTTOM!!!
S!VIA CLASS!!TOP!BOTTOM!!!
S!VIA CLASS!!TOP!BOTTOM!!!
S!VIA CLASS!!TOP!BOTTOM!!!
S!VIA CLASS!!TOP!BOTTOM!!!
S!VIA CLASS!!TOP!BOTTOM!!!
S!VIA CLASS!!TOP!BOTTOM!!!
S!VIA CLASS!!TOP!BOTTOM!!!
S!VIA CLASS!!TOP!BOTTOM!!!
S!VIA CLASS!!TOP!BOTTOM!!!
S!VIA CLASS!!TOP!BOTTOM!!!
S!VIA CLASS!!TOP!BOTTOM!!!
S!VIA CLASS!!TOP!BOTTOM!!!
S!VIA CLASS!!TOP!BOTTOM!!!
S!VIA CLASS!!TOP!BOTTOM!!!
S!VIA CLASS!!TOP!BOTTOM!!!
S!VIA CLASS!!TOP!BOTTOM!!!
S!VIA CLASS!!TOP!BOTTOM!!!
S!VIA CLASS!!TOP!BOTTOM!!!
S!VIA CLASS!!TOP!BOTTOM!!!
S!VIA CLASS!!TOP!BOTTOM!!!
S!VIA CLASS!!TOP!BOTTOM!!!
S!VIA CLASS!!TOP!BOTTOM!!!
S!VIA CLASS!!TOP!BOTTOM!!!
S!VIA CLASS!!TOP!BOTTOM!!!
S!VIA CLASS!!TOP!BOTTOM!!!
S!VIA CLASS!!TOP!BOTTOM!!!
S!VIA CLASS!!TOP!BOTTOM!!!
S!VIA CLASS!!TOP!BOTTOM!!!
S!VIA CLASS!!TOP!BOTTOM!!!
S!VIA CLASS!!TOP!BOTTOM!!!
S!VIA CLASS!!TOP!BOTTOM!!!
S!VIA CLASS!!TOP!BOTTOM!!!
S!VIA CLASS!!TOP!BOTTOM!!!
S!VIA CLASS!!TOP!BOTTOM!!!
S!VIA CLASS!!TOP!BOTTOM!!!
S!VIA CLASS!!TOP!BOTTOM!!!
S!VIA CLASS!!TOP!BOTTOM!!!
S!VIA CLASS!!TOP!BOTTOM!!!
S!VIA CLASS!!TOP!BOTTOM!!!
S!VIA CLASS!!TOP!BOTTOM!!!
S!VIA CLASS!!TOP!BOTTOM!!!
S!VIA CLASS!!TOP!BOTTOM!!!
S!VIA CLASS!!TOP!BOTTOM!!!
S!VIA CLASS!!TOP!BOTTOM!!!
S!VIA CLASS!!TOP!BOTTOM!!!
S!VIA CLASS!!TOP!BOTTOM!!!
S!VIA CLASS!!TOP!BOTTOM!!!
S!VIA CLASS!!TOP!BOTTOM!!!
S!VIA CLASS!!TOP!BOTTOM!!!
S!VIA CLASS!!TOP!BOTTOM!!!
S!VIA CLASS!!TOP!BOTTOM!!!
S!VIA CLASS!C4!TOP!BOTTOM!YES!!
S!VIA CLASS!!TOP!BOTTOM!!!
S!VIA CLASS!!TOP!BOTTOM!!!
S!VIA CLASS!!TOP!BOTTOM!!!
S!VIA CLASS!!TOP!BOTTOM!!!
S!VIA CLASS!!TOP!BOTTOM!!!
S!VIA CLASS!C70!TOP!BOTTOM!NO!!
S!VIA CLASS!!TOP!BOTTOM!!!
S!VIA CLASS!!TOP!BOTTOM!!!
S!VIA CLASS!!TOP!BOTTOM!!!
S!VIA CLASS!!TOP!BOTTOM!!!
S!VIA CLASS!!TOP!BOTTOM!!!
S!VIA CLASS!!TOP!BOTTOM!!!
S!VIA CLASS!!TOP!BOTTOM!!!
S!VIA CLASS!!TOP!BOTTOM!!!
S!VIA CLASS!!TOP!BOTTOM!!!
S!VIA CLASS!!TOP!BOTTOM!!!
S!VIA CLASS!!TOP!BOTTOM!!!
S!VIA CLASS!!TOP!BOTTOM!!!
S!VIA CLASS!!TOP!BOTTOM!!!
S!VIA CLASS!!TOP!BOTTOM!!!
S!VIA CLASS!!TOP!BOTTOM!!!
S!VIA CLASS!!TOP!BOTTOM!!!
S!VIA CLASS!!TOP!BOTTOM!!!
S!VIA CLASS!!TOP!BOTTOM!!!
S!VIA CLASS!C56!TOP!BOTTOM!NO!!
S!VIA CLASS!C55!TOP!BOTTOM!NO!!
S!VIA CLASS!!TOP!BOTTOM!!!
S!VIA CLASS!!TOP!BOTTOM!!!
S!VIA CLASS!IC8!TOP!BOTTOM!YES!!
S!VIA CLASS!!TOP!BOTTOM!!!
S!VIA CLASS!!TOP!BOTTOM!!!
S!VIA CLASS!!TOP!BOTTOM!!!
S!VIA CLASS!!TOP!BOTTOM!!!
S!VIA CLASS!!TOP!BOTTOM!!!
S!VIA CLASS!!TOP!BOTTOM!!!
S!VIA CLASS!!TOP!BOTTOM!!!
S!VIA CLASS!!TOP!BOTTOM!!!
S!VIA CLASS!!TOP!BOTTOM!!!
S!VIA CLASS!!TOP!BOTTOM!!!
S!VIA CLASS!!TOP!BOTTOM!!!
S!VIA CLASS!!TOP!BOTTOM!!!
S!VIA CLASS!!TOP!BOTTOM!!!
S!VIA CLASS!!TOP!BOTTOM!!!
S!VIA CLASS!!TOP!BOTTOM!!!
S!VIA CLASS!!TOP!BOTTOM!!!
S!VIA CLASS!!TOP!BOTTOM!!!
S!VIA CLASS!!TOP!BOTTOM!!!
S!VIA CLASS!!TOP!BOTTOM!!!
S!VIA CLASS!!TOP!BOTTOM!!!
