A!REFDES!PART_NUMBER!REUSE_ID!HARD_LOCATION!DATASHEET!PACKAGE_HEIGHT_MAX!HEIGHT!SCEM!SCH_MODIFIED_PART!MOUNTED!PWR!TOL!VOLT!VALUE!CASE!DATASHEET_URL!DESCRIPTION!MANUFACTURER!PARENT_PART_TYPE!PARENT_PPT!PARENT_PPT_PART!PART_NAME!PART_NUMBER!REF_DES_PREFIX!SMD!STATUS!
J!Z:/cad/designs/uob-hep-pc069/hardware/Cadence/worklib/pc069b_toplevel/physical/pc069b_toplevel_16.brd!Tue Aug 22 16:52:56 2023!-315.1182!-288.1258!426.2018!384.9302!0.0001!millimeters!PC069B_TOPLEVEL!63.444094 mil!6!UP TO DATE!
S!R27!R0603_51R_1%_0.1W_100PPM!!!!!!http://edhcat.cern.ch/edhcat/Browser?command=searchItems&scem=11.24.03.151.5!!!0.1W!1%!!51!0603!!SMD Resistor!GENERIC!RSMD0603_1/10W!RSMD0603!RSMD0603_1/10W-51,1%!RSMD0603!R0603_51R_1%_0.1W_100PPM!!YES!Preferred!
S!R30!R0603_51R_1%_0.1W_100PPM!4!!!!!http://edhcat.cern.ch/edhcat/Browser?command=searchItems&scem=11.24.03.151.5!!!0.1W!1%!!51!0603!!SMD Resistor!GENERIC!RSMD0603_1/10W!RSMD0603!RSMD0603_1/10W-51,1%!RSMD0603!R0603_51R_1%_0.1W_100PPM!!YES!Preferred!
S!R31!R0603_51R_1%_0.1W_100PPM!!!!!!http://edhcat.cern.ch/edhcat/Browser?command=searchItems&scem=11.24.03.151.5!!!0.1W!1%!!51!0603!!SMD Resistor!GENERIC!RSMD0603_1/10W!RSMD0603!RSMD0603_1/10W-51,1%!RSMD0603!R0603_51R_1%_0.1W_100PPM!!YES!Preferred!
S!QZ1!SIT5021AI-2DE-25E-50.000000!!!!!!!TRUE!!!!!50MHz!7.0x5.0mm!file://cern.ch/dfs/services/cdslib/datasheets/osc_sitime_sit5021.pdf!2.5V 5ppm 7x5mm LVDS High Performance Differential (VC) TCXO with Output Enable - SiT5021 Series!SI TIME!OSC_6P_ENDIS_OUTP_OUTN_145!OSC_6P_ENDIS_OUTP_OUTN!SIT5021AI-2DE-25E-50.000000!OSC_6P_ENDIS_OUTP_OUTN!SIT5021AI-2DE-25E-50.000000!!YES!Preferred!
S!L3!BLM18AG102SN1!!!!!!!!!!!!!0603!file://cern.ch/dfs/services/cdslib/datasheets/ind_murata_BLM18A_series.pdf!400mA 1Kohm SMD Chip Ferrite Bead!MURATA!FERRITE_SMD!FERRITE!FERRITE_SMD-BLM18AG102SN1,MURATA!FERRITE!BLM18AG102SN1!!YES!Preferred!
S!IC11!!!!https://www.ti.com/lit/ds/symlink/tmp1075.pdf!0.6 MM!0.6 mm!!!!!!!!!!I2C temperature probe. LM75 compatiblehttps://www.ti.com/lit/ds/symlink/tmp1075.pdf!!TMP1075NDRLR_SOT!TMP1075NDRLR!TMP1075NDRLR-TEXAS INSTRUMENTS,TMP1075NDRLR!TMP1075NDRLR!!!!!
S!C42!CC0603_100NF_16V_10%_X7R!!!!!!!!!!10%!16V!100nF!0603!!SMD X7R Ceramic Capacitor!GENERIC!CAPCERSMDCL2_0603!CAPCERSMDCL2!CAPCERSMDCL2_0603-100NF,16V!CAPCERSMDCL2!CC0603_100NF_16V_10%_X7R!!YES!Preferred!
S!U1!MAX9381ESA!!!!!!!!!!!!!!!!!MAX9381ESA_SMD!MAX9381ESA!MAX9381ESA_SMD-MAX9381ESA!MAX9381ESA!MAX9381ESA!!!!
S!REG1!LM1117MPX-1.8!!!!!!!TRUE!!!!!!!!1.8V 800mA Low-DropOut Linear Regulator!NATIONAL SEMICONDUCTOR!LM1117!LM1117!LM1117-MPX-1.8!LM1117!LM1117MPX-1.8!!!!
S!IC4!SY58608UMG!!!!!!!TRUE!!!!!!QFN16!file://cern.ch/dfs/Services/cdslib/datasheets/sy58608u.pdf!3.2Gbps Precision, 1:2 LVDS Fanout Buffer with Internal Termination and Fail Safe Input!MICREL!SY58608U_QFN!SY58608U!SY58608UMG!SY58608U!SY58608UMG!!YES!Preferred!
S!C12!T491A226K010A!!!!!!!!!!!!22uF!B!!Tantalum Electrolytic Capacitor!KEMET!ELCAPTAN_SMD!ELCAPTAN!ELCAPTAN_SMD-22UF,10V!ELCAPTAN!T491A226K010A!!YES!!
S!TP4!TP_HOLE_0.5mm!!!!!!!!NO!!!!!_!!Stand-Alone 0.5mm Hole for Test Probe!!TP_HOLE!TP!TP_HOLE-0.5MM!TP!TP_HOLE_0.5mm!!NO!!
S!TP5!TP_HOLE_0.5mm!!!!!!!!NO!!!!!_!!Stand-Alone 0.5mm Hole for Test Probe!!TP_HOLE!TP!TP_HOLE-0.5MM!TP!TP_HOLE_0.5mm!!NO!!
S!TP6!TP_HOLE_0.5mm!!!!!!!!NO!!!!!_!!Stand-Alone 0.5mm Hole for Test Probe!!TP_HOLE!TP!TP_HOLE-0.5MM!TP!TP_HOLE_0.5mm!!NO!!
S!TP1!TP_HOLE_0.5mm!!!!!!!!NO!!!!!_!!Stand-Alone 0.5mm Hole for Test Probe!!TP_HOLE!TP!TP_HOLE-0.5MM!TP!TP_HOLE_0.5mm!!NO!!
S!TP2!TP_HOLE_0.5mm!!!!!!!!NO!!!!!_!!Stand-Alone 0.5mm Hole for Test Probe!!TP_HOLE!TP!TP_HOLE-0.5MM!TP!TP_HOLE_0.5mm!!NO!!
S!TP3!TP_HOLE_0.5mm!!!!!!!!NO!!!!!_!!Stand-Alone 0.5mm Hole for Test Probe!!TP_HOLE!TP!TP_HOLE-0.5MM!TP!TP_HOLE_0.5mm!!NO!!
S!R2!R0603_100R_1%_0.1W_100PPM!!!!!!http://edhcat.cern.ch/edhcat/Browser?command=searchItems&scem=11.24.03.200.9!!!0.1W!1%!!100!0603!!SMD Resistor!GENERIC!RSMD0603_1/10W!RSMD0603!RSMD0603_1/10W-100,1%!RSMD0603!R0603_100R_1%_0.1W_100PPM!!YES!Preferred!
S!R3!R0603_100R_1%_0.1W_100PPM!!!!!!http://edhcat.cern.ch/edhcat/Browser?command=searchItems&scem=11.24.03.200.9!!!0.1W!1%!!100!0603!!SMD Resistor!GENERIC!RSMD0603_1/10W!RSMD0603!RSMD0603_1/10W-100,1%!RSMD0603!R0603_100R_1%_0.1W_100PPM!!YES!Preferred!
S!R12!R0603_200R_1%_0.1W_100PPM!!!!!!http://edhcat.cern.ch/edhcat/Browser?command=searchItems&scem=11.24.03.220.5!!!0.1W!1%!!200!0603!!SMD Resistor!GENERIC!RSMD0603_1/10W!RSMD0603!RSMD0603_1/10W-200,1%!RSMD0603!R0603_200R_1%_0.1W_100PPM!!YES!Preferred!
S!R52!R0603_200R_1%_0.1W_100PPM!!!!!!http://edhcat.cern.ch/edhcat/Browser?command=searchItems&scem=11.24.03.220.5!!!0.1W!1%!!200!0603!!SMD Resistor!GENERIC!RSMD0603_1/10W!RSMD0603!RSMD0603_1/10W-200,1%!RSMD0603!R0603_200R_1%_0.1W_100PPM!!YES!Preferred!
S!R54!R0603_200R_1%_0.1W_100PPM!!!!!!http://edhcat.cern.ch/edhcat/Browser?command=searchItems&scem=11.24.03.220.5!!!0.1W!1%!!200!0603!!SMD Resistor!GENERIC!RSMD0603_1/10W!RSMD0603!RSMD0603_1/10W-200,1%!RSMD0603!R0603_200R_1%_0.1W_100PPM!!YES!Preferred!
S!R57!R0603_200R_1%_0.1W_100PPM!!!!!!http://edhcat.cern.ch/edhcat/Browser?command=searchItems&scem=11.24.03.220.5!!!0.1W!1%!!200!0603!!SMD Resistor!GENERIC!RSMD0603_1/10W!RSMD0603!RSMD0603_1/10W-200,1%!RSMD0603!R0603_200R_1%_0.1W_100PPM!!YES!Preferred!
S!R4!R0603_825R_1%_0.1W_100PPM!!!!!!!!!0.1W!1%!!825!0603!!SMD Resistor!GENERIC!RSMD0603_1/10W!RSMD0603!RSMD0603_1/10W-825,1%!RSMD0603!R0603_825R_1%_0.1W_100PPM!!YES!Preferred!
S!R34!R0603_825R_1%_0.1W_100PPM!!!!!!!!!0.1W!1%!!825!0603!!SMD Resistor!GENERIC!RSMD0603_1/10W!RSMD0603!RSMD0603_1/10W-825,1%!RSMD0603!R0603_825R_1%_0.1W_100PPM!!YES!Preferred!
S!R53!R0603_825R_1%_0.1W_100PPM!!!!!!!!!0.1W!1%!!825!0603!!SMD Resistor!GENERIC!RSMD0603_1/10W!RSMD0603!RSMD0603_1/10W-825,1%!RSMD0603!R0603_825R_1%_0.1W_100PPM!!YES!Preferred!
S!R55!R0603_825R_1%_0.1W_100PPM!!!!!!!!!0.1W!1%!!825!0603!!SMD Resistor!GENERIC!RSMD0603_1/10W!RSMD0603!RSMD0603_1/10W-825,1%!RSMD0603!R0603_825R_1%_0.1W_100PPM!!YES!Preferred!
S!IC3!Si5345A-D-GM!!!!!!!TRUE!!!!!!QFN64!file://cern.ch/dfs/services/cdslib/datasheets/si5345.pdf!712.5MHz (Integer+Fractional), 10-Channel, Any-Frequency, Any-Output Jitter Attenuator/Clock Multiplier!SILICON LABS!SI5345_QFN!SI5345!SI5345A-D-GM!SI5345!Si5345A-D-GM!!YES!Preferred!
S!C64!CC0603_10UF_6V3_10%_X5R!!!!!!!!!!10%!6.3V!10uF!0603!!SMD X5R Ceramic Capacitor!GENERIC!CAPCERSMDCL2_0603!CAPCERSMDCL2!CAPCERSMDCL2_0603-10UF_X5R,6.3V!CAPCERSMDCL2!CC0603_10UF_6V3_10%_X5R!!YES!Preferred!
S!R60!R0402_XX_1%_0.063W!!!!!!!!NO!0.063W!1%!!XX!0402!!Unspecified Value SMD Resistor!GENERIC!RSMD0402!RSMD0402!RSMD0402_0.0625W-XX,1%!RSMD0402!R0402_XX_1%_0.063W!!YES!Not Preferred!
S!R58!R0402_0R0_1%_0.063W_100PPM!!!!!!!!!0.063W!1%!!0R0!0402!!SMD Resistor!GENERIC!RSMD0402_1/16W!RSMD0402!RSMD0402_1/16W-0R0,1%!RSMD0402!R0402_0R0_1%_0.063W_100PPM!!YES!Preferred!
S!R59!R0402_0R0_1%_0.063W_100PPM!!!!!!!!!0.063W!1%!!0R0!0402!!SMD Resistor!GENERIC!RSMD0402_1/16W!RSMD0402!RSMD0402_1/16W-0R0,1%!RSMD0402!R0402_0R0_1%_0.063W_100PPM!!YES!Preferred!
S!J11!MTLW-104-07-L-S-250!!!!!!!!!!!!!_!file://cern.ch/dfs/services/cdslib/datasheets/samtec_MTLW.pdf!4 Contacts 2.54mm Pitch Single Row Vertical 0.25 Square Post Header - Insulator 1.52mm!SAMTEC!CON4P!CON4P!CON4P-MTLW-104-07-L-S-250!CON4P!MTLW-104-07-L-S-250!!NO!Preferred!
S!R45!R0402_51R_1%_0.063W_200PPM!!!!!!!!!0.063W!1%!!51!0402!!SMD Resistor!GENERIC!RSMD0402_1/16W!RSMD0402!RSMD0402_1/16W-51,1%!RSMD0402!R0402_51R_1%_0.063W_200PPM!!YES!Preferred!
S!R46!R0402_51R_1%_0.063W_200PPM!!!!!!!!!0.063W!1%!!51!0402!!SMD Resistor!GENERIC!RSMD0402_1/16W!RSMD0402!RSMD0402_1/16W-51,1%!RSMD0402!R0402_51R_1%_0.063W_200PPM!!YES!Preferred!
S!IC18!SN74LVC2GU04DCK!!!!!!!TRUE!!!!!!SC70!file://cern.ch/dfs/services/cdslib/datasheets/sn74lvc2gu04.pdf!Dual Inverter Gate!TEXAS INSTRUMENTS!SN74LVC2GU04_SC70!SN74LVC2GU04!SN74LVC2GU04DCK!SN74LVC2GU04!SN74LVC2GU04DCK!!YES!Preferred!
S!J14!U.FL-R-SMT-1(10)!!!!!!!!!!!!!_!file://cern.ch/dfs/services/cdslib/datasheets/hirose_u-fl-r-smt-1(10).pdf!Ultra Small Surface Mount Coaxial Connector - U.FL Series!HIROSE!PCOAX!PCOAX!PCOAX-U.FL-R-SMT-1(10)!PCOAX!U.FL-R-SMT-1(10)!!YES!Preferred!
S!J15!U.FL-R-SMT-1(10)!!!!!!!!!!!!!_!file://cern.ch/dfs/services/cdslib/datasheets/hirose_u-fl-r-smt-1(10).pdf!Ultra Small Surface Mount Coaxial Connector - U.FL Series!HIROSE!PCOAX!PCOAX!PCOAX-U.FL-R-SMT-1(10)!PCOAX!U.FL-R-SMT-1(10)!!YES!Preferred!
S!J2!U.FL-R-SMT-1(10)!!!!!!!!!!!!!_!file://cern.ch/dfs/services/cdslib/datasheets/hirose_u-fl-r-smt-1(10).pdf!Ultra Small Surface Mount Coaxial Connector - U.FL Series!HIROSE!PCOAX!PCOAX!PCOAX-U.FL-R-SMT-1(10)!PCOAX!U.FL-R-SMT-1(10)!!YES!Preferred!
S!J7!U.FL-R-SMT-1(10)!!!!!!!!!!!!!_!file://cern.ch/dfs/services/cdslib/datasheets/hirose_u-fl-r-smt-1(10).pdf!Ultra Small Surface Mount Coaxial Connector - U.FL Series!HIROSE!PCOAX!PCOAX!PCOAX-U.FL-R-SMT-1(10)!PCOAX!U.FL-R-SMT-1(10)!!YES!Preferred!
S!J12!U.FL-R-SMT-1(10)!!!!!!!!!!!!!_!file://cern.ch/dfs/services/cdslib/datasheets/hirose_u-fl-r-smt-1(10).pdf!Ultra Small Surface Mount Coaxial Connector - U.FL Series!HIROSE!PCOAX!PCOAX!PCOAX-U.FL-R-SMT-1(10)!PCOAX!U.FL-R-SMT-1(10)!!YES!Preferred!
S!J13!U.FL-R-SMT-1(10)!!!!!!!!!!!!!_!file://cern.ch/dfs/services/cdslib/datasheets/hirose_u-fl-r-smt-1(10).pdf!Ultra Small Surface Mount Coaxial Connector - U.FL Series!HIROSE!PCOAX!PCOAX!PCOAX-U.FL-R-SMT-1(10)!PCOAX!U.FL-R-SMT-1(10)!!YES!Preferred!
S!PX1!U.FL-R-SMT-1(10)!!!!!!!!!!!!!_!file://cern.ch/dfs/services/cdslib/datasheets/hirose_u-fl-r-smt-1(10).pdf!Ultra Small Surface Mount Coaxial Connector - U.FL Series!HIROSE!PCOAX!PCOAX!PCOAX-U.FL-R-SMT-1(10)!PCOAX!U.FL-R-SMT-1(10)!!YES!Preferred!
S!PX2!U.FL-R-SMT-1(10)!1!!!!!!!!!!!!_!file://cern.ch/dfs/services/cdslib/datasheets/hirose_u-fl-r-smt-1(10).pdf!Ultra Small Surface Mount Coaxial Connector - U.FL Series!HIROSE!PCOAX!PCOAX!PCOAX-U.FL-R-SMT-1(10)!PCOAX!U.FL-R-SMT-1(10)!!YES!Preferred!
S!PX3!U.FL-R-SMT-1(10)!!!!!!!!!!!!!_!file://cern.ch/dfs/services/cdslib/datasheets/hirose_u-fl-r-smt-1(10).pdf!Ultra Small Surface Mount Coaxial Connector - U.FL Series!HIROSE!PCOAX!PCOAX!PCOAX-U.FL-R-SMT-1(10)!PCOAX!U.FL-R-SMT-1(10)!!YES!Preferred!
S!PX4!U.FL-R-SMT-1(10)!!!!!!!!!!!!!_!file://cern.ch/dfs/services/cdslib/datasheets/hirose_u-fl-r-smt-1(10).pdf!Ultra Small Surface Mount Coaxial Connector - U.FL Series!HIROSE!PCOAX!PCOAX!PCOAX-U.FL-R-SMT-1(10)!PCOAX!U.FL-R-SMT-1(10)!!YES!Preferred!
S!PX5!U.FL-R-SMT-1(10)!!!!!!!!!!!!!_!file://cern.ch/dfs/services/cdslib/datasheets/hirose_u-fl-r-smt-1(10).pdf!Ultra Small Surface Mount Coaxial Connector - U.FL Series!HIROSE!PCOAX!PCOAX!PCOAX-U.FL-R-SMT-1(10)!PCOAX!U.FL-R-SMT-1(10)!!YES!Preferred!
S!PX6!U.FL-R-SMT-1(10)!!!!!!!!!!!!!_!file://cern.ch/dfs/services/cdslib/datasheets/hirose_u-fl-r-smt-1(10).pdf!Ultra Small Surface Mount Coaxial Connector - U.FL Series!HIROSE!PCOAX!PCOAX!PCOAX-U.FL-R-SMT-1(10)!PCOAX!U.FL-R-SMT-1(10)!!YES!Preferred!
S!IC9!74LCX04MTC!!!!!!!TRUE!!!!!!TSSOP14!file://cern.ch/dfs/services/cdslib/datasheets/74lcx04.pdf!Low Voltage Hex Inverter with 5V Tolerant Inputs!FAIRCHILD SEMICONDUCTOR!74LCX04_TSSOP!74LCX04!74LCX04MTC!74LCX04!74LCX04MTC!!YES!Preferred!
S!IC6!ADCMP604BKSZ!5!!!!!!!!!!!!SC70!file://cern.ch/dfs/services/cdslib/datasheets/adcmp604.pdf!Rail-to-Rail Very Fast 2.5V to 5.5V Single-Supply LVDS Comparator!ANALOG DEVICES!ADCMP604_SC70!ADCMP604!ADCMP604BKSZ!ADCMP604!ADCMP604BKSZ!!YES!Preferred!
S!IC7!ADCMP604BKSZ!!!!!!!!!!!!!SC70!file://cern.ch/dfs/services/cdslib/datasheets/adcmp604.pdf!Rail-to-Rail Very Fast 2.5V to 5.5V Single-Supply LVDS Comparator!ANALOG DEVICES!ADCMP604_SC70!ADCMP604!ADCMP604BKSZ!ADCMP604!ADCMP604BKSZ!!YES!Preferred!
S!IC8!08.DS90LV028ATM!!!!!!!!!!!!!!!!NATIONAL SEMICONDUCTOR!!!!DS90LV028A!08.DS90LV028ATM!!!!
S!R35!R0402_3K0_1%_0.063W_200PPM!6!!!!!!!!0.063W!1%!!3.0k!0402!!SMD Resistor!GENERIC!RSMD0402_1/16W!RSMD0402!RSMD0402_1/16W-3.0K,1%!RSMD0402!R0402_3K0_1%_0.063W_200PPM!!YES!Preferred!
S!R37!R0402_3K0_1%_0.063W_200PPM!!!!!!!!!0.063W!1%!!3.0k!0402!!SMD Resistor!GENERIC!RSMD0402_1/16W!RSMD0402!RSMD0402_1/16W-3.0K,1%!RSMD0402!R0402_3K0_1%_0.063W_200PPM!!YES!Preferred!
S!R26!R0402_33R_1%_0.063W_200PPM!!!!!!!!!0.063W!1%!!33!0402!!SMD Resistor!GENERIC!RSMD0402_1/16W!RSMD0402!RSMD0402_1/16W-33,1%!RSMD0402!R0402_33R_1%_0.063W_200PPM!!YES!Preferred!
S!R47!R0603_33R_1%_0.1W_100PPM!!!!!!http://edhcat.cern.ch/edhcat/Browser?command=searchItems&scem=11.24.03.133.3!!!0.1W!1%!!33!0603!!SMD Resistor!GENERIC!RSMD0603_1/10W!RSMD0603!RSMD0603_1/10W-33,1%!RSMD0603!R0603_33R_1%_0.1W_100PPM!!YES!Preferred!
S!R48!R0603_33R_1%_0.1W_100PPM!!!!!!http://edhcat.cern.ch/edhcat/Browser?command=searchItems&scem=11.24.03.133.3!!!0.1W!1%!!33!0603!!SMD Resistor!GENERIC!RSMD0603_1/10W!RSMD0603!RSMD0603_1/10W-33,1%!RSMD0603!R0603_33R_1%_0.1W_100PPM!!YES!Preferred!
S!R49!R0603_33R_1%_0.1W_100PPM!!!!!!http://edhcat.cern.ch/edhcat/Browser?command=searchItems&scem=11.24.03.133.3!!!0.1W!1%!!33!0603!!SMD Resistor!GENERIC!RSMD0603_1/10W!RSMD0603!RSMD0603_1/10W-33,1%!RSMD0603!R0603_33R_1%_0.1W_100PPM!!YES!Preferred!
S!IC1!PCA9306DCU!!!!!!!!!!!!!VSSOP/DCU!file://cern.ch/dfs/services/cdslib/datasheets/pca9306dcu.pdf!Dual Bidirectional I2C Bus and SMBus Voltage-Level Translator!TEXAS INSTRUMENTS!PCA9306_VSSOP/DCU!PCA9306!PCA9306DCU!PCA9306!PCA9306DCU!!Yes!Preferred!
S!R1!R0402_200K_1%_0.063W_200PPM!!!!!!!!!0.063W!1%!!200k!0402!!SMD Resistor!GENERIC!RSMD0402_1/16W!RSMD0402!RSMD0402_1/16W-200K,1%!RSMD0402!R0402_200K_1%_0.063W_200PPM!!YES!Preferred!
S!IC10!SN74AVC4T245PW!!!!!!!TRUE!!!!!!TSSOP16!file://cern.ch/dfs/services/cdslib/datasheets/sn74avc4t245.pdf!4-Bit Dual-Supply Bus Transceiver with Configurable Voltage Translation and 3-State Outputs!TEXAS INSTRUMENTS!74AVC4T245_TSSOP!74AVC4T245!SN74AVC4T245PW!74AVC4T245!SN74AVC4T245PW!!YES!Preferred!
S!R5!R0402_150R_1%_0.063W_200PPM!!!!!!!!!0.063W!1%!!150!0402!!SMD Resistor!GENERIC!RSMD0402_1/16W!RSMD0402!RSMD0402_1/16W-150,1%!RSMD0402!R0402_150R_1%_0.063W_200PPM!!YES!Preferred!
S!R6!R0402_150R_1%_0.063W_200PPM!!!!!!!!!0.063W!1%!!150!0402!!SMD Resistor!GENERIC!RSMD0402_1/16W!RSMD0402!RSMD0402_1/16W-150,1%!RSMD0402!R0402_150R_1%_0.063W_200PPM!!YES!Preferred!
S!R50!R0402_750R_1%_0.063W_200PPM!!!!!!!!!0.063W!1%!!750!0402!!SMD Resistor!GENERIC!RSMD0402_1/16W!RSMD0402!RSMD0402_1/16W-750,1%!RSMD0402!R0402_750R_1%_0.063W_200PPM!!YES!Preferred!
S!R56!R0402_750R_1%_0.063W_200PPM!!!!!!!!!0.063W!1%!!750!0402!!SMD Resistor!GENERIC!RSMD0402_1/16W!RSMD0402!RSMD0402_1/16W-750,1%!RSMD0402!R0402_750R_1%_0.063W_200PPM!!YES!Preferred!
S!R51!R0402_750R_1%_0.063W_200PPM!!!!!!!!!0.063W!1%!!750!0402!!SMD Resistor!GENERIC!RSMD0402_1/16W!RSMD0402!RSMD0402_1/16W-750,1%!RSMD0402!R0402_750R_1%_0.063W_200PPM!!YES!Preferred!
S!LD1!LGL29K-G2J1-24!!!!!!!!!!!!Green!!file://cern.ch/dfs/Services/cdslib/datasheets/led_LG_L29K.pdf!1.7 x 0.8mm SMD Chip Led Green!OSRAM!LED1!LED1!LGL29K-G2J1-24!LED1!LGL29K-G2J1-24!!YES!Preferred!
S!LD2!LGL29K-G2J1-24!!!!!!!!!!!!Green!!file://cern.ch/dfs/Services/cdslib/datasheets/led_LG_L29K.pdf!1.7 x 0.8mm SMD Chip Led Green!OSRAM!LED1!LED1!LGL29K-G2J1-24!LED1!LGL29K-G2J1-24!!YES!Preferred!
S!LD3!LGL29K-G2J1-24!!!!!!!!!!!!Green!!file://cern.ch/dfs/Services/cdslib/datasheets/led_LG_L29K.pdf!1.7 x 0.8mm SMD Chip Led Green!OSRAM!LED1!LED1!LGL29K-G2J1-24!LED1!LGL29K-G2J1-24!!YES!Preferred!
S!R7!R0402_100R_1%_0.063W_200PPM!!!!!!!!!0.063W!1%!!100!0402!!SMD Resistor!GENERIC!RSMD0402_1/16W!RSMD0402!RSMD0402_1/16W-100,1%!RSMD0402!R0402_100R_1%_0.063W_200PPM!!YES!Preferred!
S!R18!R0402_100R_1%_0.063W_200PPM!!!!!!!!!0.063W!1%!!100!0402!!SMD Resistor!GENERIC!RSMD0402_1/16W!RSMD0402!RSMD0402_1/16W-100,1%!RSMD0402!R0402_100R_1%_0.063W_200PPM!!YES!Preferred!
S!R8!R0402_100R_1%_0.063W_200PPM!4!!!!!!!!0.063W!1%!!100!0402!!SMD Resistor!GENERIC!RSMD0402_1/16W!RSMD0402!RSMD0402_1/16W-100,1%!RSMD0402!R0402_100R_1%_0.063W_200PPM!!YES!Preferred!
S!R11!R0402_100R_1%_0.063W_200PPM!!!!!!!!!0.063W!1%!!100!0402!!SMD Resistor!GENERIC!RSMD0402_1/16W!RSMD0402!RSMD0402_1/16W-100,1%!RSMD0402!R0402_100R_1%_0.063W_200PPM!!YES!Preferred!
S!R10!R0402_1K_1%_0.063W_100PPM!!!!!!!!!0.063W!1%!!1k!0402!!SMD Resistor!GENERIC!RSMD0402_1/16W!RSMD0402!RSMD0402_1/16W-1K,1%!RSMD0402!R0402_1K_1%_0.063W_100PPM!!YES!Preferred!
S!R17!R0402_1K_1%_0.063W_100PPM!!!!!!!!!0.063W!1%!!1k!0402!!SMD Resistor!GENERIC!RSMD0402_1/16W!RSMD0402!RSMD0402_1/16W-1K,1%!RSMD0402!R0402_1K_1%_0.063W_100PPM!!YES!Preferred!
S!R19!R0402_1K_1%_0.063W_100PPM!!!!!!!!!0.063W!1%!!1k!0402!!SMD Resistor!GENERIC!RSMD0402_1/16W!RSMD0402!RSMD0402_1/16W-1K,1%!RSMD0402!R0402_1K_1%_0.063W_100PPM!!YES!Preferred!
S!R20!R0402_1K_1%_0.063W_100PPM!!!!!!!!!0.063W!1%!!1k!0402!!SMD Resistor!GENERIC!RSMD0402_1/16W!RSMD0402!RSMD0402_1/16W-1K,1%!RSMD0402!R0402_1K_1%_0.063W_100PPM!!YES!Preferred!
S!R21!R0402_1K_1%_0.063W_100PPM!!!!!!!!!0.063W!1%!!1k!0402!!SMD Resistor!GENERIC!RSMD0402_1/16W!RSMD0402!RSMD0402_1/16W-1K,1%!RSMD0402!R0402_1K_1%_0.063W_100PPM!!YES!Preferred!
S!R36!R0402_2K_1%_0.063W_100PPM!2!!!!!!!!0.063W!1%!!2k!0402!!SMD Resistor!GENERIC!RSMD0402_1/16W!RSMD0402!RSMD0402_1/16W-2K,1%!RSMD0402!R0402_2K_1%_0.063W_100PPM!!YES!Preferred!
S!R38!R0402_2K_1%_0.063W_100PPM!!!!!!!!!0.063W!1%!!2k!0402!!SMD Resistor!GENERIC!RSMD0402_1/16W!RSMD0402!RSMD0402_1/16W-2K,1%!RSMD0402!R0402_2K_1%_0.063W_100PPM!!YES!Preferred!
S!IC2!24AA025E48T-I/SN!!!!!!!!!!!!!SOIC8!file://cern.ch/dfs/Services/cdslib/datasheets/24aa02e48.pdf!2K I2C Serial EEPROM with EUI-48 Node Identity!MICROCHIP!24AA025E48_SOIC!24AA025E48!24AA025E48T-I/SN!24AA025E48!24AA025E48T-I/SN!!YES!Preferred!
S!C30!CC0402_1NF_50V_10%_X7R!!YES!!!!!!!!10%!50V!1.0nF!0402!!SMD X7R Ceramic Capacitor!GENERIC!CAPCERSMDCL2_0402!CAPCERSMDCL2!CAPCERSMDCL2_0402-1.0NF,50V_GEN!CAPCERSMDCL2!CC0402_1NF_50V_10%_X7R!!YES!Preferred!
S!C34!CC0402_1NF_50V_10%_X7R!!YES!!!!!!!!10%!50V!1.0nF!0402!!SMD X7R Ceramic Capacitor!GENERIC!CAPCERSMDCL2_0402!CAPCERSMDCL2!CAPCERSMDCL2_0402-1.0NF,50V_GEN!CAPCERSMDCL2!CC0402_1NF_50V_10%_X7R!!YES!Preferred!
S!C37!CC0402_1NF_50V_10%_X7R!!YES!!!!!!!!10%!50V!1.0nF!0402!!SMD X7R Ceramic Capacitor!GENERIC!CAPCERSMDCL2_0402!CAPCERSMDCL2!CAPCERSMDCL2_0402-1.0NF,50V_GEN!CAPCERSMDCL2!CC0402_1NF_50V_10%_X7R!!YES!Preferred!
S!C41!CC0402_1NF_50V_10%_X7R!!YES!!!!!!!!10%!50V!1.0nF!0402!!SMD X7R Ceramic Capacitor!GENERIC!CAPCERSMDCL2_0402!CAPCERSMDCL2!CAPCERSMDCL2_0402-1.0NF,50V_GEN!CAPCERSMDCL2!CC0402_1NF_50V_10%_X7R!!YES!Preferred!
S!P1!SEAM-40-03.5-S-10-2-A-K-TR!!YES!!!!!!!!!!!!file://cern.ch/dfs/Services/cdslib/datasheets/samtec_SEAM.pdf!400 Pins 1.27mm Pitch 6.1mm Height High Speed/High Density Open Field - SEAM Series!SAMTEC!CON400P_40ABCDEFGHJK!CON400P_40ABCDEFGHJK!CON400P_40ABCDEFGHJK-SEAM-40-03.5-S-10-2-A-K-TR!CON400P_40ABCDEFGHJK!SEAM-40-03.5-S-10-2-A-K-TR!!YES!Preferred!
S!J10!MTLW-103-07-L-S-250!!!!!!!!!!!!!_!file://cern.ch/dfs/services/cdslib/datasheets/samtec_MTLW.pdf!3 Contacts 2.54mm Pitch Single Row Vertical 0.25 Square Post Header - Insulator 1.52mm!SAMTEC!CON3P!CON3P!CON3P-MTLW-103-07-L-S-250!CON3P!MTLW-103-07-L-S-250!!NO!Preferred!
S!J3!MTLW-103-07-L-S-250!!!!!!!!!!!!!_!file://cern.ch/dfs/services/cdslib/datasheets/samtec_MTLW.pdf!3 Contacts 2.54mm Pitch Single Row Vertical 0.25 Square Post Header - Insulator 1.52mm!SAMTEC!CON3P!CON3P!CON3P-MTLW-103-07-L-S-250!CON3P!MTLW-103-07-L-S-250!!NO!Preferred!
S!J8!MTLW-103-07-L-S-250!!!!!!!!!!!!!_!file://cern.ch/dfs/services/cdslib/datasheets/samtec_MTLW.pdf!3 Contacts 2.54mm Pitch Single Row Vertical 0.25 Square Post Header - Insulator 1.52mm!SAMTEC!CON3P!CON3P!CON3P-MTLW-103-07-L-S-250!CON3P!MTLW-103-07-L-S-250!!NO!Preferred!
S!J5!MTLW-103-07-L-S-250!!YES!!!!!!!!!!!_!file://cern.ch/dfs/services/cdslib/datasheets/samtec_MTLW.pdf!3 Contacts 2.54mm Pitch Single Row Vertical 0.25 Square Post Header - Insulator 1.52mm!SAMTEC!CON3P!CON3P!CON3P-MTLW-103-07-L-S-250!CON3P!MTLW-103-07-L-S-250!!NO!Preferred!
S!J6!MTLW-103-07-L-S-250!!YES!!!!!!!!!!!_!file://cern.ch/dfs/services/cdslib/datasheets/samtec_MTLW.pdf!3 Contacts 2.54mm Pitch Single Row Vertical 0.25 Square Post Header - Insulator 1.52mm!SAMTEC!CON3P!CON3P!CON3P-MTLW-103-07-L-S-250!CON3P!MTLW-103-07-L-S-250!!NO!Preferred!
S!C35!C0805C106K4PAC!!YES!!!!!!!!10%!16V!10uF!0805!file://cern.ch/dfs/Services/cdslib/datasheets/C0805C106K4PAC.pdf!SMD X5R Ceramic Capacitor!KEMET!CAPCERSMDCL2_0805!CAPCERSMDCL2!CAPCERSMDCL2_0805-10UF,16V!CAPCERSMDCL2!C0805C106K4PAC!!YES!Not Preferred!
S!J4!1888247-1!9!YES!!!!!!!!!!!!file://cern.ch/dfs/Services/cdslib/datasheets/tyco_1888247-1.pdf!20 Positions 0.8mm Pitch SMD Right Angle Receptacle Connector for SFP/SFP+ (Up to 16Gb/s)!TYCO!CON20P_SFP!CON20P_SFP!CON20P_SFP-1888247-1!CON20P_SFP!1888247-1!!YES!Preferred!
S!SFP1!74737-004!1!!!!!!!!!!!!_!file://cern.ch/dfs/services/cdslib/datasheets/molex_74737004.pdf!SFP One Piece Cage Press Fit Legs Belly-to-Belly Assembly!MOLEX!SFP_CAGE!SFP_CAGE!SFP_CAGE-SP-74737-004!SFP_CAGE!74737-004!!NO!Preferred!
S!TP9!TP_HOLE_0.8mm!!!!!!!!NO!!!!!_!!Stand-Alone 0.8mm Hole for Test Probe!!TP_HOLE!TP!TP_HOLE-0.8MM!TP!TP_HOLE_0.8mm!!NO!!
S!TP10!TP_HOLE_0.8mm!!!!!!!!NO!!!!!_!!Stand-Alone 0.8mm Hole for Test Probe!!TP_HOLE!TP!TP_HOLE-0.8MM!TP!TP_HOLE_0.8mm!!NO!!
S!R61!R0402_4K7_1%_0.063W_200PPM!!!!!!!!!0.063W!1%!!4.7k!0402!!SMD Resistor!GENERIC!RSMD0402_1/16W!RSMD0402!RSMD0402_1/16W-4.7K,1%!RSMD0402!R0402_4K7_1%_0.063W_200PPM!!YES!Preferred!
S!R13!R0402_4K7_1%_0.063W_200PPM!!!!!!!!!0.063W!1%!!4.7k!0402!!SMD Resistor!GENERIC!RSMD0402_1/16W!RSMD0402!RSMD0402_1/16W-4.7K,1%!RSMD0402!R0402_4K7_1%_0.063W_200PPM!!YES!Preferred!
S!R40!R0402_4K7_1%_0.063W_200PPM!!YES!!!!!!!0.063W!1%!!4.7k!0402!!SMD Resistor!GENERIC!RSMD0402_1/16W!RSMD0402!RSMD0402_1/16W-4.7K,1%!RSMD0402!R0402_4K7_1%_0.063W_200PPM!!YES!Preferred!
S!R41!R0402_4K7_1%_0.063W_200PPM!!YES!!!!!!!0.063W!1%!!4.7k!0402!!SMD Resistor!GENERIC!RSMD0402_1/16W!RSMD0402!RSMD0402_1/16W-4.7K,1%!RSMD0402!R0402_4K7_1%_0.063W_200PPM!!YES!Preferred!
S!R42!R0402_4K7_1%_0.063W_200PPM!!YES!!!!!!!0.063W!1%!!4.7k!0402!!SMD Resistor!GENERIC!RSMD0402_1/16W!RSMD0402!RSMD0402_1/16W-4.7K,1%!RSMD0402!R0402_4K7_1%_0.063W_200PPM!!YES!Preferred!
S!R43!R0402_4K7_1%_0.063W_200PPM!!YES!!!!!!!0.063W!1%!!4.7k!0402!!SMD Resistor!GENERIC!RSMD0402_1/16W!RSMD0402!RSMD0402_1/16W-4.7K,1%!RSMD0402!R0402_4K7_1%_0.063W_200PPM!!YES!Preferred!
S!R138!R0402_4K7_1%_0.063W_200PPM!!YES!!!!!!!0.063W!1%!!4.7k!0402!!SMD Resistor!GENERIC!RSMD0402_1/16W!RSMD0402!RSMD0402_1/16W-4.7K,1%!RSMD0402!R0402_4K7_1%_0.063W_200PPM!!YES!Preferred!
S!R242!R0402_4K7_1%_0.063W_200PPM!!YES!!!!!!!0.063W!1%!!4.7k!0402!!SMD Resistor!GENERIC!RSMD0402_1/16W!RSMD0402!RSMD0402_1/16W-4.7K,1%!RSMD0402!R0402_4K7_1%_0.063W_200PPM!!YES!Preferred!
S!R1328!R0402_4K7_1%_0.063W_200PPM!!YES!!!!!!!0.063W!1%!!4.7k!0402!!SMD Resistor!GENERIC!RSMD0402_1/16W!RSMD0402!RSMD0402_1/16W-4.7K,1%!RSMD0402!R0402_4K7_1%_0.063W_200PPM!!YES!Preferred!
S!R22!R0402_4K7_1%_0.063W_200PPM!7!YES!!!!!!!0.063W!1%!!4.7k!0402!!SMD Resistor!GENERIC!RSMD0402_1/16W!RSMD0402!RSMD0402_1/16W-4.7K,1%!RSMD0402!R0402_4K7_1%_0.063W_200PPM!!YES!Preferred!
S!R24!R0402_4K7_1%_0.063W_200PPM!6!YES!!!!!!!0.063W!1%!!4.7k!0402!!SMD Resistor!GENERIC!RSMD0402_1/16W!RSMD0402!RSMD0402_1/16W-4.7K,1%!RSMD0402!R0402_4K7_1%_0.063W_200PPM!!YES!Preferred!
S!R103!R0402_4K7_1%_0.063W_200PPM!!YES!!!!!!!0.063W!1%!!4.7k!0402!!SMD Resistor!GENERIC!RSMD0402_1/16W!RSMD0402!RSMD0402_1/16W-4.7K,1%!RSMD0402!R0402_4K7_1%_0.063W_200PPM!!YES!Preferred!
S!R39!R0402_4K7_1%_0.063W_200PPM!!YES!!!!!!!0.063W!1%!!4.7k!0402!!SMD Resistor!GENERIC!RSMD0402_1/16W!RSMD0402!RSMD0402_1/16W-4.7K,1%!RSMD0402!R0402_4K7_1%_0.063W_200PPM!!YES!Preferred!
S!R140!R0402_4K7_1%_0.063W_200PPM!!YES!!!!!!!0.063W!1%!!4.7k!0402!!SMD Resistor!GENERIC!RSMD0402_1/16W!RSMD0402!RSMD0402_1/16W-4.7K,1%!RSMD0402!R0402_4K7_1%_0.063W_200PPM!!YES!Preferred!
S!R411!R0402_4K7_1%_0.063W_200PPM!!YES!!!!!!!0.063W!1%!!4.7k!0402!!SMD Resistor!GENERIC!RSMD0402_1/16W!RSMD0402!RSMD0402_1/16W-4.7K,1%!RSMD0402!R0402_4K7_1%_0.063W_200PPM!!YES!Preferred!
S!R142!R0402_4K7_1%_0.063W_200PPM!!YES!!!!!!!0.063W!1%!!4.7k!0402!!SMD Resistor!GENERIC!RSMD0402_1/16W!RSMD0402!RSMD0402_1/16W-4.7K,1%!RSMD0402!R0402_4K7_1%_0.063W_200PPM!!YES!Preferred!
S!R143!R0402_4K7_1%_0.063W_200PPM!!YES!!!!!!!0.063W!1%!!4.7k!0402!!SMD Resistor!GENERIC!RSMD0402_1/16W!RSMD0402!RSMD0402_1/16W-4.7K,1%!RSMD0402!R0402_4K7_1%_0.063W_200PPM!!YES!Preferred!
S!R16!R0402_4K7_1%_0.063W_200PPM!!!!!!!!!0.063W!1%!!4.7k!0402!!SMD Resistor!GENERIC!RSMD0402_1/16W!RSMD0402!RSMD0402_1/16W-4.7K,1%!RSMD0402!R0402_4K7_1%_0.063W_200PPM!!YES!Preferred!
S!R28!R0402_4K7_1%_0.063W_200PPM!3!YES!!!!!!!0.063W!1%!!4.7k!0402!!SMD Resistor!GENERIC!RSMD0402_1/16W!RSMD0402!RSMD0402_1/16W-4.7K,1%!RSMD0402!R0402_4K7_1%_0.063W_200PPM!!YES!Preferred!
S!R29!R0402_4K7_1%_0.063W_200PPM!2!YES!!!!!!!0.063W!1%!!4.7k!0402!!SMD Resistor!GENERIC!RSMD0402_1/16W!RSMD0402!RSMD0402_1/16W-4.7K,1%!RSMD0402!R0402_4K7_1%_0.063W_200PPM!!YES!Preferred!
S!R23!R0402_4K7_1%_0.063W_200PPM!8!YES!!!!!!!0.063W!1%!!4.7k!0402!!SMD Resistor!GENERIC!RSMD0402_1/16W!RSMD0402!RSMD0402_1/16W-4.7K,1%!RSMD0402!R0402_4K7_1%_0.063W_200PPM!!YES!Preferred!
S!R25!R0402_4K7_1%_0.063W_200PPM!5!YES!!!!!!!0.063W!1%!!4.7k!0402!!SMD Resistor!GENERIC!RSMD0402_1/16W!RSMD0402!RSMD0402_1/16W-4.7K,1%!RSMD0402!R0402_4K7_1%_0.063W_200PPM!!YES!Preferred!
S!C11!CC0402_100NF_16V_10%_X7R!!!!!!!!!!10%!16V!100nF!0402!!SMD X7R Ceramic Capacitor!GENERIC!CAPCERSMDCL2_0402!CAPCERSMDCL2!CAPCERSMDCL2_0402-100NF,16V_GEN!CAPCERSMDCL2!CC0402_100NF_16V_10%_X7R!!YES!Preferred!
S!C39!CC0402_100NF_16V_10%_X7R!!!!!!!!!!10%!16V!100nF!0402!!SMD X7R Ceramic Capacitor!GENERIC!CAPCERSMDCL2_0402!CAPCERSMDCL2!CAPCERSMDCL2_0402-100NF,16V_GEN!CAPCERSMDCL2!CC0402_100NF_16V_10%_X7R!!YES!Preferred!
S!C10!CC0402_100NF_16V_10%_X7R!!!!!!!!!!10%!16V!100nF!0402!!SMD X7R Ceramic Capacitor!GENERIC!CAPCERSMDCL2_0402!CAPCERSMDCL2!CAPCERSMDCL2_0402-100NF,16V_GEN!CAPCERSMDCL2!CC0402_100NF_16V_10%_X7R!!YES!Preferred!
S!C21!CC0402_100NF_16V_10%_X7R!!!!!!!!!!10%!16V!100nF!0402!!SMD X7R Ceramic Capacitor!GENERIC!CAPCERSMDCL2_0402!CAPCERSMDCL2!CAPCERSMDCL2_0402-100NF,16V_GEN!CAPCERSMDCL2!CC0402_100NF_16V_10%_X7R!!YES!Preferred!
S!C22!CC0402_100NF_16V_10%_X7R!!!!!!!!!!10%!16V!100nF!0402!!SMD X7R Ceramic Capacitor!GENERIC!CAPCERSMDCL2_0402!CAPCERSMDCL2!CAPCERSMDCL2_0402-100NF,16V_GEN!CAPCERSMDCL2!CC0402_100NF_16V_10%_X7R!!YES!Preferred!
S!C23!CC0402_100NF_16V_10%_X7R!!!!!!!!!!10%!16V!100nF!0402!!SMD X7R Ceramic Capacitor!GENERIC!CAPCERSMDCL2_0402!CAPCERSMDCL2!CAPCERSMDCL2_0402-100NF,16V_GEN!CAPCERSMDCL2!CC0402_100NF_16V_10%_X7R!!YES!Preferred!
S!C24!CC0402_100NF_16V_10%_X7R!!!!!!!!!!10%!16V!100nF!0402!!SMD X7R Ceramic Capacitor!GENERIC!CAPCERSMDCL2_0402!CAPCERSMDCL2!CAPCERSMDCL2_0402-100NF,16V_GEN!CAPCERSMDCL2!CC0402_100NF_16V_10%_X7R!!YES!Preferred!
S!C25!CC0402_100NF_16V_10%_X7R!!!!!!!!!!10%!16V!100nF!0402!!SMD X7R Ceramic Capacitor!GENERIC!CAPCERSMDCL2_0402!CAPCERSMDCL2!CAPCERSMDCL2_0402-100NF,16V_GEN!CAPCERSMDCL2!CC0402_100NF_16V_10%_X7R!!YES!Preferred!
S!C26!CC0402_100NF_16V_10%_X7R!!!!!!!!!!10%!16V!100nF!0402!!SMD X7R Ceramic Capacitor!GENERIC!CAPCERSMDCL2_0402!CAPCERSMDCL2!CAPCERSMDCL2_0402-100NF,16V_GEN!CAPCERSMDCL2!CC0402_100NF_16V_10%_X7R!!YES!Preferred!
S!C27!CC0402_100NF_16V_10%_X7R!!!!!!!!!!10%!16V!100nF!0402!!SMD X7R Ceramic Capacitor!GENERIC!CAPCERSMDCL2_0402!CAPCERSMDCL2!CAPCERSMDCL2_0402-100NF,16V_GEN!CAPCERSMDCL2!CC0402_100NF_16V_10%_X7R!!YES!Preferred!
S!C28!CC0402_100NF_16V_10%_X7R!!!!!!!!!!10%!16V!100nF!0402!!SMD X7R Ceramic Capacitor!GENERIC!CAPCERSMDCL2_0402!CAPCERSMDCL2!CAPCERSMDCL2_0402-100NF,16V_GEN!CAPCERSMDCL2!CC0402_100NF_16V_10%_X7R!!YES!Preferred!
S!C52!CC0402_100NF_16V_10%_X7R!3!!!!!!!!!10%!16V!100nF!0402!!SMD X7R Ceramic Capacitor!GENERIC!CAPCERSMDCL2_0402!CAPCERSMDCL2!CAPCERSMDCL2_0402-100NF,16V_GEN!CAPCERSMDCL2!CC0402_100NF_16V_10%_X7R!!YES!Preferred!
S!C53!CC0402_100NF_16V_10%_X7R!!!!!!!!!!10%!16V!100nF!0402!!SMD X7R Ceramic Capacitor!GENERIC!CAPCERSMDCL2_0402!CAPCERSMDCL2!CAPCERSMDCL2_0402-100NF,16V_GEN!CAPCERSMDCL2!CC0402_100NF_16V_10%_X7R!!YES!Preferred!
S!C55!CC0402_100NF_16V_10%_X7R!!!!!!!!!!10%!16V!100nF!0402!!SMD X7R Ceramic Capacitor!GENERIC!CAPCERSMDCL2_0402!CAPCERSMDCL2!CAPCERSMDCL2_0402-100NF,16V_GEN!CAPCERSMDCL2!CC0402_100NF_16V_10%_X7R!!YES!Preferred!
S!C56!CC0402_100NF_16V_10%_X7R!!!!!!!!!!10%!16V!100nF!0402!!SMD X7R Ceramic Capacitor!GENERIC!CAPCERSMDCL2_0402!CAPCERSMDCL2!CAPCERSMDCL2_0402-100NF,16V_GEN!CAPCERSMDCL2!CC0402_100NF_16V_10%_X7R!!YES!Preferred!
S!C57!CC0402_100NF_16V_10%_X7R!!!!!!!!!!10%!16V!100nF!0402!!SMD X7R Ceramic Capacitor!GENERIC!CAPCERSMDCL2_0402!CAPCERSMDCL2!CAPCERSMDCL2_0402-100NF,16V_GEN!CAPCERSMDCL2!CC0402_100NF_16V_10%_X7R!!YES!Preferred!
S!C58!CC0402_100NF_16V_10%_X7R!!!!!!!!!!10%!16V!100nF!0402!!SMD X7R Ceramic Capacitor!GENERIC!CAPCERSMDCL2_0402!CAPCERSMDCL2!CAPCERSMDCL2_0402-100NF,16V_GEN!CAPCERSMDCL2!CC0402_100NF_16V_10%_X7R!!YES!Preferred!
S!C59!CC0402_100NF_16V_10%_X7R!!!!!!!!!!10%!16V!100nF!0402!!SMD X7R Ceramic Capacitor!GENERIC!CAPCERSMDCL2_0402!CAPCERSMDCL2!CAPCERSMDCL2_0402-100NF,16V_GEN!CAPCERSMDCL2!CC0402_100NF_16V_10%_X7R!!YES!Preferred!
S!C60!CC0402_100NF_16V_10%_X7R!!!!!!!!!!10%!16V!100nF!0402!!SMD X7R Ceramic Capacitor!GENERIC!CAPCERSMDCL2_0402!CAPCERSMDCL2!CAPCERSMDCL2_0402-100NF,16V_GEN!CAPCERSMDCL2!CC0402_100NF_16V_10%_X7R!!YES!Preferred!
S!C1!CC0402_100NF_16V_10%_X7R!!!!!!!!!!10%!16V!100nF!0402!!SMD X7R Ceramic Capacitor!GENERIC!CAPCERSMDCL2_0402!CAPCERSMDCL2!CAPCERSMDCL2_0402-100NF,16V_GEN!CAPCERSMDCL2!CC0402_100NF_16V_10%_X7R!!YES!Preferred!
S!C2!CC0402_100NF_16V_10%_X7R!!!!!!!!!!10%!16V!100nF!0402!!SMD X7R Ceramic Capacitor!GENERIC!CAPCERSMDCL2_0402!CAPCERSMDCL2!CAPCERSMDCL2_0402-100NF,16V_GEN!CAPCERSMDCL2!CC0402_100NF_16V_10%_X7R!!YES!Preferred!
S!C7!CC0402_100NF_16V_10%_X7R!!!!!!!!!!10%!16V!100nF!0402!!SMD X7R Ceramic Capacitor!GENERIC!CAPCERSMDCL2_0402!CAPCERSMDCL2!CAPCERSMDCL2_0402-100NF,16V_GEN!CAPCERSMDCL2!CC0402_100NF_16V_10%_X7R!!YES!Preferred!
S!C19!CC0402_100NF_16V_10%_X7R!!!!!!!!!!10%!16V!100nF!0402!!SMD X7R Ceramic Capacitor!GENERIC!CAPCERSMDCL2_0402!CAPCERSMDCL2!CAPCERSMDCL2_0402-100NF,16V_GEN!CAPCERSMDCL2!CC0402_100NF_16V_10%_X7R!!YES!Preferred!
S!C20!CC0402_100NF_16V_10%_X7R!!!!!!!!!!10%!16V!100nF!0402!!SMD X7R Ceramic Capacitor!GENERIC!CAPCERSMDCL2_0402!CAPCERSMDCL2!CAPCERSMDCL2_0402-100NF,16V_GEN!CAPCERSMDCL2!CC0402_100NF_16V_10%_X7R!!YES!Preferred!
S!C47!CC0402_100NF_16V_10%_X7R!!!!!!!!!!10%!16V!100nF!0402!!SMD X7R Ceramic Capacitor!GENERIC!CAPCERSMDCL2_0402!CAPCERSMDCL2!CAPCERSMDCL2_0402-100NF,16V_GEN!CAPCERSMDCL2!CC0402_100NF_16V_10%_X7R!!YES!Preferred!
S!C48!CC0402_100NF_16V_10%_X7R!!!!!!!!!!10%!16V!100nF!0402!!SMD X7R Ceramic Capacitor!GENERIC!CAPCERSMDCL2_0402!CAPCERSMDCL2!CAPCERSMDCL2_0402-100NF,16V_GEN!CAPCERSMDCL2!CC0402_100NF_16V_10%_X7R!!YES!Preferred!
S!C49!CC0402_100NF_16V_10%_X7R!!!!!!!!!!10%!16V!100nF!0402!!SMD X7R Ceramic Capacitor!GENERIC!CAPCERSMDCL2_0402!CAPCERSMDCL2!CAPCERSMDCL2_0402-100NF,16V_GEN!CAPCERSMDCL2!CC0402_100NF_16V_10%_X7R!!YES!Preferred!
S!C69!CC0402_100NF_16V_10%_X7R!!!!!!!!!!10%!16V!100nF!0402!!SMD X7R Ceramic Capacitor!GENERIC!CAPCERSMDCL2_0402!CAPCERSMDCL2!CAPCERSMDCL2_0402-100NF,16V_GEN!CAPCERSMDCL2!CC0402_100NF_16V_10%_X7R!!YES!Preferred!
S!C9!CC0402_100NF_16V_10%_X7R!!!!!!!!!!10%!16V!100nF!0402!!SMD X7R Ceramic Capacitor!GENERIC!CAPCERSMDCL2_0402!CAPCERSMDCL2!CAPCERSMDCL2_0402-100NF,16V_GEN!CAPCERSMDCL2!CC0402_100NF_16V_10%_X7R!!YES!Preferred!
S!C8!CC0402_100NF_16V_10%_X7R!!!!!!!!!!10%!16V!100nF!0402!!SMD X7R Ceramic Capacitor!GENERIC!CAPCERSMDCL2_0402!CAPCERSMDCL2!CAPCERSMDCL2_0402-100NF,16V_GEN!CAPCERSMDCL2!CC0402_100NF_16V_10%_X7R!!YES!Preferred!
S!C17!CC0402_100NF_16V_10%_X7R!!YES!!!!!!!!10%!16V!100nF!0402!!SMD X7R Ceramic Capacitor!GENERIC!CAPCERSMDCL2_0402!CAPCERSMDCL2!CAPCERSMDCL2_0402-100NF,16V_GEN!CAPCERSMDCL2!CC0402_100NF_16V_10%_X7R!!YES!Preferred!
S!C31!CC0402_100NF_16V_10%_X7R!!!!!!!!!!10%!16V!100nF!0402!!SMD X7R Ceramic Capacitor!GENERIC!CAPCERSMDCL2_0402!CAPCERSMDCL2!CAPCERSMDCL2_0402-100NF,16V_GEN!CAPCERSMDCL2!CC0402_100NF_16V_10%_X7R!!YES!Preferred!
S!C61!CC0402_100NF_16V_10%_X7R!!!!!!!!!!10%!16V!100nF!0402!!SMD X7R Ceramic Capacitor!GENERIC!CAPCERSMDCL2_0402!CAPCERSMDCL2!CAPCERSMDCL2_0402-100NF,16V_GEN!CAPCERSMDCL2!CC0402_100NF_16V_10%_X7R!!YES!Preferred!
S!C71!CC0402_100NF_16V_10%_X7R!!!!!!!!!!10%!16V!100nF!0402!!SMD X7R Ceramic Capacitor!GENERIC!CAPCERSMDCL2_0402!CAPCERSMDCL2!CAPCERSMDCL2_0402-100NF,16V_GEN!CAPCERSMDCL2!CC0402_100NF_16V_10%_X7R!!YES!Preferred!
S!C72!CC0402_100NF_16V_10%_X7R!!!!!!!!!!10%!16V!100nF!0402!!SMD X7R Ceramic Capacitor!GENERIC!CAPCERSMDCL2_0402!CAPCERSMDCL2!CAPCERSMDCL2_0402-100NF,16V_GEN!CAPCERSMDCL2!CC0402_100NF_16V_10%_X7R!!YES!Preferred!
S!C117!CC0402_100NF_16V_10%_X7R!!YES!!!!!!!!10%!16V!100nF!0402!!SMD X7R Ceramic Capacitor!GENERIC!CAPCERSMDCL2_0402!CAPCERSMDCL2!CAPCERSMDCL2_0402-100NF,16V_GEN!CAPCERSMDCL2!CC0402_100NF_16V_10%_X7R!!YES!Preferred!
S!C62!CC0402_100NF_16V_10%_X7R!!!!!!!!!!10%!16V!100nF!0402!!SMD X7R Ceramic Capacitor!GENERIC!CAPCERSMDCL2_0402!CAPCERSMDCL2!CAPCERSMDCL2_0402-100NF,16V_GEN!CAPCERSMDCL2!CC0402_100NF_16V_10%_X7R!!YES!Preferred!
S!C63!CC0402_100NF_16V_10%_X7R!!!!!!!!!!10%!16V!100nF!0402!!SMD X7R Ceramic Capacitor!GENERIC!CAPCERSMDCL2_0402!CAPCERSMDCL2!CAPCERSMDCL2_0402-100NF,16V_GEN!CAPCERSMDCL2!CC0402_100NF_16V_10%_X7R!!YES!Preferred!
S!C32!CC0402_100NF_16V_10%_X7R!!!!!!!!!!10%!16V!100nF!0402!!SMD X7R Ceramic Capacitor!GENERIC!CAPCERSMDCL2_0402!CAPCERSMDCL2!CAPCERSMDCL2_0402-100NF,16V_GEN!CAPCERSMDCL2!CC0402_100NF_16V_10%_X7R!!YES!Preferred!
S!C70!CC0402_100NF_16V_10%_X7R!10!!!!!!!!!10%!16V!100nF!0402!!SMD X7R Ceramic Capacitor!GENERIC!CAPCERSMDCL2_0402!CAPCERSMDCL2!CAPCERSMDCL2_0402-100NF,16V_GEN!CAPCERSMDCL2!CC0402_100NF_16V_10%_X7R!!YES!Preferred!
S!C3!CC0402_100NF_16V_10%_X7R!!YES!!!!!!!!10%!16V!100nF!0402!!SMD X7R Ceramic Capacitor!GENERIC!CAPCERSMDCL2_0402!CAPCERSMDCL2!CAPCERSMDCL2_0402-100NF,16V_GEN!CAPCERSMDCL2!CC0402_100NF_16V_10%_X7R!!YES!Preferred!
S!C5!CC0402_100NF_16V_10%_X7R!!YES!!!!!!!!10%!16V!100nF!0402!!SMD X7R Ceramic Capacitor!GENERIC!CAPCERSMDCL2_0402!CAPCERSMDCL2!CAPCERSMDCL2_0402-100NF,16V_GEN!CAPCERSMDCL2!CC0402_100NF_16V_10%_X7R!!YES!Preferred!
S!C6!CC0402_100NF_16V_10%_X7R!!YES!!!!!!!!10%!16V!100nF!0402!!SMD X7R Ceramic Capacitor!GENERIC!CAPCERSMDCL2_0402!CAPCERSMDCL2!CAPCERSMDCL2_0402-100NF,16V_GEN!CAPCERSMDCL2!CC0402_100NF_16V_10%_X7R!!YES!Preferred!
S!C4!CC0402_100NF_16V_10%_X7R!!YES!!!!!!!!10%!16V!100nF!0402!!SMD X7R Ceramic Capacitor!GENERIC!CAPCERSMDCL2_0402!CAPCERSMDCL2!CAPCERSMDCL2_0402-100NF,16V_GEN!CAPCERSMDCL2!CC0402_100NF_16V_10%_X7R!!YES!Preferred!
S!C38!CC0402_100NF_16V_10%_X7R!!!!!!!!!!10%!16V!100nF!0402!!SMD X7R Ceramic Capacitor!GENERIC!CAPCERSMDCL2_0402!CAPCERSMDCL2!CAPCERSMDCL2_0402-100NF,16V_GEN!CAPCERSMDCL2!CC0402_100NF_16V_10%_X7R!!YES!Preferred!
S!C46!CC0402_100NF_16V_10%_X7R!!!!!!!!!!10%!16V!100nF!0402!!SMD X7R Ceramic Capacitor!GENERIC!CAPCERSMDCL2_0402!CAPCERSMDCL2!CAPCERSMDCL2_0402-100NF,16V_GEN!CAPCERSMDCL2!CC0402_100NF_16V_10%_X7R!!YES!Preferred!
S!C45!CC0402_100NF_16V_10%_X7R!!!!!!!!!!10%!16V!100nF!0402!!SMD X7R Ceramic Capacitor!GENERIC!CAPCERSMDCL2_0402!CAPCERSMDCL2!CAPCERSMDCL2_0402-100NF,16V_GEN!CAPCERSMDCL2!CC0402_100NF_16V_10%_X7R!!YES!Preferred!
S!C107!CC0402_100NF_16V_10%_X7R!!YES!!!!!!!!10%!16V!100nF!0402!!SMD X7R Ceramic Capacitor!GENERIC!CAPCERSMDCL2_0402!CAPCERSMDCL2!CAPCERSMDCL2_0402-100NF,16V_GEN!CAPCERSMDCL2!CC0402_100NF_16V_10%_X7R!!YES!Preferred!
S!C13!CC0402_100NF_16V_10%_X7R!!!!!!!!!!10%!16V!100nF!0402!!SMD X7R Ceramic Capacitor!GENERIC!CAPCERSMDCL2_0402!CAPCERSMDCL2!CAPCERSMDCL2_0402-100NF,16V_GEN!CAPCERSMDCL2!CC0402_100NF_16V_10%_X7R!!YES!Preferred!
S!C14!CC0402_100NF_16V_10%_X7R!!!!!!!!!!10%!16V!100nF!0402!!SMD X7R Ceramic Capacitor!GENERIC!CAPCERSMDCL2_0402!CAPCERSMDCL2!CAPCERSMDCL2_0402-100NF,16V_GEN!CAPCERSMDCL2!CC0402_100NF_16V_10%_X7R!!YES!Preferred!
S!C16!CC0402_100NF_16V_10%_X7R!!YES!!!!!!!!10%!16V!100nF!0402!!SMD X7R Ceramic Capacitor!GENERIC!CAPCERSMDCL2_0402!CAPCERSMDCL2!CAPCERSMDCL2_0402-100NF,16V_GEN!CAPCERSMDCL2!CC0402_100NF_16V_10%_X7R!!YES!Preferred!
S!C18!CC0402_100NF_16V_10%_X7R!!YES!!!!!!!!10%!16V!100nF!0402!!SMD X7R Ceramic Capacitor!GENERIC!CAPCERSMDCL2_0402!CAPCERSMDCL2!CAPCERSMDCL2_0402-100NF,16V_GEN!CAPCERSMDCL2!CC0402_100NF_16V_10%_X7R!!YES!Preferred!
S!C15!CC0402_100NF_16V_10%_X7R!!YES!!!!!!!!10%!16V!100nF!0402!!SMD X7R Ceramic Capacitor!GENERIC!CAPCERSMDCL2_0402!CAPCERSMDCL2!CAPCERSMDCL2_0402-100NF,16V_GEN!CAPCERSMDCL2!CC0402_100NF_16V_10%_X7R!!YES!Preferred!
S!C33!CC0402_100NF_16V_10%_X7R!!YES!!!!!!!!10%!16V!100nF!0402!!SMD X7R Ceramic Capacitor!GENERIC!CAPCERSMDCL2_0402!CAPCERSMDCL2!CAPCERSMDCL2_0402-100NF,16V_GEN!CAPCERSMDCL2!CC0402_100NF_16V_10%_X7R!!YES!Preferred!
S!C36!CC0402_100NF_16V_10%_X7R!!YES!!!!!!!!10%!16V!100nF!0402!!SMD X7R Ceramic Capacitor!GENERIC!CAPCERSMDCL2_0402!CAPCERSMDCL2!CAPCERSMDCL2_0402-100NF,16V_GEN!CAPCERSMDCL2!CC0402_100NF_16V_10%_X7R!!YES!Preferred!
S!C40!CC0402_100NF_16V_10%_X7R!!YES!!!!!!!!10%!16V!100nF!0402!!SMD X7R Ceramic Capacitor!GENERIC!CAPCERSMDCL2_0402!CAPCERSMDCL2!CAPCERSMDCL2_0402-100NF,16V_GEN!CAPCERSMDCL2!CC0402_100NF_16V_10%_X7R!!YES!Preferred!
S!C29!CC0402_100NF_16V_10%_X7R!!YES!!!!!!!!10%!16V!100nF!0402!!SMD X7R Ceramic Capacitor!GENERIC!CAPCERSMDCL2_0402!CAPCERSMDCL2!CAPCERSMDCL2_0402-100NF,16V_GEN!CAPCERSMDCL2!CC0402_100NF_16V_10%_X7R!!YES!Preferred!
S!L2!LQH32CN4R7M23!!YES!!!!!!!!!!4.7uH!_!file://cern.ch/dfs/services/cdslib/datasheets/ind_murata_lqh32c.pdf!Chip Coils for Choke Wire Wound!MURATA!INDUCTANCE!INDUCTANCE!INDUCTANCE_LQH32C_23-4.7UH!INDUCTANCE!LQH32CN4R7M23!!YES!!
S!L1!LQH32CN4R7M23!!YES!!!!!!!!!!4.7uH!_!file://cern.ch/dfs/services/cdslib/datasheets/ind_murata_lqh32c.pdf!Chip Coils for Choke Wire Wound!MURATA!INDUCTANCE!INDUCTANCE!INDUCTANCE_LQH32C_23-4.7UH!INDUCTANCE!LQH32CN4R7M23!!YES!!
S!IC15!PCA9517DGKR!!YES!!!!!!!!!!!MSOP8!file://cern.ch/dfs/services/cdslib/datasheets/pca9517.pdf!Level-Translating I2C Bus Repeater!TEXAS INSTRUMENTS!PCA9517_MSOP!PCA9517!PCA9517DGKR!PCA9517!PCA9517DGKR!IC!YES!Preferred!
